------------------------------------
Now in UTC-6 Mexico City: 2025-08-31 23:00:01
Only integrate ['ITM', 'PRM'] files

~~~~~~~~~~~~~~~~~~~~~~~~~~~~~~~~~~~~
Store 02 starts

Found 15 pending items.
No pending files to integrate.
0 documents found in Bara DB.

~~~~~~~~~~~~~~~~~~~~~~~~~~~~~~~~~~~~
Store 03 starts

Found 15 pending items.
No pending files to integrate.
0 documents found in Bara DB.

------------------------------------
------------------------------------
Now in UTC-6 Mexico City: 2025-09-01 00:00:00
Only integrate ['ITM', 'PRM'] files

~~~~~~~~~~~~~~~~~~~~~~~~~~~~~~~~~~~~
Store 02 starts

Found 15 pending items.
Integrating 15 pending files...

pending files successfully integrated.
{'storeCode': '02', 'itemCount': 15}
0 documents found in Bara DB.

~~~~~~~~~~~~~~~~~~~~~~~~~~~~~~~~~~~~
Store 03 starts

Found 15 pending items.
Integrating 15 pending files...

pending files successfully integrated.
{'storeCode': '03', 'itemCount': 15}
0 documents found in Bara DB.

------------------------------------
------------------------------------
Now in UTC-6 Mexico City: 2025-09-01 01:00:01
Only integrate ['ITM', 'PRM'] files

~~~~~~~~~~~~~~~~~~~~~~~~~~~~~~~~~~~~
Store 02 starts

Found 0 pending items.
No pending files to integrate.
0 documents found in Bara DB.

~~~~~~~~~~~~~~~~~~~~~~~~~~~~~~~~~~~~
Store 03 starts

Found 0 pending items.
No pending files to integrate.
0 documents found in Bara DB.

------------------------------------
------------------------------------
Now in UTC-6 Mexico City: 2025-09-01 02:00:00
Only integrate ['ITM', 'PRM'] files

~~~~~~~~~~~~~~~~~~~~~~~~~~~~~~~~~~~~
Store 02 starts

Found 0 pending items.
No pending files to integrate.
0 documents found in Bara DB.

~~~~~~~~~~~~~~~~~~~~~~~~~~~~~~~~~~~~
Store 03 starts

Found 0 pending items.
No pending files to integrate.
0 documents found in Bara DB.

------------------------------------
------------------------------------
Now in UTC-6 Mexico City: 2025-09-01 03:00:01
Only integrate ['ITM', 'PRM'] files

~~~~~~~~~~~~~~~~~~~~~~~~~~~~~~~~~~~~
Store 02 starts

Found 0 pending items.
No pending files to integrate.
0 documents found in Bara DB.

~~~~~~~~~~~~~~~~~~~~~~~~~~~~~~~~~~~~
Store 03 starts

Found 0 pending items.
No pending files to integrate.
0 documents found in Bara DB.

------------------------------------
------------------------------------
Now in UTC-6 Mexico City: 2025-09-01 04:00:01
Only integrate ['ITM', 'PRM'] files

~~~~~~~~~~~~~~~~~~~~~~~~~~~~~~~~~~~~
Store 02 starts

Found 0 pending items.
No pending files to integrate.
0 documents found in Bara DB.

~~~~~~~~~~~~~~~~~~~~~~~~~~~~~~~~~~~~
Store 03 starts

Found 0 pending items.
No pending files to integrate.
0 documents found in Bara DB.

------------------------------------
------------------------------------
Now in UTC-6 Mexico City: 2025-09-01 05:00:00
Only integrate ['ITM', 'PRM'] files

~~~~~~~~~~~~~~~~~~~~~~~~~~~~~~~~~~~~
Store 02 starts

Found 0 pending items.
No pending files to integrate.
0 documents found in Bara DB.

~~~~~~~~~~~~~~~~~~~~~~~~~~~~~~~~~~~~
Store 03 starts

Found 0 pending items.
No pending files to integrate.
0 documents found in Bara DB.

------------------------------------
------------------------------------
Now in UTC-6 Mexico City: 2025-09-01 06:00:00
Only integrate ['ITM', 'PRM'] files

~~~~~~~~~~~~~~~~~~~~~~~~~~~~~~~~~~~~
Store 02 starts

Found 0 pending items.
No pending files to integrate.
0 documents found in Bara DB.

~~~~~~~~~~~~~~~~~~~~~~~~~~~~~~~~~~~~
Store 03 starts

Found 0 pending items.
No pending files to integrate.
0 documents found in Bara DB.

------------------------------------
------------------------------------
Now in UTC-6 Mexico City: 2025-09-01 07:00:01
Only integrate ['ITM', 'PRM'] files

~~~~~~~~~~~~~~~~~~~~~~~~~~~~~~~~~~~~
Store 02 starts

Found 0 pending items.
No pending files to integrate.
0 documents found in Bara DB.

~~~~~~~~~~~~~~~~~~~~~~~~~~~~~~~~~~~~
Store 03 starts

Found 0 pending items.
No pending files to integrate.
0 documents found in Bara DB.

------------------------------------
------------------------------------
Now in UTC-6 Mexico City: 2025-09-01 08:00:00
Only integrate ['ITM', 'PRM'] files

~~~~~~~~~~~~~~~~~~~~~~~~~~~~~~~~~~~~
Store 02 starts

Found 0 pending items.
No pending files to integrate.
0 documents found in Bara DB.

~~~~~~~~~~~~~~~~~~~~~~~~~~~~~~~~~~~~
Store 03 starts

Found 0 pending items.
No pending files to integrate.
0 documents found in Bara DB.

------------------------------------
------------------------------------
Now in UTC-6 Mexico City: 2025-09-01 09:00:00
Only integrate ['ITM', 'PRM'] files

~~~~~~~~~~~~~~~~~~~~~~~~~~~~~~~~~~~~
Store 02 starts

Found 0 pending items.
No pending files to integrate.
0 documents found in Bara DB.

~~~~~~~~~~~~~~~~~~~~~~~~~~~~~~~~~~~~
Store 03 starts

Found 0 pending items.
No pending files to integrate.
0 documents found in Bara DB.

------------------------------------
------------------------------------
Now in UTC-6 Mexico City: 2025-09-01 10:00:01
Only integrate ['ITM', 'PRM'] files

~~~~~~~~~~~~~~~~~~~~~~~~~~~~~~~~~~~~
Store 02 starts

Found 0 pending items.
No pending files to integrate.
0 documents found in Bara DB.

~~~~~~~~~~~~~~~~~~~~~~~~~~~~~~~~~~~~
Store 03 starts

Found 0 pending items.
No pending files to integrate.
0 documents found in Bara DB.

------------------------------------
------------------------------------
Now in UTC-6 Mexico City: 2025-09-01 11:00:00
Only integrate ['ITM', 'PRM'] files

~~~~~~~~~~~~~~~~~~~~~~~~~~~~~~~~~~~~
Store 02 starts

Found 0 pending items.
No pending files to integrate.
1 documents found in Bara DB.

ITM12NEO52DUG250901100416.json

Document names going to integrate: ['ITM12NEO52DUG250901100416.json.gz']

Downloading ITM12NEO52DUG250901100416.json.gz...
✓ Successfully downloaded ITM12NEO52DUG250901100416.json.gz
⚠ ITM12NEO52DUG250901100416.json - No valid items to process, marked as processed
~~~~~~~~~~~~~~~~~~~~~~~~~~~~~~~~~~~~
Store 03 starts

Found 0 pending items.
No pending files to integrate.
1 documents found in Bara DB.

ITM12NEO52RSW250901100349.json

Document names going to integrate: ['ITM12NEO52RSW250901100349.json.gz']

Downloading ITM12NEO52RSW250901100349.json.gz...
✓ Successfully downloaded ITM12NEO52RSW250901100349.json.gz
⚠ ITM12NEO52RSW250901100349.json - No valid items to process, marked as processed
------------------------------------
------------------------------------
Now in UTC-6 Mexico City: 2025-09-01 12:00:00
Only integrate ['ITM', 'PRM'] files

~~~~~~~~~~~~~~~~~~~~~~~~~~~~~~~~~~~~
Store 02 starts

Found 0 pending items.
No pending files to integrate.
0 documents found in Bara DB.

~~~~~~~~~~~~~~~~~~~~~~~~~~~~~~~~~~~~
Store 03 starts

Found 0 pending items.
No pending files to integrate.
0 documents found in Bara DB.

------------------------------------
------------------------------------
Now in UTC-6 Mexico City: 2025-09-01 13:00:01
Only integrate ['ITM', 'PRM'] files

~~~~~~~~~~~~~~~~~~~~~~~~~~~~~~~~~~~~
Store 02 starts

Found 0 pending items.
No pending files to integrate.
0 documents found in Bara DB.

~~~~~~~~~~~~~~~~~~~~~~~~~~~~~~~~~~~~
Store 03 starts

Found 0 pending items.
No pending files to integrate.
0 documents found in Bara DB.

------------------------------------
------------------------------------
Now in UTC-6 Mexico City: 2025-09-01 14:00:00
Only integrate ['ITM', 'PRM'] files

~~~~~~~~~~~~~~~~~~~~~~~~~~~~~~~~~~~~
Store 02 starts

Found 0 pending items.
No pending files to integrate.
0 documents found in Bara DB.

~~~~~~~~~~~~~~~~~~~~~~~~~~~~~~~~~~~~
Store 03 starts

Found 0 pending items.
No pending files to integrate.
0 documents found in Bara DB.

------------------------------------
------------------------------------
Now in UTC-6 Mexico City: 2025-09-01 15:00:01
Only integrate ['ITM', 'PRM'] files

~~~~~~~~~~~~~~~~~~~~~~~~~~~~~~~~~~~~
Store 02 starts

Found 0 pending items.
No pending files to integrate.
0 documents found in Bara DB.

~~~~~~~~~~~~~~~~~~~~~~~~~~~~~~~~~~~~
Store 03 starts

Found 0 pending items.
No pending files to integrate.
0 documents found in Bara DB.

------------------------------------
------------------------------------
Now in UTC-6 Mexico City: 2025-09-01 16:00:00
Only integrate ['ITM', 'PRM'] files

~~~~~~~~~~~~~~~~~~~~~~~~~~~~~~~~~~~~
Store 02 starts

Found 0 pending items.
No pending files to integrate.
0 documents found in Bara DB.

~~~~~~~~~~~~~~~~~~~~~~~~~~~~~~~~~~~~
Store 03 starts

Found 0 pending items.
No pending files to integrate.
0 documents found in Bara DB.

------------------------------------
------------------------------------
Now in UTC-6 Mexico City: 2025-09-01 17:00:00
Only integrate ['ITM', 'PRM'] files

~~~~~~~~~~~~~~~~~~~~~~~~~~~~~~~~~~~~
Store 02 starts

Found 0 pending items.
No pending files to integrate.
0 documents found in Bara DB.

~~~~~~~~~~~~~~~~~~~~~~~~~~~~~~~~~~~~
Store 03 starts

Found 0 pending items.
No pending files to integrate.
0 documents found in Bara DB.

------------------------------------
------------------------------------
Now in UTC-6 Mexico City: 2025-09-01 18:00:01
Only integrate ['ITM', 'PRM'] files

~~~~~~~~~~~~~~~~~~~~~~~~~~~~~~~~~~~~
Store 02 starts

Found 0 pending items.
No pending files to integrate.
0 documents found in Bara DB.

~~~~~~~~~~~~~~~~~~~~~~~~~~~~~~~~~~~~
Store 03 starts

Found 0 pending items.
No pending files to integrate.
0 documents found in Bara DB.

------------------------------------
------------------------------------
Now in UTC-6 Mexico City: 2025-09-01 19:00:00
Only integrate ['ITM', 'PRM'] files

~~~~~~~~~~~~~~~~~~~~~~~~~~~~~~~~~~~~
Store 02 starts

Found 0 pending items.
No pending files to integrate.
0 documents found in Bara DB.

~~~~~~~~~~~~~~~~~~~~~~~~~~~~~~~~~~~~
Store 03 starts

Found 0 pending items.
No pending files to integrate.
0 documents found in Bara DB.

------------------------------------
------------------------------------
Now in UTC-6 Mexico City: 2025-09-01 20:00:00
Only integrate ['ITM', 'PRM'] files

~~~~~~~~~~~~~~~~~~~~~~~~~~~~~~~~~~~~
Store 02 starts

Found 0 pending items.
No pending files to integrate.
0 documents found in Bara DB.

~~~~~~~~~~~~~~~~~~~~~~~~~~~~~~~~~~~~
Store 03 starts

Found 0 pending items.
No pending files to integrate.
0 documents found in Bara DB.

------------------------------------
------------------------------------
Now in UTC-6 Mexico City: 2025-09-01 21:00:00
Only integrate ['ITM', 'PRM'] files

~~~~~~~~~~~~~~~~~~~~~~~~~~~~~~~~~~~~
Store 02 starts

Found 0 pending items.
No pending files to integrate.
0 documents found in Bara DB.

~~~~~~~~~~~~~~~~~~~~~~~~~~~~~~~~~~~~
Store 03 starts

Found 0 pending items.
No pending files to integrate.
0 documents found in Bara DB.

------------------------------------
------------------------------------
Now in UTC-6 Mexico City: 2025-09-01 22:00:00
Only integrate ['ITM', 'PRM'] files

~~~~~~~~~~~~~~~~~~~~~~~~~~~~~~~~~~~~
Store 02 starts

Found 0 pending items.
No pending files to integrate.
1 documents found in Bara DB.

ITM12NEO52DUG250901214303.json

Document names going to integrate: ['ITM12NEO52DUG250901214303.json.gz']

Downloading ITM12NEO52DUG250901214303.json.gz...
✓ Successfully downloaded ITM12NEO52DUG250901214303.json.gz
Item 7501954903803 is not ready to change price. 2025/09/02 is in the future.
⚠ ITM12NEO52DUG250901214303.json - No valid items to process, marked as processed
~~~~~~~~~~~~~~~~~~~~~~~~~~~~~~~~~~~~
Store 03 starts

Found 0 pending items.
No pending files to integrate.
1 documents found in Bara DB.

ITM12NEO52RSW250901214238.json

Document names going to integrate: ['ITM12NEO52RSW250901214238.json.gz']

Downloading ITM12NEO52RSW250901214238.json.gz...
✓ Successfully downloaded ITM12NEO52RSW250901214238.json.gz
Item 7501954903803 is not ready to change price. 2025/09/02 is in the future.
⚠ ITM12NEO52RSW250901214238.json - No valid items to process, marked as processed
------------------------------------
