------------------------------------
Now in UTC-6 Mexico City: 2025-09-04 23:00:00
Only integrate ['ITM', 'PRM'] files

~~~~~~~~~~~~~~~~~~~~~~~~~~~~~~~~~~~~
Store 02 starts

Found 12 pending items.
No pending files to integrate.
0 documents found in Bara DB.

~~~~~~~~~~~~~~~~~~~~~~~~~~~~~~~~~~~~
Store 03 starts

Found 12 pending items.
No pending files to integrate.
0 documents found in Bara DB.

------------------------------------
------------------------------------
Now in UTC-6 Mexico City: 2025-09-05 00:00:00
Only integrate ['ITM', 'PRM'] files

~~~~~~~~~~~~~~~~~~~~~~~~~~~~~~~~~~~~
Store 02 starts

Found 12 pending items.
Integrating 12 pending files...

pending files successfully integrated.
{'storeCode': '02', 'itemCount': 12}
0 documents found in Bara DB.

~~~~~~~~~~~~~~~~~~~~~~~~~~~~~~~~~~~~
Store 03 starts

Found 12 pending items.
Integrating 12 pending files...

pending files successfully integrated.
{'storeCode': '03', 'itemCount': 12}
0 documents found in Bara DB.

------------------------------------
------------------------------------
Now in UTC-6 Mexico City: 2025-09-05 01:00:00
Only integrate ['ITM', 'PRM'] files

~~~~~~~~~~~~~~~~~~~~~~~~~~~~~~~~~~~~
Store 02 starts

Found 0 pending items.
No pending files to integrate.
0 documents found in Bara DB.

~~~~~~~~~~~~~~~~~~~~~~~~~~~~~~~~~~~~
Store 03 starts

Found 0 pending items.
No pending files to integrate.
0 documents found in Bara DB.

------------------------------------
------------------------------------
Now in UTC-6 Mexico City: 2025-09-05 02:00:00
Only integrate ['ITM', 'PRM'] files

~~~~~~~~~~~~~~~~~~~~~~~~~~~~~~~~~~~~
Store 02 starts

Found 0 pending items.
No pending files to integrate.
0 documents found in Bara DB.

~~~~~~~~~~~~~~~~~~~~~~~~~~~~~~~~~~~~
Store 03 starts

Found 0 pending items.
No pending files to integrate.
0 documents found in Bara DB.

------------------------------------
------------------------------------
Now in UTC-6 Mexico City: 2025-09-05 03:00:00
Only integrate ['ITM', 'PRM'] files

~~~~~~~~~~~~~~~~~~~~~~~~~~~~~~~~~~~~
Store 02 starts

Found 0 pending items.
No pending files to integrate.
0 documents found in Bara DB.

~~~~~~~~~~~~~~~~~~~~~~~~~~~~~~~~~~~~
Store 03 starts

Found 0 pending items.
No pending files to integrate.
0 documents found in Bara DB.

------------------------------------
------------------------------------
Now in UTC-6 Mexico City: 2025-09-05 04:00:00
Only integrate ['ITM', 'PRM'] files

~~~~~~~~~~~~~~~~~~~~~~~~~~~~~~~~~~~~
Store 02 starts

Found 0 pending items.
No pending files to integrate.
0 documents found in Bara DB.

~~~~~~~~~~~~~~~~~~~~~~~~~~~~~~~~~~~~
Store 03 starts

Found 0 pending items.
No pending files to integrate.
0 documents found in Bara DB.

------------------------------------
------------------------------------
Now in UTC-6 Mexico City: 2025-09-05 05:00:00
Only integrate ['ITM', 'PRM'] files

~~~~~~~~~~~~~~~~~~~~~~~~~~~~~~~~~~~~
Store 02 starts

Found 0 pending items.
No pending files to integrate.
0 documents found in Bara DB.

~~~~~~~~~~~~~~~~~~~~~~~~~~~~~~~~~~~~
Store 03 starts

Found 0 pending items.
No pending files to integrate.
0 documents found in Bara DB.

------------------------------------
------------------------------------
Now in UTC-6 Mexico City: 2025-09-05 06:00:01
Only integrate ['ITM', 'PRM'] files

~~~~~~~~~~~~~~~~~~~~~~~~~~~~~~~~~~~~
Store 02 starts

Found 0 pending items.
No pending files to integrate.
0 documents found in Bara DB.

~~~~~~~~~~~~~~~~~~~~~~~~~~~~~~~~~~~~
Store 03 starts

Found 0 pending items.
No pending files to integrate.
0 documents found in Bara DB.

------------------------------------
------------------------------------
Now in UTC-6 Mexico City: 2025-09-05 07:00:01
Only integrate ['ITM', 'PRM'] files

~~~~~~~~~~~~~~~~~~~~~~~~~~~~~~~~~~~~
Store 02 starts

Found 0 pending items.
No pending files to integrate.
0 documents found in Bara DB.

~~~~~~~~~~~~~~~~~~~~~~~~~~~~~~~~~~~~
Store 03 starts

Found 0 pending items.
No pending files to integrate.
0 documents found in Bara DB.

------------------------------------
------------------------------------
Now in UTC-6 Mexico City: 2025-09-05 08:00:01
Only integrate ['ITM', 'PRM'] files

~~~~~~~~~~~~~~~~~~~~~~~~~~~~~~~~~~~~
Store 02 starts

Found 0 pending items.
No pending files to integrate.
0 documents found in Bara DB.

~~~~~~~~~~~~~~~~~~~~~~~~~~~~~~~~~~~~
Store 03 starts

Found 0 pending items.
No pending files to integrate.
0 documents found in Bara DB.

------------------------------------
------------------------------------
Now in UTC-6 Mexico City: 2025-09-05 09:00:00
Only integrate ['ITM', 'PRM'] files

~~~~~~~~~~~~~~~~~~~~~~~~~~~~~~~~~~~~
Store 02 starts

Found 0 pending items.
No pending files to integrate.
0 documents found in Bara DB.

~~~~~~~~~~~~~~~~~~~~~~~~~~~~~~~~~~~~
Store 03 starts

Found 0 pending items.
No pending files to integrate.
0 documents found in Bara DB.

------------------------------------
------------------------------------
Now in UTC-6 Mexico City: 2025-09-05 10:00:01
Only integrate ['ITM', 'PRM'] files

~~~~~~~~~~~~~~~~~~~~~~~~~~~~~~~~~~~~
Store 02 starts

Found 0 pending items.
No pending files to integrate.
0 documents found in Bara DB.

~~~~~~~~~~~~~~~~~~~~~~~~~~~~~~~~~~~~
Store 03 starts

Found 0 pending items.
No pending files to integrate.
0 documents found in Bara DB.

------------------------------------
------------------------------------
Now in UTC-6 Mexico City: 2025-09-05 11:00:00
Only integrate ['ITM', 'PRM'] files

~~~~~~~~~~~~~~~~~~~~~~~~~~~~~~~~~~~~
Store 02 starts

Found 0 pending items.
No pending files to integrate.
0 documents found in Bara DB.

~~~~~~~~~~~~~~~~~~~~~~~~~~~~~~~~~~~~
Store 03 starts

Found 0 pending items.
No pending files to integrate.
0 documents found in Bara DB.

------------------------------------
------------------------------------
Now in UTC-6 Mexico City: 2025-09-05 12:00:01
Only integrate ['ITM', 'PRM'] files

~~~~~~~~~~~~~~~~~~~~~~~~~~~~~~~~~~~~
Store 02 starts

Found 0 pending items.
No pending files to integrate.
0 documents found in Bara DB.

~~~~~~~~~~~~~~~~~~~~~~~~~~~~~~~~~~~~
Store 03 starts

Found 0 pending items.
No pending files to integrate.
0 documents found in Bara DB.

------------------------------------
------------------------------------
Now in UTC-6 Mexico City: 2025-09-05 13:00:01
Only integrate ['ITM', 'PRM'] files

~~~~~~~~~~~~~~~~~~~~~~~~~~~~~~~~~~~~
Store 02 starts

Found 0 pending items.
No pending files to integrate.
0 documents found in Bara DB.

~~~~~~~~~~~~~~~~~~~~~~~~~~~~~~~~~~~~
Store 03 starts

Found 0 pending items.
No pending files to integrate.
0 documents found in Bara DB.

------------------------------------
------------------------------------
Now in UTC-6 Mexico City: 2025-09-05 14:00:00
Only integrate ['ITM', 'PRM'] files

~~~~~~~~~~~~~~~~~~~~~~~~~~~~~~~~~~~~
Store 02 starts

Found 0 pending items.
No pending files to integrate.
0 documents found in Bara DB.

~~~~~~~~~~~~~~~~~~~~~~~~~~~~~~~~~~~~
Store 03 starts

Found 0 pending items.
No pending files to integrate.
0 documents found in Bara DB.

------------------------------------
------------------------------------
Now in UTC-6 Mexico City: 2025-09-05 15:00:01
Only integrate ['ITM', 'PRM'] files

~~~~~~~~~~~~~~~~~~~~~~~~~~~~~~~~~~~~
Store 02 starts

Found 0 pending items.
No pending files to integrate.
0 documents found in Bara DB.

~~~~~~~~~~~~~~~~~~~~~~~~~~~~~~~~~~~~
Store 03 starts

Found 0 pending items.
No pending files to integrate.
0 documents found in Bara DB.

------------------------------------
------------------------------------
Now in UTC-6 Mexico City: 2025-09-05 16:00:00
Only integrate ['ITM', 'PRM'] files

~~~~~~~~~~~~~~~~~~~~~~~~~~~~~~~~~~~~
Store 02 starts

Found 0 pending items.
No pending files to integrate.
1 documents found in Bara DB.

ITM12NEO52DUG250905154159.json

Document names going to integrate: ['ITM12NEO52DUG250905154159.json.gz']

Downloading ITM12NEO52DUG250905154159.json.gz...
✓ Successfully downloaded ITM12NEO52DUG250905154159.json.gz
⚠ ITM12NEO52DUG250905154159.json - No valid items to process, marked as processed
~~~~~~~~~~~~~~~~~~~~~~~~~~~~~~~~~~~~
Store 03 starts

Found 0 pending items.
No pending files to integrate.
1 documents found in Bara DB.

ITM12NEO52RSW250905154131.json

Document names going to integrate: ['ITM12NEO52RSW250905154131.json.gz']

Downloading ITM12NEO52RSW250905154131.json.gz...
✓ Successfully downloaded ITM12NEO52RSW250905154131.json.gz
⚠ ITM12NEO52RSW250905154131.json - No valid items to process, marked as processed
------------------------------------
------------------------------------
Now in UTC-6 Mexico City: 2025-09-05 17:00:01
Only integrate ['ITM', 'PRM'] files

~~~~~~~~~~~~~~~~~~~~~~~~~~~~~~~~~~~~
Store 02 starts

Found 0 pending items.
No pending files to integrate.
0 documents found in Bara DB.

~~~~~~~~~~~~~~~~~~~~~~~~~~~~~~~~~~~~
Store 03 starts

Found 0 pending items.
No pending files to integrate.
0 documents found in Bara DB.

------------------------------------
------------------------------------
Now in UTC-6 Mexico City: 2025-09-05 18:00:01
Only integrate ['ITM', 'PRM'] files

~~~~~~~~~~~~~~~~~~~~~~~~~~~~~~~~~~~~
Store 02 starts

Found 0 pending items.
No pending files to integrate.
1 documents found in Bara DB.

ITM12NEO52DUG250905175935.json

Document names going to integrate: ['ITM12NEO52DUG250905175935.json.gz']

Downloading ITM12NEO52DUG250905175935.json.gz...
✓ Successfully downloaded ITM12NEO52DUG250905175935.json.gz
Item 7500383156613 is not ready to change price. 2025/09/06 is in the future.
Item 7500383156620 is not ready to change price. 2025/09/06 is in the future.
Item 7501055356263 is not ready to change price. 2025/09/06 is in the future.
Item 7501072220875 is not ready to change price. 2025/09/06 is in the future.
Item 7501072220899 is not ready to change price. 2025/09/06 is in the future.
Item 7501072220912 is not ready to change price. 2025/09/06 is in the future.
Item 7502247545014 is not ready to change price. 2025/09/06 is in the future.
Item 7502254755710 is not ready to change price. 2025/09/06 is in the future.
Item 7502254756168 is not ready to change price. 2025/09/06 is in the future.
Item 7502254756281 is not ready to change price. 2025/09/06 is in the future.
Item 7502254756304 is not ready to change price. 2025/09/06 is in the future.
Item 7502254756526 is not ready to change price. 2025/09/06 is in the future.
Item 7502254756540 is not ready to change price. 2025/09/06 is in the future.
Item 7502271159591 is not ready to change price. 2025/09/06 is in the future.
Item 7502294226850 is not ready to change price. 2025/09/06 is in the future.
Item 7502294227512 is not ready to change price. 2025/09/06 is in the future.
Item 7502294227529 is not ready to change price. 2025/09/06 is in the future.
Item 7502294228526 is not ready to change price. 2025/09/06 is in the future.
Item 7502294228540 is not ready to change price. 2025/09/06 is in the future.
Item 7502294228557 is not ready to change price. 2025/09/06 is in the future.
Item 7502294228564 is not ready to change price. 2025/09/06 is in the future.
Item 7506031577281 is not ready to change price. 2025/09/06 is in the future.
Item 7506031577649 is not ready to change price. 2025/09/06 is in the future.
Item 7506031577656 is not ready to change price. 2025/09/06 is in the future.
Item 7506245165236 is not ready to change price. 2025/09/06 is in the future.
⚠ ITM12NEO52DUG250905175935.json - No valid items to process, marked as processed
~~~~~~~~~~~~~~~~~~~~~~~~~~~~~~~~~~~~
Store 03 starts

Found 0 pending items.
No pending files to integrate.
1 documents found in Bara DB.

ITM12NEO52RSW250905175933.json

Document names going to integrate: ['ITM12NEO52RSW250905175933.json.gz']

Downloading ITM12NEO52RSW250905175933.json.gz...
✓ Successfully downloaded ITM12NEO52RSW250905175933.json.gz
Item 7500383156613 is not ready to change price. 2025/09/06 is in the future.
Item 7500383156620 is not ready to change price. 2025/09/06 is in the future.
Item 7501055356263 is not ready to change price. 2025/09/06 is in the future.
Item 7501072220875 is not ready to change price. 2025/09/06 is in the future.
Item 7501072220899 is not ready to change price. 2025/09/06 is in the future.
Item 7501072220912 is not ready to change price. 2025/09/06 is in the future.
Item 7502247545014 is not ready to change price. 2025/09/06 is in the future.
Item 7502254755710 is not ready to change price. 2025/09/06 is in the future.
Item 7502254756168 is not ready to change price. 2025/09/06 is in the future.
Item 7502254756281 is not ready to change price. 2025/09/06 is in the future.
Item 7502254756304 is not ready to change price. 2025/09/06 is in the future.
Item 7502254756526 is not ready to change price. 2025/09/06 is in the future.
Item 7502254756540 is not ready to change price. 2025/09/06 is in the future.
Item 7502271159591 is not ready to change price. 2025/09/06 is in the future.
Item 7502294226850 is not ready to change price. 2025/09/06 is in the future.
Item 7502294227512 is not ready to change price. 2025/09/06 is in the future.
Item 7502294227529 is not ready to change price. 2025/09/06 is in the future.
Item 7502294228526 is not ready to change price. 2025/09/06 is in the future.
Item 7502294228540 is not ready to change price. 2025/09/06 is in the future.
Item 7502294228557 is not ready to change price. 2025/09/06 is in the future.
Item 7502294228564 is not ready to change price. 2025/09/06 is in the future.
Item 7506031577281 is not ready to change price. 2025/09/06 is in the future.
Item 7506031577649 is not ready to change price. 2025/09/06 is in the future.
Item 7506031577656 is not ready to change price. 2025/09/06 is in the future.
Item 7506245165236 is not ready to change price. 2025/09/06 is in the future.
⚠ ITM12NEO52RSW250905175933.json - No valid items to process, marked as processed
------------------------------------
------------------------------------
Now in UTC-6 Mexico City: 2025-09-05 19:00:01
Only integrate ['ITM', 'PRM'] files

~~~~~~~~~~~~~~~~~~~~~~~~~~~~~~~~~~~~
Store 02 starts

Found 25 pending items.
No pending files to integrate.
0 documents found in Bara DB.

~~~~~~~~~~~~~~~~~~~~~~~~~~~~~~~~~~~~
Store 03 starts

Found 25 pending items.
No pending files to integrate.
0 documents found in Bara DB.

------------------------------------
------------------------------------
Now in UTC-6 Mexico City: 2025-09-05 20:00:00
Only integrate ['ITM', 'PRM'] files

~~~~~~~~~~~~~~~~~~~~~~~~~~~~~~~~~~~~
Store 02 starts

Found 25 pending items.
No pending files to integrate.
0 documents found in Bara DB.

~~~~~~~~~~~~~~~~~~~~~~~~~~~~~~~~~~~~
Store 03 starts

Found 25 pending items.
No pending files to integrate.
0 documents found in Bara DB.

------------------------------------
------------------------------------
Now in UTC-6 Mexico City: 2025-09-05 21:00:01
Only integrate ['ITM', 'PRM'] files

~~~~~~~~~~~~~~~~~~~~~~~~~~~~~~~~~~~~
Store 02 starts

Found 25 pending items.
No pending files to integrate.
0 documents found in Bara DB.

~~~~~~~~~~~~~~~~~~~~~~~~~~~~~~~~~~~~
Store 03 starts

Found 25 pending items.
No pending files to integrate.
0 documents found in Bara DB.

------------------------------------
------------------------------------
Now in UTC-6 Mexico City: 2025-09-05 22:00:00
Only integrate ['ITM', 'PRM'] files

~~~~~~~~~~~~~~~~~~~~~~~~~~~~~~~~~~~~
Store 02 starts

Found 25 pending items.
No pending files to integrate.
1 documents found in Bara DB.

ITM12NEO52DUG250905214532.json

Document names going to integrate: ['ITM12NEO52DUG250905214532.json.gz']

Downloading ITM12NEO52DUG250905214532.json.gz...
✓ Successfully downloaded ITM12NEO52DUG250905214532.json.gz
Item 7502294222746 is not ready to change price. 2025/09/06 is in the future.
Item 7622202231742 is not ready to change price. 2025/09/06 is in the future.
⚠ ITM12NEO52DUG250905214532.json - No valid items to process, marked as processed
~~~~~~~~~~~~~~~~~~~~~~~~~~~~~~~~~~~~
Store 03 starts

Found 25 pending items.
No pending files to integrate.
1 documents found in Bara DB.

ITM12NEO52RSW250905214509.json

Document names going to integrate: ['ITM12NEO52RSW250905214509.json.gz']

Downloading ITM12NEO52RSW250905214509.json.gz...
✓ Successfully downloaded ITM12NEO52RSW250905214509.json.gz
Item 7502294222746 is not ready to change price. 2025/09/06 is in the future.
Item 7622202231742 is not ready to change price. 2025/09/06 is in the future.
⚠ ITM12NEO52RSW250905214509.json - No valid items to process, marked as processed
------------------------------------
