------------------------------------
Now in UTC-6 Mexico City: 2025-09-07 23:00:00
Only integrate ['ITM', 'PRM'] files

~~~~~~~~~~~~~~~~~~~~~~~~~~~~~~~~~~~~
Store 02 starts

Found 0 pending items.
No pending files to integrate.
0 documents found in Bara DB.

~~~~~~~~~~~~~~~~~~~~~~~~~~~~~~~~~~~~
Store 03 starts

Found 0 pending items.
No pending files to integrate.
0 documents found in Bara DB.

------------------------------------
------------------------------------
Now in UTC-6 Mexico City: 2025-09-08 00:00:00
Only integrate ['ITM', 'PRM'] files

~~~~~~~~~~~~~~~~~~~~~~~~~~~~~~~~~~~~
Store 02 starts

Found 0 pending items.
No pending files to integrate.
0 documents found in Bara DB.

~~~~~~~~~~~~~~~~~~~~~~~~~~~~~~~~~~~~
Store 03 starts

Found 0 pending items.
No pending files to integrate.
0 documents found in Bara DB.

------------------------------------
------------------------------------
Now in UTC-6 Mexico City: 2025-09-08 01:00:00
Only integrate ['ITM', 'PRM'] files

~~~~~~~~~~~~~~~~~~~~~~~~~~~~~~~~~~~~
Store 02 starts

Found 0 pending items.
No pending files to integrate.
0 documents found in Bara DB.

~~~~~~~~~~~~~~~~~~~~~~~~~~~~~~~~~~~~
Store 03 starts

Found 0 pending items.
No pending files to integrate.
0 documents found in Bara DB.

------------------------------------
------------------------------------
Now in UTC-6 Mexico City: 2025-09-08 02:00:00
Only integrate ['ITM', 'PRM'] files

~~~~~~~~~~~~~~~~~~~~~~~~~~~~~~~~~~~~
Store 02 starts

Found 0 pending items.
No pending files to integrate.
0 documents found in Bara DB.

~~~~~~~~~~~~~~~~~~~~~~~~~~~~~~~~~~~~
Store 03 starts

Found 0 pending items.
No pending files to integrate.
0 documents found in Bara DB.

------------------------------------
------------------------------------
Now in UTC-6 Mexico City: 2025-09-08 03:00:01
Only integrate ['ITM', 'PRM'] files

~~~~~~~~~~~~~~~~~~~~~~~~~~~~~~~~~~~~
Store 02 starts

Found 0 pending items.
No pending files to integrate.
0 documents found in Bara DB.

~~~~~~~~~~~~~~~~~~~~~~~~~~~~~~~~~~~~
Store 03 starts

Found 0 pending items.
No pending files to integrate.
0 documents found in Bara DB.

------------------------------------
------------------------------------
Now in UTC-6 Mexico City: 2025-09-08 04:00:01
Only integrate ['ITM', 'PRM'] files

~~~~~~~~~~~~~~~~~~~~~~~~~~~~~~~~~~~~
Store 02 starts

Found 0 pending items.
No pending files to integrate.
0 documents found in Bara DB.

~~~~~~~~~~~~~~~~~~~~~~~~~~~~~~~~~~~~
Store 03 starts

Found 0 pending items.
No pending files to integrate.
0 documents found in Bara DB.

------------------------------------
------------------------------------
Now in UTC-6 Mexico City: 2025-09-08 05:00:01
Only integrate ['ITM', 'PRM'] files

~~~~~~~~~~~~~~~~~~~~~~~~~~~~~~~~~~~~
Store 02 starts

Found 0 pending items.
No pending files to integrate.
0 documents found in Bara DB.

~~~~~~~~~~~~~~~~~~~~~~~~~~~~~~~~~~~~
Store 03 starts

Found 0 pending items.
No pending files to integrate.
0 documents found in Bara DB.

------------------------------------
------------------------------------
Now in UTC-6 Mexico City: 2025-09-08 06:00:00
Only integrate ['ITM', 'PRM'] files

~~~~~~~~~~~~~~~~~~~~~~~~~~~~~~~~~~~~
Store 02 starts

Found 0 pending items.
No pending files to integrate.
0 documents found in Bara DB.

~~~~~~~~~~~~~~~~~~~~~~~~~~~~~~~~~~~~
Store 03 starts

Found 0 pending items.
No pending files to integrate.
0 documents found in Bara DB.

------------------------------------
------------------------------------
Now in UTC-6 Mexico City: 2025-09-08 07:00:01
Only integrate ['ITM', 'PRM'] files

~~~~~~~~~~~~~~~~~~~~~~~~~~~~~~~~~~~~
Store 02 starts

Found 0 pending items.
No pending files to integrate.
0 documents found in Bara DB.

~~~~~~~~~~~~~~~~~~~~~~~~~~~~~~~~~~~~
Store 03 starts

Found 0 pending items.
No pending files to integrate.
0 documents found in Bara DB.

------------------------------------
------------------------------------
Now in UTC-6 Mexico City: 2025-09-08 08:00:00
Only integrate ['ITM', 'PRM'] files

~~~~~~~~~~~~~~~~~~~~~~~~~~~~~~~~~~~~
Store 02 starts

Found 0 pending items.
No pending files to integrate.
0 documents found in Bara DB.

~~~~~~~~~~~~~~~~~~~~~~~~~~~~~~~~~~~~
Store 03 starts

Found 0 pending items.
No pending files to integrate.
0 documents found in Bara DB.

------------------------------------
------------------------------------
Now in UTC-6 Mexico City: 2025-09-08 09:00:00
Only integrate ['ITM', 'PRM'] files

~~~~~~~~~~~~~~~~~~~~~~~~~~~~~~~~~~~~
Store 02 starts

Found 0 pending items.
No pending files to integrate.
0 documents found in Bara DB.

~~~~~~~~~~~~~~~~~~~~~~~~~~~~~~~~~~~~
Store 03 starts

Found 0 pending items.
No pending files to integrate.
0 documents found in Bara DB.

------------------------------------
------------------------------------
Now in UTC-6 Mexico City: 2025-09-08 10:00:01
Only integrate ['ITM', 'PRM'] files

~~~~~~~~~~~~~~~~~~~~~~~~~~~~~~~~~~~~
Store 02 starts

Found 0 pending items.
No pending files to integrate.
0 documents found in Bara DB.

~~~~~~~~~~~~~~~~~~~~~~~~~~~~~~~~~~~~
Store 03 starts

Found 0 pending items.
No pending files to integrate.
0 documents found in Bara DB.

------------------------------------
------------------------------------
Now in UTC-6 Mexico City: 2025-09-08 11:00:00
Only integrate ['ITM', 'PRM'] files

~~~~~~~~~~~~~~~~~~~~~~~~~~~~~~~~~~~~
Store 02 starts

Found 0 pending items.
No pending files to integrate.
0 documents found in Bara DB.

~~~~~~~~~~~~~~~~~~~~~~~~~~~~~~~~~~~~
Store 03 starts

Found 0 pending items.
No pending files to integrate.
0 documents found in Bara DB.

------------------------------------
------------------------------------
Now in UTC-6 Mexico City: 2025-09-08 12:00:00
Only integrate ['ITM', 'PRM'] files

~~~~~~~~~~~~~~~~~~~~~~~~~~~~~~~~~~~~
Store 02 starts

Found 0 pending items.
No pending files to integrate.
0 documents found in Bara DB.

~~~~~~~~~~~~~~~~~~~~~~~~~~~~~~~~~~~~
Store 03 starts

Found 0 pending items.
No pending files to integrate.
0 documents found in Bara DB.

------------------------------------
------------------------------------
Now in UTC-6 Mexico City: 2025-09-08 13:00:01
Only integrate ['ITM', 'PRM'] files

~~~~~~~~~~~~~~~~~~~~~~~~~~~~~~~~~~~~
Store 02 starts

Found 0 pending items.
No pending files to integrate.
0 documents found in Bara DB.

~~~~~~~~~~~~~~~~~~~~~~~~~~~~~~~~~~~~
Store 03 starts

Found 0 pending items.
No pending files to integrate.
0 documents found in Bara DB.

------------------------------------
------------------------------------
Now in UTC-6 Mexico City: 2025-09-08 14:00:01
Only integrate ['ITM', 'PRM'] files

~~~~~~~~~~~~~~~~~~~~~~~~~~~~~~~~~~~~
Store 02 starts

Found 0 pending items.
No pending files to integrate.
0 documents found in Bara DB.

~~~~~~~~~~~~~~~~~~~~~~~~~~~~~~~~~~~~
Store 03 starts

Found 0 pending items.
No pending files to integrate.
0 documents found in Bara DB.

------------------------------------
------------------------------------
Now in UTC-6 Mexico City: 2025-09-08 15:00:01
Only integrate ['ITM', 'PRM'] files

~~~~~~~~~~~~~~~~~~~~~~~~~~~~~~~~~~~~
Store 02 starts

Found 0 pending items.
No pending files to integrate.
1 documents found in Bara DB.

ITM12NEO52DUG250908143858.json

Document names going to integrate: ['ITM12NEO52DUG250908143858.json.gz']

Downloading ITM12NEO52DUG250908143858.json.gz...
✓ Successfully downloaded ITM12NEO52DUG250908143858.json.gz
⚠ ITM12NEO52DUG250908143858.json - No valid items to process, marked as processed
~~~~~~~~~~~~~~~~~~~~~~~~~~~~~~~~~~~~
Store 03 starts

Found 0 pending items.
No pending files to integrate.
1 documents found in Bara DB.

ITM12NEO52RSW250908143835.json

Document names going to integrate: ['ITM12NEO52RSW250908143835.json.gz']

Downloading ITM12NEO52RSW250908143835.json.gz...
✓ Successfully downloaded ITM12NEO52RSW250908143835.json.gz
⚠ ITM12NEO52RSW250908143835.json - No valid items to process, marked as processed
------------------------------------
------------------------------------
Now in UTC-6 Mexico City: 2025-09-08 16:00:00
Only integrate ['ITM', 'PRM'] files

~~~~~~~~~~~~~~~~~~~~~~~~~~~~~~~~~~~~
Store 02 starts

Found 0 pending items.
No pending files to integrate.
0 documents found in Bara DB.

~~~~~~~~~~~~~~~~~~~~~~~~~~~~~~~~~~~~
Store 03 starts

Found 0 pending items.
No pending files to integrate.
0 documents found in Bara DB.

------------------------------------
------------------------------------
Now in UTC-6 Mexico City: 2025-09-08 17:00:00
Only integrate ['ITM', 'PRM'] files

~~~~~~~~~~~~~~~~~~~~~~~~~~~~~~~~~~~~
Store 02 starts

Found 0 pending items.
No pending files to integrate.
0 documents found in Bara DB.

~~~~~~~~~~~~~~~~~~~~~~~~~~~~~~~~~~~~
Store 03 starts

Found 0 pending items.
No pending files to integrate.
0 documents found in Bara DB.

------------------------------------
------------------------------------
Now in UTC-6 Mexico City: 2025-09-08 18:00:00
Only integrate ['ITM', 'PRM'] files

~~~~~~~~~~~~~~~~~~~~~~~~~~~~~~~~~~~~
Store 02 starts

Found 0 pending items.
No pending files to integrate.
0 documents found in Bara DB.

~~~~~~~~~~~~~~~~~~~~~~~~~~~~~~~~~~~~
Store 03 starts

Found 0 pending items.
No pending files to integrate.
0 documents found in Bara DB.

------------------------------------
------------------------------------
Now in UTC-6 Mexico City: 2025-09-08 19:00:01
Only integrate ['ITM', 'PRM'] files

~~~~~~~~~~~~~~~~~~~~~~~~~~~~~~~~~~~~
Store 02 starts

Found 0 pending items.
No pending files to integrate.
0 documents found in Bara DB.

~~~~~~~~~~~~~~~~~~~~~~~~~~~~~~~~~~~~
Store 03 starts

Found 0 pending items.
No pending files to integrate.
0 documents found in Bara DB.

------------------------------------
------------------------------------
Now in UTC-6 Mexico City: 2025-09-08 20:00:00
Only integrate ['ITM', 'PRM'] files

~~~~~~~~~~~~~~~~~~~~~~~~~~~~~~~~~~~~
Store 02 starts

Found 0 pending items.
No pending files to integrate.
0 documents found in Bara DB.

~~~~~~~~~~~~~~~~~~~~~~~~~~~~~~~~~~~~
Store 03 starts

Found 0 pending items.
No pending files to integrate.
0 documents found in Bara DB.

------------------------------------
------------------------------------
Now in UTC-6 Mexico City: 2025-09-08 21:00:01
Only integrate ['ITM', 'PRM'] files

~~~~~~~~~~~~~~~~~~~~~~~~~~~~~~~~~~~~
Store 02 starts

Found 0 pending items.
No pending files to integrate.
0 documents found in Bara DB.

~~~~~~~~~~~~~~~~~~~~~~~~~~~~~~~~~~~~
Store 03 starts

Found 0 pending items.
No pending files to integrate.
0 documents found in Bara DB.

------------------------------------
------------------------------------
Now in UTC-6 Mexico City: 2025-09-08 22:00:01
Only integrate ['ITM', 'PRM'] files

~~~~~~~~~~~~~~~~~~~~~~~~~~~~~~~~~~~~
Store 02 starts

Found 0 pending items.
No pending files to integrate.
0 documents found in Bara DB.

~~~~~~~~~~~~~~~~~~~~~~~~~~~~~~~~~~~~
Store 03 starts

Found 0 pending items.
No pending files to integrate.
0 documents found in Bara DB.

------------------------------------
