------------------------------------
Now in UTC-6 Mexico City: 2025-09-06 23:00:01
Only integrate ['ITM', 'PRM'] files

~~~~~~~~~~~~~~~~~~~~~~~~~~~~~~~~~~~~
Store 02 starts

Found 1 pending items.
No pending files to integrate.
0 documents found in Bara DB.

~~~~~~~~~~~~~~~~~~~~~~~~~~~~~~~~~~~~
Store 03 starts

Found 1 pending items.
No pending files to integrate.
0 documents found in Bara DB.

------------------------------------
------------------------------------
Now in UTC-6 Mexico City: 2025-09-07 00:00:00
Only integrate ['ITM', 'PRM'] files

~~~~~~~~~~~~~~~~~~~~~~~~~~~~~~~~~~~~
Store 02 starts

Found 1 pending items.
Integrating 1 pending files...

pending files successfully integrated.
{'storeCode': '02', 'itemCount': 1}
0 documents found in Bara DB.

~~~~~~~~~~~~~~~~~~~~~~~~~~~~~~~~~~~~
Store 03 starts

Found 1 pending items.
Integrating 1 pending files...

pending files successfully integrated.
{'storeCode': '03', 'itemCount': 1}
0 documents found in Bara DB.

------------------------------------
------------------------------------
Now in UTC-6 Mexico City: 2025-09-07 01:00:01
Only integrate ['ITM', 'PRM'] files

~~~~~~~~~~~~~~~~~~~~~~~~~~~~~~~~~~~~
Store 02 starts

Found 0 pending items.
No pending files to integrate.
0 documents found in Bara DB.

~~~~~~~~~~~~~~~~~~~~~~~~~~~~~~~~~~~~
Store 03 starts

Found 0 pending items.
No pending files to integrate.
0 documents found in Bara DB.

------------------------------------
------------------------------------
Now in UTC-6 Mexico City: 2025-09-07 02:00:00
Only integrate ['ITM', 'PRM'] files

~~~~~~~~~~~~~~~~~~~~~~~~~~~~~~~~~~~~
Store 02 starts

Found 0 pending items.
No pending files to integrate.
0 documents found in Bara DB.

~~~~~~~~~~~~~~~~~~~~~~~~~~~~~~~~~~~~
Store 03 starts

Found 0 pending items.
No pending files to integrate.
0 documents found in Bara DB.

------------------------------------
------------------------------------
Now in UTC-6 Mexico City: 2025-09-07 03:00:00
Only integrate ['ITM', 'PRM'] files

~~~~~~~~~~~~~~~~~~~~~~~~~~~~~~~~~~~~
Store 02 starts

Found 0 pending items.
No pending files to integrate.
0 documents found in Bara DB.

~~~~~~~~~~~~~~~~~~~~~~~~~~~~~~~~~~~~
Store 03 starts

Found 0 pending items.
No pending files to integrate.
0 documents found in Bara DB.

------------------------------------
------------------------------------
Now in UTC-6 Mexico City: 2025-09-07 04:00:00
Only integrate ['ITM', 'PRM'] files

~~~~~~~~~~~~~~~~~~~~~~~~~~~~~~~~~~~~
Store 02 starts

Found 0 pending items.
No pending files to integrate.
0 documents found in Bara DB.

~~~~~~~~~~~~~~~~~~~~~~~~~~~~~~~~~~~~
Store 03 starts

Found 0 pending items.
No pending files to integrate.
0 documents found in Bara DB.

------------------------------------
------------------------------------
Now in UTC-6 Mexico City: 2025-09-07 05:00:01
Only integrate ['ITM', 'PRM'] files

~~~~~~~~~~~~~~~~~~~~~~~~~~~~~~~~~~~~
Store 02 starts

Found 0 pending items.
No pending files to integrate.
0 documents found in Bara DB.

~~~~~~~~~~~~~~~~~~~~~~~~~~~~~~~~~~~~
Store 03 starts

Found 0 pending items.
No pending files to integrate.
0 documents found in Bara DB.

------------------------------------
------------------------------------
Now in UTC-6 Mexico City: 2025-09-07 06:00:00
Only integrate ['ITM', 'PRM'] files

~~~~~~~~~~~~~~~~~~~~~~~~~~~~~~~~~~~~
Store 02 starts

Found 0 pending items.
No pending files to integrate.
0 documents found in Bara DB.

~~~~~~~~~~~~~~~~~~~~~~~~~~~~~~~~~~~~
Store 03 starts

Found 0 pending items.
No pending files to integrate.
0 documents found in Bara DB.

------------------------------------
------------------------------------
Now in UTC-6 Mexico City: 2025-09-07 07:00:01
Only integrate ['ITM', 'PRM'] files

~~~~~~~~~~~~~~~~~~~~~~~~~~~~~~~~~~~~
Store 02 starts

Found 0 pending items.
No pending files to integrate.
0 documents found in Bara DB.

~~~~~~~~~~~~~~~~~~~~~~~~~~~~~~~~~~~~
Store 03 starts

Found 0 pending items.
No pending files to integrate.
0 documents found in Bara DB.

------------------------------------
------------------------------------
Now in UTC-6 Mexico City: 2025-09-07 08:00:01
Only integrate ['ITM', 'PRM'] files

~~~~~~~~~~~~~~~~~~~~~~~~~~~~~~~~~~~~
Store 02 starts

Found 0 pending items.
No pending files to integrate.
0 documents found in Bara DB.

~~~~~~~~~~~~~~~~~~~~~~~~~~~~~~~~~~~~
Store 03 starts

Found 0 pending items.
No pending files to integrate.
0 documents found in Bara DB.

------------------------------------
------------------------------------
Now in UTC-6 Mexico City: 2025-09-07 09:00:01
Only integrate ['ITM', 'PRM'] files

~~~~~~~~~~~~~~~~~~~~~~~~~~~~~~~~~~~~
Store 02 starts

Found 0 pending items.
No pending files to integrate.
0 documents found in Bara DB.

~~~~~~~~~~~~~~~~~~~~~~~~~~~~~~~~~~~~
Store 03 starts

Found 0 pending items.
No pending files to integrate.
0 documents found in Bara DB.

------------------------------------
------------------------------------
Now in UTC-6 Mexico City: 2025-09-07 10:00:01
Only integrate ['ITM', 'PRM'] files

~~~~~~~~~~~~~~~~~~~~~~~~~~~~~~~~~~~~
Store 02 starts

Found 0 pending items.
No pending files to integrate.
0 documents found in Bara DB.

~~~~~~~~~~~~~~~~~~~~~~~~~~~~~~~~~~~~
Store 03 starts

Found 0 pending items.
No pending files to integrate.
0 documents found in Bara DB.

------------------------------------
------------------------------------
Now in UTC-6 Mexico City: 2025-09-07 11:00:01
Only integrate ['ITM', 'PRM'] files

~~~~~~~~~~~~~~~~~~~~~~~~~~~~~~~~~~~~
Store 02 starts

Found 0 pending items.
No pending files to integrate.
Error: Request timeout for https://api.oxxo.io/xapi-multichannel-outbound/api/v1/documents
Error: Request timeout for https://api.oxxo.io/xapi-multichannel-outbound/api/v1/documents
Error: Request timeout for https://api.oxxo.io/xapi-multichannel-outbound/api/v1/documents
Error occurred during Store 02 integration: Request timeout
~~~~~~~~~~~~~~~~~~~~~~~~~~~~~~~~~~~~
Store 03 starts

Found 0 pending items.
No pending files to integrate.
Error: Request timeout for https://api.oxxo.io/xapi-multichannel-outbound/api/v1/documents
Error: Request timeout for https://api.oxxo.io/xapi-multichannel-outbound/api/v1/documents
Error: Request timeout for https://api.oxxo.io/xapi-multichannel-outbound/api/v1/documents
Error occurred during Store 03 integration: Request timeout
------------------------------------
------------------------------------
Now in UTC-6 Mexico City: 2025-09-07 12:00:00
Only integrate ['ITM', 'PRM'] files

~~~~~~~~~~~~~~~~~~~~~~~~~~~~~~~~~~~~
Store 02 starts

Found 0 pending items.
No pending files to integrate.
Error: Request timeout for https://api.oxxo.io/xapi-multichannel-outbound/api/v1/documents
Error: Request timeout for https://api.oxxo.io/xapi-multichannel-outbound/api/v1/documents
Error: Request timeout for https://api.oxxo.io/xapi-multichannel-outbound/api/v1/documents
Error occurred during Store 02 integration: Request timeout
~~~~~~~~~~~~~~~~~~~~~~~~~~~~~~~~~~~~
Store 03 starts

Found 0 pending items.
No pending files to integrate.
Error: Request timeout for https://api.oxxo.io/xapi-multichannel-outbound/api/v1/documents
Error: Request timeout for https://api.oxxo.io/xapi-multichannel-outbound/api/v1/documents
Error: Request timeout for https://api.oxxo.io/xapi-multichannel-outbound/api/v1/documents
Error occurred during Store 03 integration: Request timeout
------------------------------------
------------------------------------
Now in UTC-6 Mexico City: 2025-09-07 13:00:01
Only integrate ['ITM', 'PRM'] files

~~~~~~~~~~~~~~~~~~~~~~~~~~~~~~~~~~~~
Store 02 starts

Found 0 pending items.
No pending files to integrate.
Error: Request timeout for https://api.oxxo.io/xapi-multichannel-outbound/api/v1/documents
Error: Request timeout for https://api.oxxo.io/xapi-multichannel-outbound/api/v1/documents
Error: Request timeout for https://api.oxxo.io/xapi-multichannel-outbound/api/v1/documents
Error occurred during Store 02 integration: Request timeout
~~~~~~~~~~~~~~~~~~~~~~~~~~~~~~~~~~~~
Store 03 starts

Found 0 pending items.
No pending files to integrate.
Error: Request timeout for https://api.oxxo.io/xapi-multichannel-outbound/api/v1/documents
Error: Request timeout for https://api.oxxo.io/xapi-multichannel-outbound/api/v1/documents
Error: Request timeout for https://api.oxxo.io/xapi-multichannel-outbound/api/v1/documents
Error occurred during Store 03 integration: Request timeout
------------------------------------
------------------------------------
Now in UTC-6 Mexico City: 2025-09-07 14:00:01
Only integrate ['ITM', 'PRM'] files

~~~~~~~~~~~~~~~~~~~~~~~~~~~~~~~~~~~~
Store 02 starts

Found 0 pending items.
No pending files to integrate.
Error: Request timeout for https://api.oxxo.io/xapi-multichannel-outbound/api/v1/documents
Error: Request timeout for https://api.oxxo.io/xapi-multichannel-outbound/api/v1/documents
Error: Request timeout for https://api.oxxo.io/xapi-multichannel-outbound/api/v1/documents
Error occurred during Store 02 integration: Request timeout
~~~~~~~~~~~~~~~~~~~~~~~~~~~~~~~~~~~~
Store 03 starts

Found 0 pending items.
No pending files to integrate.
Error: Request timeout for https://api.oxxo.io/xapi-multichannel-outbound/api/v1/documents
Error: Request timeout for https://api.oxxo.io/xapi-multichannel-outbound/api/v1/documents
Error: Request timeout for https://api.oxxo.io/xapi-multichannel-outbound/api/v1/documents
Error occurred during Store 03 integration: Request timeout
------------------------------------
------------------------------------
Now in UTC-6 Mexico City: 2025-09-07 15:00:01
Only integrate ['ITM', 'PRM'] files

~~~~~~~~~~~~~~~~~~~~~~~~~~~~~~~~~~~~
Store 02 starts

Found 0 pending items.
No pending files to integrate.
Error: Request timeout for https://api.oxxo.io/xapi-multichannel-outbound/api/v1/documents
Error: Request timeout for https://api.oxxo.io/xapi-multichannel-outbound/api/v1/documents
Error: Request timeout for https://api.oxxo.io/xapi-multichannel-outbound/api/v1/documents
Error occurred during Store 02 integration: Request timeout
~~~~~~~~~~~~~~~~~~~~~~~~~~~~~~~~~~~~
Store 03 starts

Found 0 pending items.
No pending files to integrate.
Error: Request timeout for https://api.oxxo.io/xapi-multichannel-outbound/api/v1/documents
Error: Request timeout for https://api.oxxo.io/xapi-multichannel-outbound/api/v1/documents
Error: Request timeout for https://api.oxxo.io/xapi-multichannel-outbound/api/v1/documents
Error occurred during Store 03 integration: Request timeout
------------------------------------
------------------------------------
Now in UTC-6 Mexico City: 2025-09-07 16:00:00
Only integrate ['ITM', 'PRM'] files

~~~~~~~~~~~~~~~~~~~~~~~~~~~~~~~~~~~~
Store 02 starts

Found 0 pending items.
No pending files to integrate.
Error: Request timeout for https://api.oxxo.io/xapi-multichannel-outbound/api/v1/documents
Error: Request timeout for https://api.oxxo.io/xapi-multichannel-outbound/api/v1/documents
Error: Request timeout for https://api.oxxo.io/xapi-multichannel-outbound/api/v1/documents
Error occurred during Store 02 integration: Request timeout
~~~~~~~~~~~~~~~~~~~~~~~~~~~~~~~~~~~~
Store 03 starts

Found 0 pending items.
No pending files to integrate.
Error: Request timeout for https://api.oxxo.io/xapi-multichannel-outbound/api/v1/documents
Error: Request timeout for https://api.oxxo.io/xapi-multichannel-outbound/api/v1/documents
Error: Request timeout for https://api.oxxo.io/xapi-multichannel-outbound/api/v1/documents
Error occurred during Store 03 integration: Request timeout
------------------------------------
------------------------------------
Now in UTC-6 Mexico City: 2025-09-07 17:00:00
Only integrate ['ITM', 'PRM'] files

~~~~~~~~~~~~~~~~~~~~~~~~~~~~~~~~~~~~
Store 02 starts

Found 0 pending items.
No pending files to integrate.
0 documents found in Bara DB.

~~~~~~~~~~~~~~~~~~~~~~~~~~~~~~~~~~~~
Store 03 starts

Found 0 pending items.
No pending files to integrate.
0 documents found in Bara DB.

------------------------------------
------------------------------------
Now in UTC-6 Mexico City: 2025-09-07 18:00:00
Only integrate ['ITM', 'PRM'] files

~~~~~~~~~~~~~~~~~~~~~~~~~~~~~~~~~~~~
Store 02 starts

Found 0 pending items.
No pending files to integrate.
0 documents found in Bara DB.

~~~~~~~~~~~~~~~~~~~~~~~~~~~~~~~~~~~~
Store 03 starts

Found 0 pending items.
No pending files to integrate.
0 documents found in Bara DB.

------------------------------------
------------------------------------
Now in UTC-6 Mexico City: 2025-09-07 19:00:01
Only integrate ['ITM', 'PRM'] files

~~~~~~~~~~~~~~~~~~~~~~~~~~~~~~~~~~~~
Store 02 starts

Found 0 pending items.
No pending files to integrate.
0 documents found in Bara DB.

~~~~~~~~~~~~~~~~~~~~~~~~~~~~~~~~~~~~
Store 03 starts

Found 0 pending items.
No pending files to integrate.
0 documents found in Bara DB.

------------------------------------
------------------------------------
Now in UTC-6 Mexico City: 2025-09-07 20:00:01
Only integrate ['ITM', 'PRM'] files

~~~~~~~~~~~~~~~~~~~~~~~~~~~~~~~~~~~~
Store 02 starts

Found 0 pending items.
No pending files to integrate.
0 documents found in Bara DB.

~~~~~~~~~~~~~~~~~~~~~~~~~~~~~~~~~~~~
Store 03 starts

Found 0 pending items.
No pending files to integrate.
0 documents found in Bara DB.

------------------------------------
------------------------------------
Now in UTC-6 Mexico City: 2025-09-07 21:00:01
Only integrate ['ITM', 'PRM'] files

~~~~~~~~~~~~~~~~~~~~~~~~~~~~~~~~~~~~
Store 02 starts

Found 0 pending items.
No pending files to integrate.
0 documents found in Bara DB.

~~~~~~~~~~~~~~~~~~~~~~~~~~~~~~~~~~~~
Store 03 starts

Found 0 pending items.
No pending files to integrate.
0 documents found in Bara DB.

------------------------------------
------------------------------------
Now in UTC-6 Mexico City: 2025-09-07 22:00:01
Only integrate ['ITM', 'PRM'] files

~~~~~~~~~~~~~~~~~~~~~~~~~~~~~~~~~~~~
Store 02 starts

Found 0 pending items.
No pending files to integrate.
0 documents found in Bara DB.

~~~~~~~~~~~~~~~~~~~~~~~~~~~~~~~~~~~~
Store 03 starts

Found 0 pending items.
No pending files to integrate.
0 documents found in Bara DB.

------------------------------------
