------------------------------------
Now in UTC-6 Mexico City: 2025-09-23 23:00:01
Only integrate ['ITM', 'PRM'] files

~~~~~~~~~~~~~~~~~~~~~~~~~~~~~~~~~~~~
Store 02 starts

Found 38 pending items.
No pending files to integrate.
0 documents found in Bara DB.

~~~~~~~~~~~~~~~~~~~~~~~~~~~~~~~~~~~~
Store 03 starts

Found 38 pending items.
No pending files to integrate.
0 documents found in Bara DB.

------------------------------------
------------------------------------
Now in UTC-6 Mexico City: 2025-09-24 00:00:01
Only integrate ['ITM', 'PRM'] files

~~~~~~~~~~~~~~~~~~~~~~~~~~~~~~~~~~~~
Store 02 starts

Found 38 pending items.
Integrating 38 pending files...

pending files successfully integrated.
{'storeCode': '02', 'itemCount': 38}
0 documents found in Bara DB.

~~~~~~~~~~~~~~~~~~~~~~~~~~~~~~~~~~~~
Store 03 starts

Found 38 pending items.
Integrating 38 pending files...

pending files successfully integrated.
{'storeCode': '03', 'itemCount': 38}
0 documents found in Bara DB.

------------------------------------
------------------------------------
Now in UTC-6 Mexico City: 2025-09-24 01:00:01
Only integrate ['ITM', 'PRM'] files

~~~~~~~~~~~~~~~~~~~~~~~~~~~~~~~~~~~~
Store 02 starts

Found 0 pending items.
No pending files to integrate.
0 documents found in Bara DB.

~~~~~~~~~~~~~~~~~~~~~~~~~~~~~~~~~~~~
Store 03 starts

Found 0 pending items.
No pending files to integrate.
0 documents found in Bara DB.

------------------------------------
------------------------------------
Now in UTC-6 Mexico City: 2025-09-24 02:00:00
Only integrate ['ITM', 'PRM'] files

~~~~~~~~~~~~~~~~~~~~~~~~~~~~~~~~~~~~
Store 02 starts

Found 0 pending items.
No pending files to integrate.
0 documents found in Bara DB.

~~~~~~~~~~~~~~~~~~~~~~~~~~~~~~~~~~~~
Store 03 starts

Found 0 pending items.
No pending files to integrate.
0 documents found in Bara DB.

------------------------------------
------------------------------------
Now in UTC-6 Mexico City: 2025-09-24 03:00:00
Only integrate ['ITM', 'PRM'] files

~~~~~~~~~~~~~~~~~~~~~~~~~~~~~~~~~~~~
Store 02 starts

Found 0 pending items.
No pending files to integrate.
0 documents found in Bara DB.

~~~~~~~~~~~~~~~~~~~~~~~~~~~~~~~~~~~~
Store 03 starts

Found 0 pending items.
No pending files to integrate.
0 documents found in Bara DB.

------------------------------------
------------------------------------
Now in UTC-6 Mexico City: 2025-09-24 04:00:01
Only integrate ['ITM', 'PRM'] files

~~~~~~~~~~~~~~~~~~~~~~~~~~~~~~~~~~~~
Store 02 starts

Found 0 pending items.
No pending files to integrate.
0 documents found in Bara DB.

~~~~~~~~~~~~~~~~~~~~~~~~~~~~~~~~~~~~
Store 03 starts

Found 0 pending items.
No pending files to integrate.
0 documents found in Bara DB.

------------------------------------
------------------------------------
Now in UTC-6 Mexico City: 2025-09-24 05:00:01
Only integrate ['ITM', 'PRM'] files

~~~~~~~~~~~~~~~~~~~~~~~~~~~~~~~~~~~~
Store 02 starts

Found 0 pending items.
No pending files to integrate.
0 documents found in Bara DB.

~~~~~~~~~~~~~~~~~~~~~~~~~~~~~~~~~~~~
Store 03 starts

Found 0 pending items.
No pending files to integrate.
0 documents found in Bara DB.

------------------------------------
------------------------------------
Now in UTC-6 Mexico City: 2025-09-24 06:00:00
Only integrate ['ITM', 'PRM'] files

~~~~~~~~~~~~~~~~~~~~~~~~~~~~~~~~~~~~
Store 02 starts

Found 0 pending items.
No pending files to integrate.
0 documents found in Bara DB.

~~~~~~~~~~~~~~~~~~~~~~~~~~~~~~~~~~~~
Store 03 starts

Found 0 pending items.
No pending files to integrate.
0 documents found in Bara DB.

------------------------------------
------------------------------------
Now in UTC-6 Mexico City: 2025-09-24 07:00:00
Only integrate ['ITM', 'PRM'] files

~~~~~~~~~~~~~~~~~~~~~~~~~~~~~~~~~~~~
Store 02 starts

Found 0 pending items.
No pending files to integrate.
0 documents found in Bara DB.

~~~~~~~~~~~~~~~~~~~~~~~~~~~~~~~~~~~~
Store 03 starts

Found 0 pending items.
No pending files to integrate.
0 documents found in Bara DB.

------------------------------------
------------------------------------
Now in UTC-6 Mexico City: 2025-09-24 08:00:00
Only integrate ['ITM', 'PRM'] files

~~~~~~~~~~~~~~~~~~~~~~~~~~~~~~~~~~~~
Store 02 starts

Found 0 pending items.
No pending files to integrate.
0 documents found in Bara DB.

~~~~~~~~~~~~~~~~~~~~~~~~~~~~~~~~~~~~
Store 03 starts

Found 0 pending items.
No pending files to integrate.
0 documents found in Bara DB.

------------------------------------
------------------------------------
Now in UTC-6 Mexico City: 2025-09-24 09:00:00
Only integrate ['ITM', 'PRM'] files

~~~~~~~~~~~~~~~~~~~~~~~~~~~~~~~~~~~~
Store 02 starts

Found 0 pending items.
No pending files to integrate.
0 documents found in Bara DB.

~~~~~~~~~~~~~~~~~~~~~~~~~~~~~~~~~~~~
Store 03 starts

Found 0 pending items.
No pending files to integrate.
0 documents found in Bara DB.

------------------------------------
------------------------------------
Now in UTC-6 Mexico City: 2025-09-24 10:00:00
Only integrate ['ITM', 'PRM'] files

~~~~~~~~~~~~~~~~~~~~~~~~~~~~~~~~~~~~
Store 02 starts

Found 0 pending items.
No pending files to integrate.
0 documents found in Bara DB.

~~~~~~~~~~~~~~~~~~~~~~~~~~~~~~~~~~~~
Store 03 starts

Found 0 pending items.
No pending files to integrate.
0 documents found in Bara DB.

------------------------------------
------------------------------------
Now in UTC-6 Mexico City: 2025-09-24 11:00:01
Only integrate ['ITM', 'PRM'] files

~~~~~~~~~~~~~~~~~~~~~~~~~~~~~~~~~~~~
Store 02 starts

Found 0 pending items.
No pending files to integrate.
0 documents found in Bara DB.

~~~~~~~~~~~~~~~~~~~~~~~~~~~~~~~~~~~~
Store 03 starts

Found 0 pending items.
No pending files to integrate.
0 documents found in Bara DB.

------------------------------------
------------------------------------
Now in UTC-6 Mexico City: 2025-09-24 12:00:00
Only integrate ['ITM', 'PRM'] files

~~~~~~~~~~~~~~~~~~~~~~~~~~~~~~~~~~~~
Store 02 starts

Found 0 pending items.
No pending files to integrate.
0 documents found in Bara DB.

~~~~~~~~~~~~~~~~~~~~~~~~~~~~~~~~~~~~
Store 03 starts

Found 0 pending items.
No pending files to integrate.
0 documents found in Bara DB.

------------------------------------
------------------------------------
Now in UTC-6 Mexico City: 2025-09-24 13:00:00
Only integrate ['ITM', 'PRM'] files

~~~~~~~~~~~~~~~~~~~~~~~~~~~~~~~~~~~~
Store 02 starts

Found 0 pending items.
No pending files to integrate.
0 documents found in Bara DB.

~~~~~~~~~~~~~~~~~~~~~~~~~~~~~~~~~~~~
Store 03 starts

Found 0 pending items.
No pending files to integrate.
0 documents found in Bara DB.

------------------------------------
------------------------------------
Now in UTC-6 Mexico City: 2025-09-24 14:00:01
Only integrate ['ITM', 'PRM'] files

~~~~~~~~~~~~~~~~~~~~~~~~~~~~~~~~~~~~
Store 02 starts

Found 0 pending items.
No pending files to integrate.
0 documents found in Bara DB.

~~~~~~~~~~~~~~~~~~~~~~~~~~~~~~~~~~~~
Store 03 starts

Found 0 pending items.
No pending files to integrate.
0 documents found in Bara DB.

------------------------------------
------------------------------------
Now in UTC-6 Mexico City: 2025-09-24 15:00:00
Only integrate ['ITM', 'PRM'] files

~~~~~~~~~~~~~~~~~~~~~~~~~~~~~~~~~~~~
Store 02 starts

Found 0 pending items.
No pending files to integrate.
1 documents found in Bara DB.

ITM12NEO52DUG250924144649.json

Document names going to integrate: ['ITM12NEO52DUG250924144649.json.gz']

Downloading ITM12NEO52DUG250924144649.json.gz...
✓ Successfully downloaded ITM12NEO52DUG250924144649.json.gz
Item 7501032910235 is not ready to change price. 2025/09/25 is in the future.
ITM12NEO52DUG250924144649.json successfully integrated.
{'storeCode': '02', 'itemCount': 4}
~~~~~~~~~~~~~~~~~~~~~~~~~~~~~~~~~~~~
Store 03 starts

Found 0 pending items.
No pending files to integrate.
1 documents found in Bara DB.

ITM12NEO52RSW250924144628.json

Document names going to integrate: ['ITM12NEO52RSW250924144628.json.gz']

Downloading ITM12NEO52RSW250924144628.json.gz...
✓ Successfully downloaded ITM12NEO52RSW250924144628.json.gz
Item 7501032910235 is not ready to change price. 2025/09/25 is in the future.
ITM12NEO52RSW250924144628.json successfully integrated.
{'storeCode': '03', 'itemCount': 4}
------------------------------------
------------------------------------
Now in UTC-6 Mexico City: 2025-09-24 16:00:00
Only integrate ['ITM', 'PRM'] files

~~~~~~~~~~~~~~~~~~~~~~~~~~~~~~~~~~~~
Store 02 starts

Found 1 pending items.
No pending files to integrate.
0 documents found in Bara DB.

~~~~~~~~~~~~~~~~~~~~~~~~~~~~~~~~~~~~
Store 03 starts

Found 1 pending items.
No pending files to integrate.
0 documents found in Bara DB.

------------------------------------
------------------------------------
Now in UTC-6 Mexico City: 2025-09-24 17:00:00
Only integrate ['ITM', 'PRM'] files

~~~~~~~~~~~~~~~~~~~~~~~~~~~~~~~~~~~~
Store 02 starts

Found 1 pending items.
No pending files to integrate.
0 documents found in Bara DB.

~~~~~~~~~~~~~~~~~~~~~~~~~~~~~~~~~~~~
Store 03 starts

Found 1 pending items.
No pending files to integrate.
0 documents found in Bara DB.

------------------------------------
------------------------------------
Now in UTC-6 Mexico City: 2025-09-24 18:00:00
Only integrate ['ITM', 'PRM'] files

~~~~~~~~~~~~~~~~~~~~~~~~~~~~~~~~~~~~
Store 02 starts

Found 1 pending items.
No pending files to integrate.
0 documents found in Bara DB.

~~~~~~~~~~~~~~~~~~~~~~~~~~~~~~~~~~~~
Store 03 starts

Found 1 pending items.
No pending files to integrate.
0 documents found in Bara DB.

------------------------------------
------------------------------------
Now in UTC-6 Mexico City: 2025-09-24 19:00:00
Only integrate ['ITM', 'PRM'] files

~~~~~~~~~~~~~~~~~~~~~~~~~~~~~~~~~~~~
Store 02 starts

Found 1 pending items.
No pending files to integrate.
0 documents found in Bara DB.

~~~~~~~~~~~~~~~~~~~~~~~~~~~~~~~~~~~~
Store 03 starts

Found 1 pending items.
No pending files to integrate.
0 documents found in Bara DB.

------------------------------------
------------------------------------
Now in UTC-6 Mexico City: 2025-09-24 20:00:00
Only integrate ['ITM', 'PRM'] files

~~~~~~~~~~~~~~~~~~~~~~~~~~~~~~~~~~~~
Store 02 starts

Found 1 pending items.
No pending files to integrate.
0 documents found in Bara DB.

~~~~~~~~~~~~~~~~~~~~~~~~~~~~~~~~~~~~
Store 03 starts

Found 1 pending items.
No pending files to integrate.
0 documents found in Bara DB.

------------------------------------
------------------------------------
Now in UTC-6 Mexico City: 2025-09-24 21:00:01
Only integrate ['ITM', 'PRM'] files

~~~~~~~~~~~~~~~~~~~~~~~~~~~~~~~~~~~~
Store 02 starts

Found 1 pending items.
No pending files to integrate.
Error: Request timeout for https://api.oxxo.io/xapi-multichannel-outbound/api/v1/documents
0 documents found in Bara DB.

~~~~~~~~~~~~~~~~~~~~~~~~~~~~~~~~~~~~
Store 03 starts

Found 1 pending items.
No pending files to integrate.
0 documents found in Bara DB.

------------------------------------
------------------------------------
Now in UTC-6 Mexico City: 2025-09-24 22:00:00
Only integrate ['ITM', 'PRM'] files

~~~~~~~~~~~~~~~~~~~~~~~~~~~~~~~~~~~~
Store 02 starts

Found 1 pending items.
No pending files to integrate.
2 documents found in Bara DB.

ITM12NEO52DUG250924212641.json
ITM12NEO52DUG250924214410.json

Document names going to integrate: ['ITM12NEO52DUG250924212641.json.gz', 'ITM12NEO52DUG250924214410.json.gz']

Downloading ITM12NEO52DUG250924212641.json.gz...
✓ Successfully downloaded ITM12NEO52DUG250924212641.json.gz
Downloading ITM12NEO52DUG250924214410.json.gz...
✓ Successfully downloaded ITM12NEO52DUG250924214410.json.gz
Item 041789008016 is not ready to change price. 2025/09/25 is in the future.
Item 041789008030 is not ready to change price. 2025/09/25 is in the future.
Item 661440000052 is not ready to change price. 2025/09/25 is in the future.
Item 661440001462 is not ready to change price. 2025/09/25 is in the future.
Item 7500478045143 is not ready to change price. 2025/09/25 is in the future.
Item 7500810022061 is not ready to change price. 2025/09/25 is in the future.
Item 7500810029183 is not ready to change price. 2025/09/25 is in the future.
Item 7501003340122 is not ready to change price. 2025/09/25 is in the future.
Item 7501017005765 is not ready to change price. 2025/09/25 is in the future.
Item 7501017005963 is not ready to change price. 2025/09/25 is in the future.
Item 7501017043132 is not ready to change price. 2025/09/25 is in the future.
Item 7501024501007 is not ready to change price. 2025/09/25 is in the future.
Item 7501024523788 is not ready to change price. 2025/09/25 is in the future.
Item 7501048102501 is not ready to change price. 2025/09/25 is in the future.
Item 7501058620101 is not ready to change price. 2025/09/25 is in the future.
Item 7501058620200 is not ready to change price. 2025/09/25 is in the future.
Item 7501069213903 is not ready to change price. 2025/09/25 is in the future.
Item 7501071308581 is not ready to change price. 2025/09/25 is in the future.
Item 7501071308598 is not ready to change price. 2025/09/25 is in the future.
Item 7501077400050 is not ready to change price. 2025/09/25 is in the future.
Item 75011192 is not ready to change price. 2025/09/25 is in the future.
Item 7501161502011 is not ready to change price. 2025/09/25 is in the future.
Item 7501161502028 is not ready to change price. 2025/09/25 is in the future.
Item 7501161502035 is not ready to change price. 2025/09/25 is in the future.
Item 7502271157191 is not ready to change price. 2025/09/25 is in the future.
Item 7502271157757 is not ready to change price. 2025/09/25 is in the future.
Item 7502294222739 is not ready to change price. 2025/09/25 is in the future.
Item 7502294223163 is not ready to change price. 2025/09/25 is in the future.
Item 7502294224474 is not ready to change price. 2025/09/25 is in the future.
Item 7502294225372 is not ready to change price. 2025/09/25 is in the future.
Item 7502294226249 is not ready to change price. 2025/09/25 is in the future.
Item 7502294226270 is not ready to change price. 2025/09/25 is in the future.
Item 7502294226843 is not ready to change price. 2025/09/25 is in the future.
Item 7502294226867 is not ready to change price. 2025/09/25 is in the future.
Item 7502294226874 is not ready to change price. 2025/09/25 is in the future.
Item 7503000437188 is not ready to change price. 2025/09/25 is in the future.
Item 7503023445481 is not ready to change price. 2025/09/25 is in the future.
Item 7503052023414 is not ready to change price. 2025/09/25 is in the future.
Item 7503052023438 is not ready to change price. 2025/09/25 is in the future.
Item 75064631 is not ready to change price. 2025/09/25 is in the future.
Item 7622210827951 is not ready to change price. 2025/09/25 is in the future.
⚠ ITM12NEO52DUG250924212641.json - No valid items to process, marked as processed
Item 65439 is not ready to change price. 2025/09/25 is in the future.
ITM12NEO52DUG250924214410.json successfully integrated.
{'storeCode': '02', 'itemCount': 8}
~~~~~~~~~~~~~~~~~~~~~~~~~~~~~~~~~~~~
Store 03 starts

Found 1 pending items.
No pending files to integrate.
2 documents found in Bara DB.

ITM12NEO52RSW250924212616.json
ITM12NEO52RSW250924214345.json

Document names going to integrate: ['ITM12NEO52RSW250924212616.json.gz', 'ITM12NEO52RSW250924214345.json.gz']

Downloading ITM12NEO52RSW250924212616.json.gz...
✓ Successfully downloaded ITM12NEO52RSW250924212616.json.gz
Downloading ITM12NEO52RSW250924214345.json.gz...
✓ Successfully downloaded ITM12NEO52RSW250924214345.json.gz
Item 041789008016 is not ready to change price. 2025/09/25 is in the future.
Item 041789008030 is not ready to change price. 2025/09/25 is in the future.
Item 661440000052 is not ready to change price. 2025/09/25 is in the future.
Item 661440001462 is not ready to change price. 2025/09/25 is in the future.
Item 7500478045143 is not ready to change price. 2025/09/25 is in the future.
Item 7500810022061 is not ready to change price. 2025/09/25 is in the future.
Item 7500810029183 is not ready to change price. 2025/09/25 is in the future.
Item 7501003340122 is not ready to change price. 2025/09/25 is in the future.
Item 7501017005765 is not ready to change price. 2025/09/25 is in the future.
Item 7501017005963 is not ready to change price. 2025/09/25 is in the future.
Item 7501017043132 is not ready to change price. 2025/09/25 is in the future.
Item 7501024501007 is not ready to change price. 2025/09/25 is in the future.
Item 7501024523788 is not ready to change price. 2025/09/25 is in the future.
Item 7501048102501 is not ready to change price. 2025/09/25 is in the future.
Item 7501058620101 is not ready to change price. 2025/09/25 is in the future.
Item 7501058620200 is not ready to change price. 2025/09/25 is in the future.
Item 7501069213903 is not ready to change price. 2025/09/25 is in the future.
Item 7501071308581 is not ready to change price. 2025/09/25 is in the future.
Item 7501071308598 is not ready to change price. 2025/09/25 is in the future.
Item 7501077400050 is not ready to change price. 2025/09/25 is in the future.
Item 75011192 is not ready to change price. 2025/09/25 is in the future.
Item 7501161502011 is not ready to change price. 2025/09/25 is in the future.
Item 7501161502028 is not ready to change price. 2025/09/25 is in the future.
Item 7501161502035 is not ready to change price. 2025/09/25 is in the future.
Item 7502271157191 is not ready to change price. 2025/09/25 is in the future.
Item 7502271157757 is not ready to change price. 2025/09/25 is in the future.
Item 7502294222739 is not ready to change price. 2025/09/25 is in the future.
Item 7502294223163 is not ready to change price. 2025/09/25 is in the future.
Item 7502294224474 is not ready to change price. 2025/09/25 is in the future.
Item 7502294225372 is not ready to change price. 2025/09/25 is in the future.
Item 7502294226249 is not ready to change price. 2025/09/25 is in the future.
Item 7502294226270 is not ready to change price. 2025/09/25 is in the future.
Item 7502294226843 is not ready to change price. 2025/09/25 is in the future.
Item 7502294226867 is not ready to change price. 2025/09/25 is in the future.
Item 7502294226874 is not ready to change price. 2025/09/25 is in the future.
Item 7503000437188 is not ready to change price. 2025/09/25 is in the future.
Item 7503023445481 is not ready to change price. 2025/09/25 is in the future.
Item 7503052023414 is not ready to change price. 2025/09/25 is in the future.
Item 7503052023438 is not ready to change price. 2025/09/25 is in the future.
Item 75064631 is not ready to change price. 2025/09/25 is in the future.
Item 7622210827951 is not ready to change price. 2025/09/25 is in the future.
⚠ ITM12NEO52RSW250924212616.json - No valid items to process, marked as processed
Item 65439 is not ready to change price. 2025/09/25 is in the future.
ITM12NEO52RSW250924214345.json successfully integrated.
{'storeCode': '03', 'itemCount': 8}
------------------------------------
