------------------------------------
Now in UTC-6 Mexico City: 2025-09-12 23:00:01
Only integrate ['ITM', 'PRM'] files

~~~~~~~~~~~~~~~~~~~~~~~~~~~~~~~~~~~~
Store 02 starts

Found 74 pending items.
No pending files to integrate.
1 documents found in Bara DB.

ITM12NEO52DUG250912222435.json

Document names going to integrate: ['ITM12NEO52DUG250912222435.json.gz']

Downloading ITM12NEO52DUG250912222435.json.gz...
✓ Successfully downloaded ITM12NEO52DUG250912222435.json.gz
Item 7500383115993 is not ready to change price. 2025/09/13 is in the future.
Item 7500383135076 is not ready to change price. 2025/09/13 is in the future.
Item 7500383135083 is not ready to change price. 2025/09/13 is in the future.
Item 7500383135090 is not ready to change price. 2025/09/13 is in the future.
Item 7500383145273 is not ready to change price. 2025/09/13 is in the future.
Item 7500383145280 is not ready to change price. 2025/09/13 is in the future.
Item 7500383145297 is not ready to change price. 2025/09/13 is in the future.
Item 7500383145334 is not ready to change price. 2025/09/13 is in the future.
Item 7500383145709 is not ready to change price. 2025/09/13 is in the future.
Item 7500383145716 is not ready to change price. 2025/09/13 is in the future.
Item 7500383145747 is not ready to change price. 2025/09/13 is in the future.
Item 7500383145754 is not ready to change price. 2025/09/13 is in the future.
Item 7500383145761 is not ready to change price. 2025/09/13 is in the future.
Item 7500383145792 is not ready to change price. 2025/09/13 is in the future.
Item 7500383145822 is not ready to change price. 2025/09/13 is in the future.
Item 7500383145945 is not ready to change price. 2025/09/13 is in the future.
Item 7500383152509 is not ready to change price. 2025/09/13 is in the future.
Item 7500383152530 is not ready to change price. 2025/09/13 is in the future.
Item 7500383152639 is not ready to change price. 2025/09/13 is in the future.
Item 7500383160214 is not ready to change price. 2025/09/13 is in the future.
Item 7500383160276 is not ready to change price. 2025/09/13 is in the future.
Item 7500383160320 is not ready to change price. 2025/09/13 is in the future.
Item 7500383160832 is not ready to change price. 2025/09/13 is in the future.
Item 7500383160856 is not ready to change price. 2025/09/13 is in the future.
Item 7500383161129 is not ready to change price. 2025/09/13 is in the future.
Item 7500383161136 is not ready to change price. 2025/09/13 is in the future.
Item 7500383167176 is not ready to change price. 2025/09/13 is in the future.
Item 7500383167206 is not ready to change price. 2025/09/13 is in the future.
Item 7500383167213 is not ready to change price. 2025/09/13 is in the future.
Item 7500383167237 is not ready to change price. 2025/09/13 is in the future.
Item 7500383167244 is not ready to change price. 2025/09/13 is in the future.
Item 7500383167251 is not ready to change price. 2025/09/13 is in the future.
Item 7500383167268 is not ready to change price. 2025/09/13 is in the future.
Item 7500383170718 is not ready to change price. 2025/09/13 is in the future.
Item 7500478046676 is not ready to change price. 2025/09/13 is in the future.
Item 7501000635726 is not ready to change price. 2025/09/13 is in the future.
Item 7501064190001 is not ready to change price. 2025/09/13 is in the future.
Item 7501064191091 is not ready to change price. 2025/09/13 is in the future.
Item 7501072219411 is not ready to change price. 2025/09/13 is in the future.
Item 7501072219428 is not ready to change price. 2025/09/13 is in the future.
Item 7502294226836 is not ready to change price. 2025/09/13 is in the future.
Item 7502294227482 is not ready to change price. 2025/09/13 is in the future.
Item 7502294227499 is not ready to change price. 2025/09/13 is in the future.
Item 7502294227888 is not ready to change price. 2025/09/13 is in the future.
Item 7502303450016 is not ready to change price. 2025/09/13 is in the future.
Item 7503034941484 is not ready to change price. 2025/09/13 is in the future.
Item 7503044233210 is not ready to change price. 2025/09/13 is in the future.
Item 7508864931605 is not ready to change price. 2025/09/13 is in the future.
⚠ ITM12NEO52DUG250912222435.json - No valid items to process, marked as processed
~~~~~~~~~~~~~~~~~~~~~~~~~~~~~~~~~~~~
Store 03 starts

Found 59 pending items.
No pending files to integrate.
1 documents found in Bara DB.

ITM12NEO52RSW250912222436.json

Document names going to integrate: ['ITM12NEO52RSW250912222436.json.gz']

Downloading ITM12NEO52RSW250912222436.json.gz...
✓ Successfully downloaded ITM12NEO52RSW250912222436.json.gz
Item 5410316950527 is not ready to change price. 2025/09/13 is in the future.
Item 7500383115993 is not ready to change price. 2025/09/13 is in the future.
Item 7500383135076 is not ready to change price. 2025/09/13 is in the future.
Item 7500383135083 is not ready to change price. 2025/09/13 is in the future.
Item 7500383135090 is not ready to change price. 2025/09/13 is in the future.
Item 7500383145273 is not ready to change price. 2025/09/13 is in the future.
Item 7500383145280 is not ready to change price. 2025/09/13 is in the future.
Item 7500383145297 is not ready to change price. 2025/09/13 is in the future.
Item 7500383145334 is not ready to change price. 2025/09/13 is in the future.
Item 7500383145709 is not ready to change price. 2025/09/13 is in the future.
Item 7500383145716 is not ready to change price. 2025/09/13 is in the future.
Item 7500383145747 is not ready to change price. 2025/09/13 is in the future.
Item 7500383145754 is not ready to change price. 2025/09/13 is in the future.
Item 7500383145761 is not ready to change price. 2025/09/13 is in the future.
Item 7500383145792 is not ready to change price. 2025/09/13 is in the future.
Item 7500383145822 is not ready to change price. 2025/09/13 is in the future.
Item 7500383145945 is not ready to change price. 2025/09/13 is in the future.
Item 7500383152509 is not ready to change price. 2025/09/13 is in the future.
Item 7500383152530 is not ready to change price. 2025/09/13 is in the future.
Item 7500383152639 is not ready to change price. 2025/09/13 is in the future.
Item 7500383160214 is not ready to change price. 2025/09/13 is in the future.
Item 7500383160276 is not ready to change price. 2025/09/13 is in the future.
Item 7500383160320 is not ready to change price. 2025/09/13 is in the future.
Item 7500383160832 is not ready to change price. 2025/09/13 is in the future.
Item 7500383160856 is not ready to change price. 2025/09/13 is in the future.
Item 7500383161129 is not ready to change price. 2025/09/13 is in the future.
Item 7500383161136 is not ready to change price. 2025/09/13 is in the future.
Item 7500383167176 is not ready to change price. 2025/09/13 is in the future.
Item 7500383167206 is not ready to change price. 2025/09/13 is in the future.
Item 7500383167213 is not ready to change price. 2025/09/13 is in the future.
Item 7500383167237 is not ready to change price. 2025/09/13 is in the future.
Item 7500383167244 is not ready to change price. 2025/09/13 is in the future.
Item 7500383167251 is not ready to change price. 2025/09/13 is in the future.
Item 7500383167268 is not ready to change price. 2025/09/13 is in the future.
Item 7500383170718 is not ready to change price. 2025/09/13 is in the future.
Item 7500478046676 is not ready to change price. 2025/09/13 is in the future.
Item 7501000635726 is not ready to change price. 2025/09/13 is in the future.
Item 7501064190001 is not ready to change price. 2025/09/13 is in the future.
Item 7501064191091 is not ready to change price. 2025/09/13 is in the future.
Item 7501072219411 is not ready to change price. 2025/09/13 is in the future.
Item 7501072219428 is not ready to change price. 2025/09/13 is in the future.
Item 7502294226836 is not ready to change price. 2025/09/13 is in the future.
Item 7502294227482 is not ready to change price. 2025/09/13 is in the future.
Item 7502294227499 is not ready to change price. 2025/09/13 is in the future.
Item 7502294227888 is not ready to change price. 2025/09/13 is in the future.
Item 7502303450016 is not ready to change price. 2025/09/13 is in the future.
Item 7503034941484 is not ready to change price. 2025/09/13 is in the future.
Item 7503044233210 is not ready to change price. 2025/09/13 is in the future.
Item 7503044233883 is not ready to change price. 2025/09/13 is in the future.
Item 7508864931605 is not ready to change price. 2025/09/13 is in the future.
⚠ ITM12NEO52RSW250912222436.json - No valid items to process, marked as processed
------------------------------------
------------------------------------
Now in UTC-6 Mexico City: 2025-09-13 00:00:00
Only integrate ['ITM', 'PRM'] files

~~~~~~~~~~~~~~~~~~~~~~~~~~~~~~~~~~~~
Store 02 starts

Found 122 pending items.
Integrating 122 pending files...

pending files successfully integrated.
{'storeCode': '02', 'itemCount': 122}
0 documents found in Bara DB.

~~~~~~~~~~~~~~~~~~~~~~~~~~~~~~~~~~~~
Store 03 starts

Found 109 pending items.
Integrating 109 pending files...

pending files successfully integrated.
{'storeCode': '03', 'itemCount': 109}
0 documents found in Bara DB.

------------------------------------
------------------------------------
Now in UTC-6 Mexico City: 2025-09-13 01:00:00
Only integrate ['ITM', 'PRM'] files

~~~~~~~~~~~~~~~~~~~~~~~~~~~~~~~~~~~~
Store 02 starts

Found 0 pending items.
No pending files to integrate.
0 documents found in Bara DB.

~~~~~~~~~~~~~~~~~~~~~~~~~~~~~~~~~~~~
Store 03 starts

Found 0 pending items.
No pending files to integrate.
0 documents found in Bara DB.

------------------------------------
------------------------------------
Now in UTC-6 Mexico City: 2025-09-13 02:00:01
Only integrate ['ITM', 'PRM'] files

~~~~~~~~~~~~~~~~~~~~~~~~~~~~~~~~~~~~
Store 02 starts

Found 0 pending items.
No pending files to integrate.
0 documents found in Bara DB.

~~~~~~~~~~~~~~~~~~~~~~~~~~~~~~~~~~~~
Store 03 starts

Found 0 pending items.
No pending files to integrate.
0 documents found in Bara DB.

------------------------------------
------------------------------------
Now in UTC-6 Mexico City: 2025-09-13 03:00:00
Only integrate ['ITM', 'PRM'] files

~~~~~~~~~~~~~~~~~~~~~~~~~~~~~~~~~~~~
Store 02 starts

Found 0 pending items.
No pending files to integrate.
0 documents found in Bara DB.

~~~~~~~~~~~~~~~~~~~~~~~~~~~~~~~~~~~~
Store 03 starts

Found 0 pending items.
No pending files to integrate.
0 documents found in Bara DB.

------------------------------------
------------------------------------
Now in UTC-6 Mexico City: 2025-09-13 04:00:00
Only integrate ['ITM', 'PRM'] files

~~~~~~~~~~~~~~~~~~~~~~~~~~~~~~~~~~~~
Store 02 starts

Found 0 pending items.
No pending files to integrate.
0 documents found in Bara DB.

~~~~~~~~~~~~~~~~~~~~~~~~~~~~~~~~~~~~
Store 03 starts

Found 0 pending items.
No pending files to integrate.
0 documents found in Bara DB.

------------------------------------
------------------------------------
Now in UTC-6 Mexico City: 2025-09-13 05:00:00
Only integrate ['ITM', 'PRM'] files

~~~~~~~~~~~~~~~~~~~~~~~~~~~~~~~~~~~~
Store 02 starts

Found 0 pending items.
No pending files to integrate.
0 documents found in Bara DB.

~~~~~~~~~~~~~~~~~~~~~~~~~~~~~~~~~~~~
Store 03 starts

Found 0 pending items.
No pending files to integrate.
0 documents found in Bara DB.

------------------------------------
------------------------------------
Now in UTC-6 Mexico City: 2025-09-13 06:00:00
Only integrate ['ITM', 'PRM'] files

~~~~~~~~~~~~~~~~~~~~~~~~~~~~~~~~~~~~
Store 02 starts

Found 0 pending items.
No pending files to integrate.
0 documents found in Bara DB.

~~~~~~~~~~~~~~~~~~~~~~~~~~~~~~~~~~~~
Store 03 starts

Found 0 pending items.
No pending files to integrate.
0 documents found in Bara DB.

------------------------------------
------------------------------------
Now in UTC-6 Mexico City: 2025-09-13 07:00:01
Only integrate ['ITM', 'PRM'] files

~~~~~~~~~~~~~~~~~~~~~~~~~~~~~~~~~~~~
Store 02 starts

Found 0 pending items.
No pending files to integrate.
0 documents found in Bara DB.

~~~~~~~~~~~~~~~~~~~~~~~~~~~~~~~~~~~~
Store 03 starts

Found 0 pending items.
No pending files to integrate.
0 documents found in Bara DB.

------------------------------------
------------------------------------
Now in UTC-6 Mexico City: 2025-09-13 08:00:01
Only integrate ['ITM', 'PRM'] files

~~~~~~~~~~~~~~~~~~~~~~~~~~~~~~~~~~~~
Store 02 starts

Found 0 pending items.
No pending files to integrate.
0 documents found in Bara DB.

~~~~~~~~~~~~~~~~~~~~~~~~~~~~~~~~~~~~
Store 03 starts

Found 0 pending items.
No pending files to integrate.
0 documents found in Bara DB.

------------------------------------
------------------------------------
Now in UTC-6 Mexico City: 2025-09-13 09:00:00
Only integrate ['ITM', 'PRM'] files

~~~~~~~~~~~~~~~~~~~~~~~~~~~~~~~~~~~~
Store 02 starts

Found 0 pending items.
No pending files to integrate.
0 documents found in Bara DB.

~~~~~~~~~~~~~~~~~~~~~~~~~~~~~~~~~~~~
Store 03 starts

Found 0 pending items.
No pending files to integrate.
0 documents found in Bara DB.

------------------------------------
------------------------------------
Now in UTC-6 Mexico City: 2025-09-13 10:00:01
Only integrate ['ITM', 'PRM'] files

~~~~~~~~~~~~~~~~~~~~~~~~~~~~~~~~~~~~
Store 02 starts

Found 0 pending items.
No pending files to integrate.
1 documents found in Bara DB.

ITM12NEO52DUG250913092653.json

Document names going to integrate: ['ITM12NEO52DUG250913092653.json.gz']

Downloading ITM12NEO52DUG250913092653.json.gz...
✓ Successfully downloaded ITM12NEO52DUG250913092653.json.gz
⚠ ITM12NEO52DUG250913092653.json - No valid items to process, marked as processed
~~~~~~~~~~~~~~~~~~~~~~~~~~~~~~~~~~~~
Store 03 starts

Found 0 pending items.
No pending files to integrate.
1 documents found in Bara DB.

ITM12NEO52RSW250913092629.json

Document names going to integrate: ['ITM12NEO52RSW250913092629.json.gz']

Downloading ITM12NEO52RSW250913092629.json.gz...
✓ Successfully downloaded ITM12NEO52RSW250913092629.json.gz
⚠ ITM12NEO52RSW250913092629.json - No valid items to process, marked as processed
------------------------------------
------------------------------------
Now in UTC-6 Mexico City: 2025-09-13 11:00:01
Only integrate ['ITM', 'PRM'] files

~~~~~~~~~~~~~~~~~~~~~~~~~~~~~~~~~~~~
Store 02 starts

Found 0 pending items.
No pending files to integrate.
0 documents found in Bara DB.

~~~~~~~~~~~~~~~~~~~~~~~~~~~~~~~~~~~~
Store 03 starts

Found 0 pending items.
No pending files to integrate.
0 documents found in Bara DB.

------------------------------------
------------------------------------
Now in UTC-6 Mexico City: 2025-09-13 12:00:01
Only integrate ['ITM', 'PRM'] files

~~~~~~~~~~~~~~~~~~~~~~~~~~~~~~~~~~~~
Store 02 starts

Found 0 pending items.
No pending files to integrate.
0 documents found in Bara DB.

~~~~~~~~~~~~~~~~~~~~~~~~~~~~~~~~~~~~
Store 03 starts

Found 0 pending items.
No pending files to integrate.
0 documents found in Bara DB.

------------------------------------
------------------------------------
Now in UTC-6 Mexico City: 2025-09-13 13:00:01
Only integrate ['ITM', 'PRM'] files

~~~~~~~~~~~~~~~~~~~~~~~~~~~~~~~~~~~~
Store 02 starts

Found 0 pending items.
No pending files to integrate.
0 documents found in Bara DB.

~~~~~~~~~~~~~~~~~~~~~~~~~~~~~~~~~~~~
Store 03 starts

Found 0 pending items.
No pending files to integrate.
0 documents found in Bara DB.

------------------------------------
------------------------------------
Now in UTC-6 Mexico City: 2025-09-13 14:00:00
Only integrate ['ITM', 'PRM'] files

~~~~~~~~~~~~~~~~~~~~~~~~~~~~~~~~~~~~
Store 02 starts

Found 0 pending items.
No pending files to integrate.
0 documents found in Bara DB.

~~~~~~~~~~~~~~~~~~~~~~~~~~~~~~~~~~~~
Store 03 starts

Found 0 pending items.
No pending files to integrate.
0 documents found in Bara DB.

------------------------------------
------------------------------------
Now in UTC-6 Mexico City: 2025-09-13 15:00:00
Only integrate ['ITM', 'PRM'] files

~~~~~~~~~~~~~~~~~~~~~~~~~~~~~~~~~~~~
Store 02 starts

Found 0 pending items.
No pending files to integrate.
0 documents found in Bara DB.

~~~~~~~~~~~~~~~~~~~~~~~~~~~~~~~~~~~~
Store 03 starts

Found 0 pending items.
No pending files to integrate.
0 documents found in Bara DB.

------------------------------------
------------------------------------
Now in UTC-6 Mexico City: 2025-09-13 16:00:01
Only integrate ['ITM', 'PRM'] files

~~~~~~~~~~~~~~~~~~~~~~~~~~~~~~~~~~~~
Store 02 starts

Found 0 pending items.
No pending files to integrate.
0 documents found in Bara DB.

~~~~~~~~~~~~~~~~~~~~~~~~~~~~~~~~~~~~
Store 03 starts

Found 0 pending items.
No pending files to integrate.
0 documents found in Bara DB.

------------------------------------
------------------------------------
Now in UTC-6 Mexico City: 2025-09-13 17:00:00
Only integrate ['ITM', 'PRM'] files

~~~~~~~~~~~~~~~~~~~~~~~~~~~~~~~~~~~~
Store 02 starts

Found 0 pending items.
No pending files to integrate.
0 documents found in Bara DB.

~~~~~~~~~~~~~~~~~~~~~~~~~~~~~~~~~~~~
Store 03 starts

Found 0 pending items.
No pending files to integrate.
0 documents found in Bara DB.

------------------------------------
------------------------------------
Now in UTC-6 Mexico City: 2025-09-13 18:00:00
Only integrate ['ITM', 'PRM'] files

~~~~~~~~~~~~~~~~~~~~~~~~~~~~~~~~~~~~
Store 02 starts

Found 0 pending items.
No pending files to integrate.
0 documents found in Bara DB.

~~~~~~~~~~~~~~~~~~~~~~~~~~~~~~~~~~~~
Store 03 starts

Found 0 pending items.
No pending files to integrate.
0 documents found in Bara DB.

------------------------------------
------------------------------------
Now in UTC-6 Mexico City: 2025-09-13 19:00:01
Only integrate ['ITM', 'PRM'] files

~~~~~~~~~~~~~~~~~~~~~~~~~~~~~~~~~~~~
Store 02 starts

Found 0 pending items.
No pending files to integrate.
0 documents found in Bara DB.

~~~~~~~~~~~~~~~~~~~~~~~~~~~~~~~~~~~~
Store 03 starts

Found 0 pending items.
No pending files to integrate.
0 documents found in Bara DB.

------------------------------------
------------------------------------
Now in UTC-6 Mexico City: 2025-09-13 20:00:00
Only integrate ['ITM', 'PRM'] files

~~~~~~~~~~~~~~~~~~~~~~~~~~~~~~~~~~~~
Store 02 starts

Found 0 pending items.
No pending files to integrate.
0 documents found in Bara DB.

~~~~~~~~~~~~~~~~~~~~~~~~~~~~~~~~~~~~
Store 03 starts

Found 0 pending items.
No pending files to integrate.
0 documents found in Bara DB.

------------------------------------
------------------------------------
Now in UTC-6 Mexico City: 2025-09-13 21:00:00
Only integrate ['ITM', 'PRM'] files

~~~~~~~~~~~~~~~~~~~~~~~~~~~~~~~~~~~~
Store 02 starts

Found 0 pending items.
No pending files to integrate.
0 documents found in Bara DB.

~~~~~~~~~~~~~~~~~~~~~~~~~~~~~~~~~~~~
Store 03 starts

Found 0 pending items.
No pending files to integrate.
0 documents found in Bara DB.

------------------------------------
------------------------------------
Now in UTC-6 Mexico City: 2025-09-13 22:00:00
Only integrate ['ITM', 'PRM'] files

~~~~~~~~~~~~~~~~~~~~~~~~~~~~~~~~~~~~
Store 02 starts

Found 0 pending items.
No pending files to integrate.
0 documents found in Bara DB.

~~~~~~~~~~~~~~~~~~~~~~~~~~~~~~~~~~~~
Store 03 starts

Found 0 pending items.
No pending files to integrate.
0 documents found in Bara DB.

------------------------------------
