2025-10-02 00:00:01: pending files successfully integrated to Customer: Bara, Store: 02.
2025-10-02 00:00:04: pending files successfully integrated to Customer: Bara, Store: 03.
2025-10-02 15:00:05: Download ITM12NEO52DUG251002144230.json.gz successfully integrated to Customer: 52DUG, Store: 12NEO.
2025-10-02 15:00:05: SKIPPED ITM12NEO52DUG251002144230.json for Customer: Bara, Store: 02. No valid items to process
2025-10-02 15:00:09: Download ITM12NEO52RSW251002144203.json.gz successfully integrated to Customer: 52RSW, Store: 12NEO.
2025-10-02 15:00:09: SKIPPED ITM12NEO52RSW251002144203.json for Customer: Bara, Store: 03. No valid items to process
2025-10-02 16:00:04: Download ITM12NEO52DUG251002151520.json.gz successfully integrated to Customer: 52DUG, Store: 12NEO.
2025-10-02 16:00:07: Download PRM12NEO52DUG251002155707.json.gz successfully integrated to Customer: 52DUG, Store: 12NEO.
2025-10-02 16:00:07: SKIPPED ITM12NEO52DUG251002151520.json for Customer: Bara, Store: 02. No valid items to process
2025-10-02 16:00:20: SKIPPED PRM12NEO52DUG251002155707.json for Customer: Bara, Store: 02. No valid items to process
2025-10-02 16:00:23: Download ITM12NEO52RSW251002151518.json.gz successfully integrated to Customer: 52RSW, Store: 12NEO.
2025-10-02 16:00:25: Download PRM12NEO52RSW251002155647.json.gz successfully integrated to Customer: 52RSW, Store: 12NEO.
2025-10-02 16:00:25: SKIPPED ITM12NEO52RSW251002151518.json for Customer: Bara, Store: 03. No valid items to process
2025-10-02 16:00:39: SKIPPED PRM12NEO52RSW251002155647.json for Customer: Bara, Store: 03. No valid items to process
2025-10-02 22:00:04: Download ITM12NEO52DUG251002213755.json.gz successfully integrated to Customer: 52DUG, Store: 12NEO.
2025-10-02 22:00:06: Download ITM12NEO52DUG251002215305.json.gz successfully integrated to Customer: 52DUG, Store: 12NEO.
2025-10-02 22:00:10: ITM12NEO52DUG251002213755.json successfully integrated to Customer: Bara, Store: 02.
2025-10-02 22:00:10: SKIPPED ITM12NEO52DUG251002215305.json for Customer: Bara, Store: 02. No valid items to process
2025-10-02 22:00:13: Download ITM12NEO52RSW251002213732.json.gz successfully integrated to Customer: 52RSW, Store: 12NEO.
2025-10-02 22:00:15: Download ITM12NEO52RSW251002215307.json.gz successfully integrated to Customer: 52RSW, Store: 12NEO.
2025-10-02 22:00:19: ITM12NEO52RSW251002213732.json successfully integrated to Customer: Bara, Store: 03.
2025-10-02 22:00:19: SKIPPED ITM12NEO52RSW251002215307.json for Customer: Bara, Store: 03. No valid items to process
