2025-09-11 00:00:01: pending files successfully integrated to Customer: Bara, Store: 02.
2025-09-11 00:00:06: Download PRM12NEO52DUG250910232818.json.gz successfully integrated to Customer: 52DUG, Store: 12NEO.
2025-09-11 00:00:08: PRM12NEO52DUG250910232818.json successfully integrated to Customer: Bara, Store: 02.
2025-09-11 00:00:08: pending files successfully integrated to Customer: Bara, Store: 03.
2025-09-11 00:00:12: Download PRM12NEO52RSW250910232819.json.gz successfully integrated to Customer: 52RSW, Store: 12NEO.
2025-09-11 00:00:13: PRM12NEO52RSW250910232819.json successfully integrated to Customer: Bara, Store: 03.
2025-09-11 03:00:06: Download ITM12NEO52DUG250911022733.json.gz successfully integrated to Customer: 52DUG, Store: 12NEO.
2025-09-11 03:00:12: ITM12NEO52DUG250911022733.json successfully integrated to Customer: Bara, Store: 02.
2025-09-11 03:00:15: Download ITM12NEO52RSW250911022716.json.gz successfully integrated to Customer: 52RSW, Store: 12NEO.
2025-09-11 03:00:22: ITM12NEO52RSW250911022716.json successfully integrated to Customer: Bara, Store: 03.
2025-09-11 11:00:04: Download ITM12NEO52DUG250911102943.json.gz successfully integrated to Customer: 52DUG, Store: 12NEO.
2025-09-11 11:00:04: SKIPPED ITM12NEO52DUG250911102943.json for Customer: Bara, Store: 02. No valid items to process
2025-09-11 11:00:08: Download ITM12NEO52RSW250911102923.json.gz successfully integrated to Customer: 52RSW, Store: 12NEO.
2025-09-11 11:00:08: SKIPPED ITM12NEO52RSW250911102923.json for Customer: Bara, Store: 03. No valid items to process
2025-09-11 15:00:07: Download ITM12NEO52DUG250911144323.json.gz successfully integrated to Customer: 52DUG, Store: 12NEO.
2025-09-11 15:00:09: Download PRM12NEO52DUG250911145650.json.gz successfully integrated to Customer: 52DUG, Store: 12NEO.
2025-09-11 15:00:20: ITM12NEO52DUG250911144323.json successfully integrated to Customer: Bara, Store: 02.
2025-09-11 15:00:21: SKIPPED PRM12NEO52DUG250911145650.json for Customer: Bara, Store: 02. No valid items to process
2025-09-11 15:00:24: Download ITM12NEO52RSW250911144249.json.gz successfully integrated to Customer: 52RSW, Store: 12NEO.
2025-09-11 15:00:26: Download PRM12NEO52RSW250911145718.json.gz successfully integrated to Customer: 52RSW, Store: 12NEO.
2025-09-11 15:00:37: ITM12NEO52RSW250911144249.json successfully integrated to Customer: Bara, Store: 03.
2025-09-11 15:00:38: SKIPPED PRM12NEO52RSW250911145718.json for Customer: Bara, Store: 03. No valid items to process
2025-09-11 22:00:07: Download ITM12NEO52DUG250911213336.json.gz successfully integrated to Customer: 52DUG, Store: 12NEO.
2025-09-11 22:00:07: SKIPPED ITM12NEO52DUG250911213336.json for Customer: Bara, Store: 02. No valid items to process
2025-09-11 22:00:10: Download ITM12NEO52RSW250911213307.json.gz successfully integrated to Customer: 52RSW, Store: 12NEO.
2025-09-11 22:00:10: SKIPPED ITM12NEO52RSW250911213307.json for Customer: Bara, Store: 03. No valid items to process
2025-09-11 23:00:06: Download PRM12NEO52DUG250911220503.json.gz successfully integrated to Customer: 52DUG, Store: 12NEO.
2025-09-11 23:00:07: SKIPPED PRM12NEO52DUG250911220503.json for Customer: Bara, Store: 02. No valid items to process
2025-09-11 23:00:10: Download PRM12NEO52RSW250911220556.json.gz successfully integrated to Customer: 52RSW, Store: 12NEO.
2025-09-11 23:00:11: SKIPPED PRM12NEO52RSW250911220556.json for Customer: Bara, Store: 03. No valid items to process
