2025-09-18 00:00:01: pending files successfully integrated to Customer: Bara, Store: 02.
2025-09-18 00:00:06: pending files successfully integrated to Customer: Bara, Store: 03.
2025-09-18 07:00:32: ERROR API request failed to integrate to Customer: , Store: . Request timeout (30s) for URL: https://api.oxxo.io/xapi-multichannel-outbound/api/v1/documents
2025-09-18 07:01:07: ERROR API request failed to integrate to Customer: , Store: . Request timeout (30s) for URL: https://api.oxxo.io/xapi-multichannel-outbound/api/v1/documents
2025-09-18 07:01:42: ERROR API request failed to integrate to Customer: , Store: . Request timeout (30s) for URL: https://api.oxxo.io/xapi-multichannel-outbound/api/v1/documents
2025-09-18 07:01:42: ERROR Store 02 Integration failed to integrate to Customer: , Store: . Request timeout
2025-09-18 07:02:13: ERROR API request failed to integrate to Customer: , Store: . Request timeout (30s) for URL: https://api.oxxo.io/xapi-multichannel-outbound/api/v1/documents
2025-09-18 07:02:49: ERROR API request failed to integrate to Customer: , Store: . Request timeout (30s) for URL: https://api.oxxo.io/xapi-multichannel-outbound/api/v1/documents
2025-09-18 07:03:24: ERROR API request failed to integrate to Customer: , Store: . Request timeout (30s) for URL: https://api.oxxo.io/xapi-multichannel-outbound/api/v1/documents
2025-09-18 07:03:24: ERROR Store 03 Integration failed to integrate to Customer: , Store: . Request timeout
2025-09-18 09:00:05: Download ITM12NEO52DUG250918083109.json.gz successfully integrated to Customer: 52DUG, Store: 12NEO.
2025-09-18 09:00:05: SKIPPED ITM12NEO52DUG250918083109.json for Customer: Bara, Store: 02. No valid items to process
2025-09-18 09:00:09: Download ITM12NEO52RSW250918083045.json.gz successfully integrated to Customer: 52RSW, Store: 12NEO.
2025-09-18 09:00:09: SKIPPED ITM12NEO52RSW250918083045.json for Customer: Bara, Store: 03. No valid items to process
2025-09-18 15:00:06: Download PRM12NEO52DUG250918144921.json.gz successfully integrated to Customer: 52DUG, Store: 12NEO.
2025-09-18 15:00:08: Download ITM12NEO52DUG250918145332.json.gz successfully integrated to Customer: 52DUG, Store: 12NEO.
2025-09-18 15:00:10: PRM12NEO52DUG250918144921.json successfully integrated to Customer: Bara, Store: 02.
2025-09-18 15:00:19: ITM12NEO52DUG250918145332.json successfully integrated to Customer: Bara, Store: 02.
2025-09-18 15:00:23: Download PRM12NEO52RSW250918145001.json.gz successfully integrated to Customer: 52RSW, Store: 12NEO.
2025-09-18 15:00:25: Download ITM12NEO52RSW250918145302.json.gz successfully integrated to Customer: 52RSW, Store: 12NEO.
2025-09-18 15:00:27: PRM12NEO52RSW250918145001.json successfully integrated to Customer: Bara, Store: 03.
2025-09-18 15:00:36: ITM12NEO52RSW250918145302.json successfully integrated to Customer: Bara, Store: 03.
2025-09-18 22:00:05: Download ITM12NEO52DUG250918214616.json.gz successfully integrated to Customer: 52DUG, Store: 12NEO.
2025-09-18 22:00:07: Download ITM12NEO52DUG250918215140.json.gz successfully integrated to Customer: 52DUG, Store: 12NEO.
2025-09-18 22:00:08: ITM12NEO52DUG250918214616.json successfully integrated to Customer: Bara, Store: 02.
2025-09-18 22:00:08: SKIPPED ITM12NEO52DUG250918215140.json for Customer: Bara, Store: 02. No valid items to process
2025-09-18 22:00:11: Download ITM12NEO52RSW250918214553.json.gz successfully integrated to Customer: 52RSW, Store: 12NEO.
2025-09-18 22:00:13: Download ITM12NEO52RSW250918215137.json.gz successfully integrated to Customer: 52RSW, Store: 12NEO.
2025-09-18 22:00:14: ITM12NEO52RSW250918214553.json successfully integrated to Customer: Bara, Store: 03.
2025-09-18 22:00:14: SKIPPED ITM12NEO52RSW250918215137.json for Customer: Bara, Store: 03. No valid items to process
