2025-09-26 00:00:01: pending files successfully integrated to Customer: Bara, Store: 02.
2025-09-26 00:00:04: pending files successfully integrated to Customer: Bara, Store: 03.
2025-09-26 10:00:06: Download ITM12NEO52DUG250926090223.json.gz successfully integrated to Customer: 52DUG, Store: 12NEO.
2025-09-26 10:00:06: SKIPPED ITM12NEO52DUG250926090223.json for Customer: Bara, Store: 02. No valid items to process
2025-09-26 10:00:09: Download ITM12NEO52RSW250926090201.json.gz successfully integrated to Customer: 52RSW, Store: 12NEO.
2025-09-26 10:00:09: SKIPPED ITM12NEO52RSW250926090201.json for Customer: Bara, Store: 03. No valid items to process
2025-09-26 13:01:01: ERROR API request failed to integrate to Customer: , Store: . Connection error for URL https://ipaas.oxxo.io/integration/rest/oAuth/getToken?grant_type=client_credentials: HTTPSConnectionPool(host='ipaas.oxxo.io', port=443): Max retries exceeded with url: /integration/rest/oAuth/getToken?grant_type=client_credentials (Caused by NameResolutionError("<urllib3.connection.HTTPSConnection object at 0x101def130>: Failed to resolve 'ipaas.oxxo.io' ([Errno 8] nodename nor servname provided, or not known)"))
2025-09-26 13:02:06: ERROR API request failed to integrate to Customer: , Store: . Connection error for URL https://ipaas.oxxo.io/integration/rest/oAuth/getToken?grant_type=client_credentials: HTTPSConnectionPool(host='ipaas.oxxo.io', port=443): Max retries exceeded with url: /integration/rest/oAuth/getToken?grant_type=client_credentials (Caused by NameResolutionError("<urllib3.connection.HTTPSConnection object at 0x101defbb0>: Failed to resolve 'ipaas.oxxo.io' ([Errno 8] nodename nor servname provided, or not known)"))
2025-09-26 13:03:11: ERROR API request failed to integrate to Customer: , Store: . Connection error for URL https://ipaas.oxxo.io/integration/rest/oAuth/getToken?grant_type=client_credentials: HTTPSConnectionPool(host='ipaas.oxxo.io', port=443): Max retries exceeded with url: /integration/rest/oAuth/getToken?grant_type=client_credentials (Caused by NameResolutionError("<urllib3.connection.HTTPSConnection object at 0x101e504f0>: Failed to resolve 'ipaas.oxxo.io' ([Errno 8] nodename nor servname provided, or not known)"))
2025-09-26 13:03:11: ERROR Store 02 Integration failed to integrate to Customer: , Store: . Connection error
2025-09-26 13:04:11: ERROR API request failed to integrate to Customer: , Store: . Connection error for URL https://ipaas.oxxo.io/integration/rest/oAuth/getToken?grant_type=client_credentials: HTTPSConnectionPool(host='ipaas.oxxo.io', port=443): Max retries exceeded with url: /integration/rest/oAuth/getToken?grant_type=client_credentials (Caused by NameResolutionError("<urllib3.connection.HTTPSConnection object at 0x101e50ee0>: Failed to resolve 'ipaas.oxxo.io' ([Errno 8] nodename nor servname provided, or not known)"))
2025-09-26 13:05:16: ERROR API request failed to integrate to Customer: , Store: . Connection error for URL https://ipaas.oxxo.io/integration/rest/oAuth/getToken?grant_type=client_credentials: HTTPSConnectionPool(host='ipaas.oxxo.io', port=443): Max retries exceeded with url: /integration/rest/oAuth/getToken?grant_type=client_credentials (Caused by NameResolutionError("<urllib3.connection.HTTPSConnection object at 0x101e51960>: Failed to resolve 'ipaas.oxxo.io' ([Errno 8] nodename nor servname provided, or not known)"))
2025-09-26 13:06:21: ERROR API request failed to integrate to Customer: , Store: . Connection error for URL https://ipaas.oxxo.io/integration/rest/oAuth/getToken?grant_type=client_credentials: HTTPSConnectionPool(host='ipaas.oxxo.io', port=443): Max retries exceeded with url: /integration/rest/oAuth/getToken?grant_type=client_credentials (Caused by NameResolutionError("<urllib3.connection.HTTPSConnection object at 0x101defb20>: Failed to resolve 'ipaas.oxxo.io' ([Errno 8] nodename nor servname provided, or not known)"))
2025-09-26 13:06:21: ERROR Store 03 Integration failed to integrate to Customer: , Store: . Connection error
2025-09-26 15:00:32: ERROR API request failed to integrate to Customer: , Store: . Request timeout (30s) for URL: https://api.oxxo.io/xapi-multichannel-outbound/api/v1/documents
2025-09-26 15:01:07: ERROR API request failed to integrate to Customer: , Store: . Request timeout (30s) for URL: https://api.oxxo.io/xapi-multichannel-outbound/api/v1/documents
2025-09-26 15:01:44: Download ITM12NEO52DUG250926144933.json.gz successfully integrated to Customer: 52DUG, Store: 12NEO.
2025-09-26 15:01:46: Download ITM12NEO52DUG250926145429.json.gz successfully integrated to Customer: 52DUG, Store: 12NEO.
2025-09-26 15:01:46: SKIPPED ITM12NEO52DUG250926144933.json for Customer: Bara, Store: 02. No valid items to process
2025-09-26 15:01:46: SKIPPED ITM12NEO52DUG250926145429.json for Customer: Bara, Store: 02. No valid items to process
2025-09-26 15:01:50: Download ITM12NEO52RSW250926144911.json.gz successfully integrated to Customer: 52RSW, Store: 12NEO.
2025-09-26 15:01:52: Download ITM12NEO52RSW250926145430.json.gz successfully integrated to Customer: 52RSW, Store: 12NEO.
2025-09-26 15:01:53: SKIPPED ITM12NEO52RSW250926144911.json for Customer: Bara, Store: 03. No valid items to process
2025-09-26 15:01:53: SKIPPED ITM12NEO52RSW250926145430.json for Customer: Bara, Store: 03. No valid items to process
2025-09-26 22:00:07: Download ITM12NEO52DUG250926215226.json.gz successfully integrated to Customer: 52DUG, Store: 12NEO.
2025-09-26 22:00:11: ITM12NEO52DUG250926215226.json successfully integrated to Customer: Bara, Store: 02.
2025-09-26 22:00:15: Download ITM12NEO52RSW250926215202.json.gz successfully integrated to Customer: 52RSW, Store: 12NEO.
2025-09-26 22:00:19: ITM12NEO52RSW250926215202.json successfully integrated to Customer: Bara, Store: 03.
