2025-09-04 00:00:01: pending files successfully integrated to Customer: Bara, Store: 02.
2025-09-04 00:00:07: Download PRM12NEO52DUG250903231749.json.gz successfully integrated to Customer: 52DUG, Store: 12NEO.
2025-09-04 00:00:09: PRM12NEO52DUG250903231749.json successfully integrated to Customer: Bara, Store: 02.
2025-09-04 00:00:09: pending files successfully integrated to Customer: Bara, Store: 03.
2025-09-04 00:00:13: Download PRM12NEO52RSW250903231732.json.gz successfully integrated to Customer: 52RSW, Store: 12NEO.
2025-09-04 00:00:15: PRM12NEO52RSW250903231732.json successfully integrated to Customer: Bara, Store: 03.
2025-09-04 11:00:08: Download PRM12NEO52DUG250904101343.json.gz successfully integrated to Customer: 52DUG, Store: 12NEO.
2025-09-04 11:00:48: PRM12NEO52DUG250904101343.json successfully integrated to Customer: Bara, Store: 02.
2025-09-04 11:01:01: Download PRM12NEO52RSW250904101339.json.gz successfully integrated to Customer: 52RSW, Store: 12NEO.
2025-09-04 11:01:42: PRM12NEO52RSW250904101339.json successfully integrated to Customer: Bara, Store: 03.
2025-09-04 12:00:08: Download ITM12NEO52DUG250904110419.json.gz successfully integrated to Customer: 52DUG, Store: 12NEO.
2025-09-04 12:00:16: ITM12NEO52DUG250904110419.json successfully integrated to Customer: Bara, Store: 02.
2025-09-04 12:00:20: Download ITM12NEO52RSW250904110354.json.gz successfully integrated to Customer: 52RSW, Store: 12NEO.
2025-09-04 12:00:29: ITM12NEO52RSW250904110354.json successfully integrated to Customer: Bara, Store: 03.
2025-09-04 15:00:14: Download PRM12NEO52DUG250904145354.json.gz successfully integrated to Customer: 52DUG, Store: 12NEO.
2025-09-04 15:02:32: PRM12NEO52DUG250904145354.json successfully integrated to Customer: Bara, Store: 02.
2025-09-04 15:02:36: Download PRM12NEO52RSW250904145355.json.gz successfully integrated to Customer: 52RSW, Store: 12NEO.
2025-09-04 15:04:54: PRM12NEO52RSW250904145355.json successfully integrated to Customer: Bara, Store: 03.
2025-09-04 16:00:07: Download ITM12NEO52DUG250904150917.json.gz successfully integrated to Customer: 52DUG, Store: 12NEO.
2025-09-04 16:00:19: ITM12NEO52DUG250904150917.json successfully integrated to Customer: Bara, Store: 02.
2025-09-04 16:00:23: Download ITM12NEO52RSW250904150848.json.gz successfully integrated to Customer: 52RSW, Store: 12NEO.
2025-09-04 16:00:35: ITM12NEO52RSW250904150848.json successfully integrated to Customer: Bara, Store: 03.
2025-09-04 19:00:11: Download ITM12NEO52DUG250904182012.json.gz successfully integrated to Customer: 52DUG, Store: 12NEO.
2025-09-04 19:04:05: ITM12NEO52DUG250904182012.json successfully integrated to Customer: Bara, Store: 02.
2025-09-04 19:04:09: Download ITM12NEO52RSW250904182008.json.gz successfully integrated to Customer: 52RSW, Store: 12NEO.
2025-09-04 19:07:58: ITM12NEO52RSW250904182008.json successfully integrated to Customer: Bara, Store: 03.
2025-09-04 21:00:08: Download ITM12NEO52DUG250904203945.json.gz successfully integrated to Customer: 52DUG, Store: 12NEO.
2025-09-04 21:02:18: ITM12NEO52DUG250904203945.json successfully integrated to Customer: Bara, Store: 02.
2025-09-04 21:02:23: Download ITM12NEO52RSW250904203921.json.gz successfully integrated to Customer: 52RSW, Store: 12NEO.
2025-09-04 21:04:30: ITM12NEO52RSW250904203921.json successfully integrated to Customer: Bara, Store: 03.
2025-09-04 22:00:10: Download ITM12NEO52DUG250904214344.json.gz successfully integrated to Customer: 52DUG, Store: 12NEO.
2025-09-04 22:00:12: Download ITM12NEO52DUG250904215014.json.gz successfully integrated to Customer: 52DUG, Store: 12NEO.
2025-09-04 22:00:16: ITM12NEO52DUG250904214344.json successfully integrated to Customer: Bara, Store: 02.
2025-09-04 22:00:16: SKIPPED ITM12NEO52DUG250904215014.json for Customer: Bara, Store: 02. No valid items to process
2025-09-04 22:00:19: Download ITM12NEO52RSW250904214321.json.gz successfully integrated to Customer: 52RSW, Store: 12NEO.
2025-09-04 22:00:21: Download ITM12NEO52RSW250904215015.json.gz successfully integrated to Customer: 52RSW, Store: 12NEO.
2025-09-04 22:00:24: ITM12NEO52RSW250904214321.json successfully integrated to Customer: Bara, Store: 03.
2025-09-04 22:00:24: SKIPPED ITM12NEO52RSW250904215015.json for Customer: Bara, Store: 03. No valid items to process
