2024-10-17 02:43:05: ITM12NEO52IGZ240917133712.json successfully integrated to Customer: Bara, Store: 02.
2024-10-17 02:43:06: ITM12NEO52IGZ240917203430.json successfully integrated to Customer: Bara, Store: 02.
2024-10-17 02:43:06: ITM12NEO52IGZ240918021252.json successfully integrated to Customer: Bara, Store: 02.
2024-10-17 02:43:06: ITM12NEO52IGZ240918133648.json successfully integrated to Customer: Bara, Store: 02.
2024-10-17 02:43:06: ITM12NEO52IGZ240918205444.json successfully integrated to Customer: Bara, Store: 02.
2024-10-17 02:43:07: ITM12NEO52IGZ240919021554.json successfully integrated to Customer: Bara, Store: 02.
2024-10-17 02:43:07: ITM12NEO52IGZ240919133310.json successfully integrated to Customer: Bara, Store: 02.
2024-10-17 02:43:07: ITM12NEO52IGZ240919205115.json successfully integrated to Customer: Bara, Store: 02.
2024-10-17 02:43:07: ITM12NEO52IGZ240920021419.json successfully integrated to Customer: Bara, Store: 02.
2024-10-17 02:43:08: ITM12NEO52IGZ240920133458.json successfully integrated to Customer: Bara, Store: 02.
2024-10-17 02:43:08: ITM12NEO52IGZ240920203417.json successfully integrated to Customer: Bara, Store: 02.
2024-10-17 02:43:08: ITM12NEO52IGZ240921133840.json successfully integrated to Customer: Bara, Store: 02.
2024-10-17 02:43:08: ITM12NEO52IGZ240922133303.json successfully integrated to Customer: Bara, Store: 02.
2024-10-17 02:43:09: ITM12NEO52IGZ240923133817.json successfully integrated to Customer: Bara, Store: 02.
2024-10-17 02:43:09: ITM12NEO52IGZ240923203523.json successfully integrated to Customer: Bara, Store: 02.
2024-10-17 02:43:09: ITM12NEO52IGZ240924133741.json successfully integrated to Customer: Bara, Store: 02.
2024-10-17 02:43:09: ITM12NEO52IGZ240924203543.json successfully integrated to Customer: Bara, Store: 02.
2024-10-17 02:43:10: ITM12NEO52IGZ240925133325.json successfully integrated to Customer: Bara, Store: 02.
2024-10-17 02:43:10: ITM12NEO52IGZ240925204740.json successfully integrated to Customer: Bara, Store: 02.
2024-10-17 02:43:10: ITM12NEO52IGZ240927021908.json successfully integrated to Customer: Bara, Store: 02.
2024-10-17 02:43:10: ITM12NEO52IGZ240927133609.json successfully integrated to Customer: Bara, Store: 02.
2024-10-17 02:43:10: ITM12NEO52IGZ240927203333.json successfully integrated to Customer: Bara, Store: 02.
2024-10-17 02:43:11: ITM12NEO52IGZ240928022257.json successfully integrated to Customer: Bara, Store: 02.
2024-10-17 02:43:11: ITM12NEO52IGZ240929133258.json successfully integrated to Customer: Bara, Store: 02.
2024-10-17 02:43:11: ITM12NEO52IGZ240930022833.json successfully integrated to Customer: Bara, Store: 02.
2024-10-17 02:43:11: ITM12NEO52IGZ240930131507.json successfully integrated to Customer: Bara, Store: 02.
2024-10-17 02:43:12: ITM12NEO52IGZ240930142414.json successfully integrated to Customer: Bara, Store: 02.
2024-10-17 02:43:12: ITM12NEO52IGZ240930200530.json successfully integrated to Customer: Bara, Store: 02.
2024-10-17 02:43:12: ITM12NEO52IGZ241001021546.json successfully integrated to Customer: Bara, Store: 02.
2024-10-17 02:43:13: PRM12NEO52IGZ241001145818.json successfully integrated to Customer: Bara, Store: 02.
2024-10-17 02:43:14: ITM12NEO52IGZ241001203220.json successfully integrated to Customer: Bara, Store: 02.
2024-10-17 02:43:14: ITM12NEO52IGZ241002020000.json successfully integrated to Customer: Bara, Store: 02.
2024-10-17 02:43:14: ITM12NEO52IGZ241002133202.json successfully integrated to Customer: Bara, Store: 02.
2024-10-17 02:43:20: PRM12NEO52IGZ241002142244.json successfully integrated to Customer: Bara, Store: 02.
2024-10-17 02:43:20: ITM12NEO52IGZ241002190247.json successfully integrated to Customer: Bara, Store: 02.
2024-10-17 02:43:20: ITM12NEO52IGZ241003015922.json successfully integrated to Customer: Bara, Store: 02.
2024-10-17 02:43:21: ITM12NEO52IGZ241003133208.json successfully integrated to Customer: Bara, Store: 02.
2024-10-17 02:43:21: ITM12NEO52IGZ241003203238.json successfully integrated to Customer: Bara, Store: 02.
2024-10-17 02:43:21: ITM12NEO52IGZ241004015432.json successfully integrated to Customer: Bara, Store: 02.
2024-10-17 02:43:21: ITM12NEO52IGZ241004203219.json successfully integrated to Customer: Bara, Store: 02.
2024-10-17 02:43:21: ITM12NEO52IGZ241005203150.json successfully integrated to Customer: Bara, Store: 02.
2024-10-17 02:43:22: ITM12NEO52IGZ241006015449.json successfully integrated to Customer: Bara, Store: 02.
2024-10-17 02:43:22: ITM12NEO52IGZ241006133429.json successfully integrated to Customer: Bara, Store: 02.
2024-10-17 02:43:22: ITM12NEO52IGZ241007203704.json successfully integrated to Customer: Bara, Store: 02.
2024-10-17 02:43:24: ITM12NEO52IGZ241008021000.json successfully integrated to Customer: Bara, Store: 02.
2024-10-17 02:43:24: ITM12NEO52IGZ241008133652.json successfully integrated to Customer: Bara, Store: 02.
2024-10-17 02:43:24: ITM12NEO52IGZ241008203338.json successfully integrated to Customer: Bara, Store: 02.
2024-10-17 02:43:24: ITM12NEO52IGZ241009015830.json successfully integrated to Customer: Bara, Store: 02.
2024-10-17 02:43:25: ITM12NEO52IGZ241009133559.json successfully integrated to Customer: Bara, Store: 02.
2024-10-17 02:43:25: ITM12NEO52IGZ241009203241.json successfully integrated to Customer: Bara, Store: 02.
2024-10-17 02:43:25: ITM12NEO52IGZ241010021031.json successfully integrated to Customer: Bara, Store: 02.
2024-10-17 02:43:25: ITM12NEO52IGZ241010133321.json successfully integrated to Customer: Bara, Store: 02.
2024-10-17 02:43:26: ITM12NEO52IGZ241010203329.json successfully integrated to Customer: Bara, Store: 02.
2024-10-17 02:43:26: ITM12NEO52IGZ241011133403.json successfully integrated to Customer: Bara, Store: 02.
2024-10-17 02:43:26: PRM12NEO52IGZ241011135110.json successfully integrated to Customer: Bara, Store: 02.
2024-10-17 02:43:26: ITM12NEO52IGZ241011203212.json successfully integrated to Customer: Bara, Store: 02.
2024-10-17 02:43:27: ITM12NEO52IGZ241012015630.json successfully integrated to Customer: Bara, Store: 02.
2024-10-17 02:43:27: ITM12NEO52IGZ241012133545.json successfully integrated to Customer: Bara, Store: 02.
2024-10-17 02:43:27: ITM12NEO52IGZ241012203210.json successfully integrated to Customer: Bara, Store: 02.
2024-10-17 02:43:27: ITM12NEO52IGZ241014203241.json successfully integrated to Customer: Bara, Store: 02.
2024-10-17 02:43:28: ITM12NEO52IGZ241015020224.json successfully integrated to Customer: Bara, Store: 02.
2024-10-17 02:43:28: ITM12NEO52IGZ241015134032.json successfully integrated to Customer: Bara, Store: 02.
2024-10-17 02:43:28: ITM12NEO52IGZ241015203210.json successfully integrated to Customer: Bara, Store: 02.
2024-10-17 02:43:28: ITM12NEO52IGZ241016015901.json successfully integrated to Customer: Bara, Store: 02.
2024-10-17 02:43:29: ITM12NEO52IGZ241016134145.json successfully integrated to Customer: Bara, Store: 02.
2024-10-17 02:43:29: PRM12NEO52IGZ241016135017.json successfully integrated to Customer: Bara, Store: 02.
2024-10-17 02:43:29: ITM12NEO52IGZ241016203323.json successfully integrated to Customer: Bara, Store: 02.
2024-10-17 02:44:39: ITM12NEO52RSW240917133652.json successfully integrated to Customer: Bara, Store: 03.
2024-10-17 02:44:39: ITM12NEO52RSW240917203419.json successfully integrated to Customer: Bara, Store: 03.
2024-10-17 02:44:40: ITM12NEO52RSW240918021243.json successfully integrated to Customer: Bara, Store: 03.
2024-10-17 02:44:40: ITM12NEO52RSW240918133637.json successfully integrated to Customer: Bara, Store: 03.
2024-10-17 02:44:40: ITM12NEO52RSW240918205418.json successfully integrated to Customer: Bara, Store: 03.
2024-10-17 02:44:40: ITM12NEO52RSW240919021540.json successfully integrated to Customer: Bara, Store: 03.
2024-10-17 02:44:40: ITM12NEO52RSW240919133255.json successfully integrated to Customer: Bara, Store: 03.
2024-10-17 02:44:41: ITM12NEO52RSW240919205058.json successfully integrated to Customer: Bara, Store: 03.
2024-10-17 02:44:41: ITM12NEO52RSW240920021407.json successfully integrated to Customer: Bara, Store: 03.
2024-10-17 02:44:41: ITM12NEO52RSW240920133446.json successfully integrated to Customer: Bara, Store: 03.
2024-10-17 02:44:42: ITM12NEO52RSW240920203407.json successfully integrated to Customer: Bara, Store: 03.
2024-10-17 02:44:42: ITM12NEO52RSW240921133823.json successfully integrated to Customer: Bara, Store: 03.
2024-10-17 02:44:42: ITM12NEO52RSW240922133244.json successfully integrated to Customer: Bara, Store: 03.
2024-10-17 02:44:42: ITM12NEO52RSW240923133759.json successfully integrated to Customer: Bara, Store: 03.
2024-10-17 02:44:42: ITM12NEO52RSW240923203508.json successfully integrated to Customer: Bara, Store: 03.
2024-10-17 02:44:43: ITM12NEO52RSW240924133719.json successfully integrated to Customer: Bara, Store: 03.
2024-10-17 02:44:43: ITM12NEO52RSW240924203525.json successfully integrated to Customer: Bara, Store: 03.
2024-10-17 02:44:43: ITM12NEO52RSW240925133315.json successfully integrated to Customer: Bara, Store: 03.
2024-10-17 02:44:44: ITM12NEO52RSW240925204724.json successfully integrated to Customer: Bara, Store: 03.
2024-10-17 02:44:44: ITM12NEO52RSW240927021854.json successfully integrated to Customer: Bara, Store: 03.
2024-10-17 02:44:44: ITM12NEO52RSW240927133557.json successfully integrated to Customer: Bara, Store: 03.
2024-10-17 02:44:44: ITM12NEO52RSW240927203321.json successfully integrated to Customer: Bara, Store: 03.
2024-10-17 02:44:44: ITM12NEO52RSW240928022201.json successfully integrated to Customer: Bara, Store: 03.
2024-10-17 02:44:45: ITM12NEO52RSW240929133248.json successfully integrated to Customer: Bara, Store: 03.
2024-10-17 02:44:45: ITM12NEO52RSW240930022822.json successfully integrated to Customer: Bara, Store: 03.
2024-10-17 02:44:45: ITM12NEO52RSW240930131447.json successfully integrated to Customer: Bara, Store: 03.
2024-10-17 02:44:45: ITM12NEO52RSW240930142402.json successfully integrated to Customer: Bara, Store: 03.
2024-10-17 02:44:46: ITM12NEO52RSW240930200512.json successfully integrated to Customer: Bara, Store: 03.
2024-10-17 02:44:46: ITM12NEO52RSW241001021532.json successfully integrated to Customer: Bara, Store: 03.
2024-10-17 02:44:46: ITM12NEO52RSW241001135925.json successfully integrated to Customer: Bara, Store: 03.
2024-10-17 02:44:47: PRM12NEO52RSW241001145703.json successfully integrated to Customer: Bara, Store: 03.
2024-10-17 02:44:47: ITM12NEO52RSW241001203212.json successfully integrated to Customer: Bara, Store: 03.
2024-10-17 02:44:47: ITM12NEO52RSW241002015954.json successfully integrated to Customer: Bara, Store: 03.
2024-10-17 02:44:47: ITM12NEO52RSW241002133157.json successfully integrated to Customer: Bara, Store: 03.
2024-10-17 02:44:48: PRM12NEO52RSW241002142240.json successfully integrated to Customer: Bara, Store: 03.
2024-10-17 02:44:48: ITM12NEO52RSW241002190243.json successfully integrated to Customer: Bara, Store: 03.
2024-10-17 02:44:48: ITM12NEO52RSW241003015912.json successfully integrated to Customer: Bara, Store: 03.
2024-10-17 02:44:49: ITM12NEO52RSW241003133202.json successfully integrated to Customer: Bara, Store: 03.
2024-10-17 02:44:49: ITM12NEO52RSW241003203227.json successfully integrated to Customer: Bara, Store: 03.
2024-10-17 02:44:49: ITM12NEO52RSW241004015427.json successfully integrated to Customer: Bara, Store: 03.
2024-10-17 02:44:49: ITM12NEO52RSW241004203213.json successfully integrated to Customer: Bara, Store: 03.
2024-10-17 02:44:50: ITM12NEO52RSW241006015444.json successfully integrated to Customer: Bara, Store: 03.
2024-10-17 02:44:50: ITM12NEO52RSW241006133426.json successfully integrated to Customer: Bara, Store: 03.
2024-10-17 02:44:50: ITM12NEO52RSW241007203701.json successfully integrated to Customer: Bara, Store: 03.
2024-10-17 02:44:51: ITM12NEO52RSW241008133650.json successfully integrated to Customer: Bara, Store: 03.
2024-10-17 02:44:51: ITM12NEO52RSW241008203335.json successfully integrated to Customer: Bara, Store: 03.
2024-10-17 02:44:51: ITM12NEO52RSW241009015829.json successfully integrated to Customer: Bara, Store: 03.
2024-10-17 02:44:51: ITM12NEO52RSW241009133559.json successfully integrated to Customer: Bara, Store: 03.
2024-10-17 02:44:52: ITM12NEO52RSW241009203240.json successfully integrated to Customer: Bara, Store: 03.
2024-10-17 02:44:52: ITM12NEO52RSW241010021028.json successfully integrated to Customer: Bara, Store: 03.
2024-10-17 02:44:52: ITM12NEO52RSW241010133319.json successfully integrated to Customer: Bara, Store: 03.
2024-10-17 02:44:52: ITM12NEO52RSW241010203326.json successfully integrated to Customer: Bara, Store: 03.
2024-10-17 02:44:53: ITM12NEO52RSW241011133403.json successfully integrated to Customer: Bara, Store: 03.
2024-10-17 02:44:53: PRM12NEO52RSW241011135109.json successfully integrated to Customer: Bara, Store: 03.
2024-10-17 02:44:53: ITM12NEO52RSW241011203211.json successfully integrated to Customer: Bara, Store: 03.
2024-10-17 02:44:53: ITM12NEO52RSW241012015630.json successfully integrated to Customer: Bara, Store: 03.
2024-10-17 02:44:53: ITM12NEO52RSW241012133544.json successfully integrated to Customer: Bara, Store: 03.
2024-10-17 02:44:54: ITM12NEO52RSW241012203208.json successfully integrated to Customer: Bara, Store: 03.
2024-10-17 02:44:54: ITM12NEO52RSW241014203237.json successfully integrated to Customer: Bara, Store: 03.
2024-10-17 02:44:54: ITM12NEO52RSW241015020219.json successfully integrated to Customer: Bara, Store: 03.
2024-10-17 02:44:54: ITM12NEO52RSW241015134029.json successfully integrated to Customer: Bara, Store: 03.
2024-10-17 02:44:55: ITM12NEO52RSW241015203208.json successfully integrated to Customer: Bara, Store: 03.
2024-10-17 02:44:55: ITM12NEO52RSW241016015856.json successfully integrated to Customer: Bara, Store: 03.
2024-10-17 02:44:55: ITM12NEO52RSW241016134143.json successfully integrated to Customer: Bara, Store: 03.
2024-10-17 02:44:55: PRM12NEO52RSW241016135015.json successfully integrated to Customer: Bara, Store: 03.
2024-10-17 02:44:56: ITM12NEO52RSW241016203322.json successfully integrated to Customer: Bara, Store: 03.
2024-10-17 02:48:06: ITM12NEO52IGZ240917133712.json successfully integrated to Customer: Bara, Store: 02.
2024-10-17 02:48:06: ITM12NEO52IGZ240917203430.json successfully integrated to Customer: Bara, Store: 02.
2024-10-17 02:48:06: ITM12NEO52IGZ240918021252.json successfully integrated to Customer: Bara, Store: 02.
2024-10-17 02:48:07: ITM12NEO52IGZ240918133648.json successfully integrated to Customer: Bara, Store: 02.
2024-10-17 02:48:07: ITM12NEO52IGZ240918205444.json successfully integrated to Customer: Bara, Store: 02.
2024-10-17 02:48:07: ITM12NEO52IGZ240919021554.json successfully integrated to Customer: Bara, Store: 02.
2024-10-17 02:48:07: ITM12NEO52IGZ240919133310.json successfully integrated to Customer: Bara, Store: 02.
2024-10-17 02:48:08: ITM12NEO52IGZ240919205115.json successfully integrated to Customer: Bara, Store: 02.
2024-10-17 02:48:08: ITM12NEO52IGZ240920021419.json successfully integrated to Customer: Bara, Store: 02.
2024-10-17 02:48:08: ITM12NEO52IGZ240920133458.json successfully integrated to Customer: Bara, Store: 02.
2024-10-17 02:48:08: ITM12NEO52IGZ240920203417.json successfully integrated to Customer: Bara, Store: 02.
2024-10-17 02:48:09: ITM12NEO52IGZ240921133840.json successfully integrated to Customer: Bara, Store: 02.
2024-10-17 02:48:09: ITM12NEO52IGZ240922133303.json successfully integrated to Customer: Bara, Store: 02.
2024-10-17 02:48:09: ITM12NEO52IGZ240923133817.json successfully integrated to Customer: Bara, Store: 02.
2024-10-17 02:48:09: ITM12NEO52IGZ240923203523.json successfully integrated to Customer: Bara, Store: 02.
2024-10-17 02:48:10: ITM12NEO52IGZ240924133741.json successfully integrated to Customer: Bara, Store: 02.
2024-10-17 02:48:10: ITM12NEO52IGZ240924203543.json successfully integrated to Customer: Bara, Store: 02.
2024-10-17 02:48:10: ITM12NEO52IGZ240925133325.json successfully integrated to Customer: Bara, Store: 02.
2024-10-17 02:48:10: ITM12NEO52IGZ240925204740.json successfully integrated to Customer: Bara, Store: 02.
2024-10-17 02:48:11: ITM12NEO52IGZ240927021908.json successfully integrated to Customer: Bara, Store: 02.
2024-10-17 02:48:11: ITM12NEO52IGZ240927133609.json successfully integrated to Customer: Bara, Store: 02.
2024-10-17 02:48:11: ITM12NEO52IGZ240927203333.json successfully integrated to Customer: Bara, Store: 02.
2024-10-17 02:48:11: ITM12NEO52IGZ240928022257.json successfully integrated to Customer: Bara, Store: 02.
2024-10-17 02:48:12: ITM12NEO52IGZ240929133258.json successfully integrated to Customer: Bara, Store: 02.
2024-10-17 02:48:12: ITM12NEO52IGZ240930022833.json successfully integrated to Customer: Bara, Store: 02.
2024-10-17 02:48:12: ITM12NEO52IGZ240930131507.json successfully integrated to Customer: Bara, Store: 02.
2024-10-17 02:48:12: ITM12NEO52IGZ240930142414.json successfully integrated to Customer: Bara, Store: 02.
2024-10-17 02:48:13: ITM12NEO52IGZ240930200530.json successfully integrated to Customer: Bara, Store: 02.
2024-10-17 02:48:13: ITM12NEO52IGZ241001021546.json successfully integrated to Customer: Bara, Store: 02.
2024-10-17 02:48:13: PRM12NEO52IGZ241001145818.json successfully integrated to Customer: Bara, Store: 02.
2024-10-17 02:48:14: ITM12NEO52IGZ241001203220.json successfully integrated to Customer: Bara, Store: 02.
2024-10-17 02:48:14: ITM12NEO52IGZ241002020000.json successfully integrated to Customer: Bara, Store: 02.
2024-10-17 02:48:14: ITM12NEO52IGZ241002133202.json successfully integrated to Customer: Bara, Store: 02.
2024-10-17 02:48:14: PRM12NEO52IGZ241002142244.json successfully integrated to Customer: Bara, Store: 02.
2024-10-17 02:48:15: ITM12NEO52IGZ241002190247.json successfully integrated to Customer: Bara, Store: 02.
2024-10-17 02:48:15: ITM12NEO52IGZ241003015922.json successfully integrated to Customer: Bara, Store: 02.
2024-10-17 02:48:15: ITM12NEO52IGZ241003133208.json successfully integrated to Customer: Bara, Store: 02.
2024-10-17 02:48:16: ITM12NEO52IGZ241003203238.json successfully integrated to Customer: Bara, Store: 02.
2024-10-17 02:48:16: ITM12NEO52IGZ241004015432.json successfully integrated to Customer: Bara, Store: 02.
2024-10-17 02:48:16: ITM12NEO52IGZ241004203219.json successfully integrated to Customer: Bara, Store: 02.
2024-10-17 02:48:16: ITM12NEO52IGZ241005203150.json successfully integrated to Customer: Bara, Store: 02.
2024-10-17 02:48:17: ITM12NEO52IGZ241006015449.json successfully integrated to Customer: Bara, Store: 02.
2024-10-17 02:48:17: ITM12NEO52IGZ241006133429.json successfully integrated to Customer: Bara, Store: 02.
2024-10-17 02:48:17: ITM12NEO52IGZ241007203704.json successfully integrated to Customer: Bara, Store: 02.
2024-10-17 02:48:17: ITM12NEO52IGZ241008021000.json successfully integrated to Customer: Bara, Store: 02.
2024-10-17 02:48:17: ITM12NEO52IGZ241008133652.json successfully integrated to Customer: Bara, Store: 02.
2024-10-17 02:48:18: ITM12NEO52IGZ241008203338.json successfully integrated to Customer: Bara, Store: 02.
2024-10-17 02:48:18: ITM12NEO52IGZ241009015830.json successfully integrated to Customer: Bara, Store: 02.
2024-10-17 02:48:18: ITM12NEO52IGZ241009133559.json successfully integrated to Customer: Bara, Store: 02.
2024-10-17 02:48:18: ITM12NEO52IGZ241009203241.json successfully integrated to Customer: Bara, Store: 02.
2024-10-17 02:48:19: ITM12NEO52IGZ241010021031.json successfully integrated to Customer: Bara, Store: 02.
2024-10-17 02:48:19: ITM12NEO52IGZ241010133321.json successfully integrated to Customer: Bara, Store: 02.
2024-10-17 02:48:19: ITM12NEO52IGZ241010203329.json successfully integrated to Customer: Bara, Store: 02.
2024-10-17 02:48:19: ITM12NEO52IGZ241011133403.json successfully integrated to Customer: Bara, Store: 02.
2024-10-17 02:48:20: PRM12NEO52IGZ241011135110.json successfully integrated to Customer: Bara, Store: 02.
2024-10-17 02:48:20: ITM12NEO52IGZ241011203212.json successfully integrated to Customer: Bara, Store: 02.
2024-10-17 02:48:20: ITM12NEO52IGZ241012015630.json successfully integrated to Customer: Bara, Store: 02.
2024-10-17 02:48:20: ITM12NEO52IGZ241012133545.json successfully integrated to Customer: Bara, Store: 02.
2024-10-17 02:48:21: ITM12NEO52IGZ241012203210.json successfully integrated to Customer: Bara, Store: 02.
2024-10-17 02:48:21: ITM12NEO52IGZ241014203241.json successfully integrated to Customer: Bara, Store: 02.
2024-10-17 02:48:21: ITM12NEO52IGZ241015020224.json successfully integrated to Customer: Bara, Store: 02.
2024-10-17 02:48:21: ITM12NEO52IGZ241015134032.json successfully integrated to Customer: Bara, Store: 02.
2024-10-17 02:48:21: ITM12NEO52IGZ241015203210.json successfully integrated to Customer: Bara, Store: 02.
2024-10-17 02:48:22: ITM12NEO52IGZ241016015901.json successfully integrated to Customer: Bara, Store: 02.
2024-10-17 02:48:22: ITM12NEO52IGZ241016134145.json successfully integrated to Customer: Bara, Store: 02.
2024-10-17 02:48:22: PRM12NEO52IGZ241016135017.json successfully integrated to Customer: Bara, Store: 02.
2024-10-17 02:48:23: ITM12NEO52IGZ241016203323.json successfully integrated to Customer: Bara, Store: 02.
2024-10-17 02:49:30: ITM12NEO52RSW240917133652.json successfully integrated to Customer: Bara, Store: 03.
2024-10-17 02:49:30: ITM12NEO52RSW240917203419.json successfully integrated to Customer: Bara, Store: 03.
2024-10-17 02:49:30: ITM12NEO52RSW240918021243.json successfully integrated to Customer: Bara, Store: 03.
2024-10-17 02:49:31: ITM12NEO52RSW240918133637.json successfully integrated to Customer: Bara, Store: 03.
2024-10-17 02:49:31: ITM12NEO52RSW240918205418.json successfully integrated to Customer: Bara, Store: 03.
2024-10-17 02:49:31: ITM12NEO52RSW240919021540.json successfully integrated to Customer: Bara, Store: 03.
2024-10-17 02:49:31: ITM12NEO52RSW240919133255.json successfully integrated to Customer: Bara, Store: 03.
2024-10-17 02:49:32: ITM12NEO52RSW240919205058.json successfully integrated to Customer: Bara, Store: 03.
2024-10-17 02:49:32: ITM12NEO52RSW240920021407.json successfully integrated to Customer: Bara, Store: 03.
2024-10-17 02:49:32: ITM12NEO52RSW240920133446.json successfully integrated to Customer: Bara, Store: 03.
2024-10-17 02:49:32: ITM12NEO52RSW240920203407.json successfully integrated to Customer: Bara, Store: 03.
2024-10-17 02:49:33: ITM12NEO52RSW240921133823.json successfully integrated to Customer: Bara, Store: 03.
2024-10-17 02:49:33: ITM12NEO52RSW240922133244.json successfully integrated to Customer: Bara, Store: 03.
2024-10-17 02:49:33: ITM12NEO52RSW240923133759.json successfully integrated to Customer: Bara, Store: 03.
2024-10-17 02:49:33: ITM12NEO52RSW240923203508.json successfully integrated to Customer: Bara, Store: 03.
2024-10-17 02:49:34: ITM12NEO52RSW240924133719.json successfully integrated to Customer: Bara, Store: 03.
2024-10-17 02:49:34: ITM12NEO52RSW240924203525.json successfully integrated to Customer: Bara, Store: 03.
2024-10-17 02:49:34: ITM12NEO52RSW240925133315.json successfully integrated to Customer: Bara, Store: 03.
2024-10-17 02:49:34: ITM12NEO52RSW240925204724.json successfully integrated to Customer: Bara, Store: 03.
2024-10-17 02:49:35: ITM12NEO52RSW240927021854.json successfully integrated to Customer: Bara, Store: 03.
2024-10-17 02:49:35: ITM12NEO52RSW240927133557.json successfully integrated to Customer: Bara, Store: 03.
2024-10-17 02:49:35: ITM12NEO52RSW240927203321.json successfully integrated to Customer: Bara, Store: 03.
2024-10-17 02:49:35: ITM12NEO52RSW240928022201.json successfully integrated to Customer: Bara, Store: 03.
2024-10-17 02:49:36: ITM12NEO52RSW240929133248.json successfully integrated to Customer: Bara, Store: 03.
2024-10-17 02:49:36: ITM12NEO52RSW240930022822.json successfully integrated to Customer: Bara, Store: 03.
2024-10-17 02:49:36: ITM12NEO52RSW240930131447.json successfully integrated to Customer: Bara, Store: 03.
2024-10-17 02:49:36: ITM12NEO52RSW240930142402.json successfully integrated to Customer: Bara, Store: 03.
2024-10-17 02:49:37: ITM12NEO52RSW240930200512.json successfully integrated to Customer: Bara, Store: 03.
2024-10-17 02:49:37: ITM12NEO52RSW241001021532.json successfully integrated to Customer: Bara, Store: 03.
2024-10-17 02:49:37: ITM12NEO52RSW241001135925.json successfully integrated to Customer: Bara, Store: 03.
2024-10-17 02:49:38: PRM12NEO52RSW241001145703.json successfully integrated to Customer: Bara, Store: 03.
2024-10-17 02:49:38: ITM12NEO52RSW241001203212.json successfully integrated to Customer: Bara, Store: 03.
2024-10-17 02:49:38: ITM12NEO52RSW241002015954.json successfully integrated to Customer: Bara, Store: 03.
2024-10-17 02:49:38: ITM12NEO52RSW241002133157.json successfully integrated to Customer: Bara, Store: 03.
2024-10-17 02:49:39: PRM12NEO52RSW241002142240.json successfully integrated to Customer: Bara, Store: 03.
2024-10-17 02:49:39: ITM12NEO52RSW241002190243.json successfully integrated to Customer: Bara, Store: 03.
2024-10-17 02:49:39: ITM12NEO52RSW241003015912.json successfully integrated to Customer: Bara, Store: 03.
2024-10-17 02:49:40: ITM12NEO52RSW241003133202.json successfully integrated to Customer: Bara, Store: 03.
2024-10-17 02:49:40: ITM12NEO52RSW241003203227.json successfully integrated to Customer: Bara, Store: 03.
2024-10-17 02:49:40: ITM12NEO52RSW241004015427.json successfully integrated to Customer: Bara, Store: 03.
2024-10-17 02:49:40: ITM12NEO52RSW241004203213.json successfully integrated to Customer: Bara, Store: 03.
2024-10-17 02:49:41: ITM12NEO52RSW241006015444.json successfully integrated to Customer: Bara, Store: 03.
2024-10-17 02:49:41: ITM12NEO52RSW241006133426.json successfully integrated to Customer: Bara, Store: 03.
2024-10-17 02:49:41: ITM12NEO52RSW241007203701.json successfully integrated to Customer: Bara, Store: 03.
2024-10-17 02:49:41: ITM12NEO52RSW241008133650.json successfully integrated to Customer: Bara, Store: 03.
2024-10-17 02:49:42: ITM12NEO52RSW241008203335.json successfully integrated to Customer: Bara, Store: 03.
2024-10-17 02:49:42: ITM12NEO52RSW241009015829.json successfully integrated to Customer: Bara, Store: 03.
2024-10-17 02:49:42: ITM12NEO52RSW241009133559.json successfully integrated to Customer: Bara, Store: 03.
2024-10-17 02:49:42: ITM12NEO52RSW241009203240.json successfully integrated to Customer: Bara, Store: 03.
2024-10-17 02:49:43: ITM12NEO52RSW241010021028.json successfully integrated to Customer: Bara, Store: 03.
2024-10-17 02:49:43: ITM12NEO52RSW241010133319.json successfully integrated to Customer: Bara, Store: 03.
2024-10-17 02:49:43: ITM12NEO52RSW241010203326.json successfully integrated to Customer: Bara, Store: 03.
2024-10-17 02:49:43: ITM12NEO52RSW241011133403.json successfully integrated to Customer: Bara, Store: 03.
2024-10-17 02:49:44: PRM12NEO52RSW241011135109.json successfully integrated to Customer: Bara, Store: 03.
2024-10-17 02:49:44: ITM12NEO52RSW241011203211.json successfully integrated to Customer: Bara, Store: 03.
2024-10-17 02:49:44: ITM12NEO52RSW241012015630.json successfully integrated to Customer: Bara, Store: 03.
2024-10-17 02:49:44: ITM12NEO52RSW241012133544.json successfully integrated to Customer: Bara, Store: 03.
2024-10-17 02:49:45: ITM12NEO52RSW241012203208.json successfully integrated to Customer: Bara, Store: 03.
2024-10-17 02:49:45: ITM12NEO52RSW241014203237.json successfully integrated to Customer: Bara, Store: 03.
2024-10-17 02:49:45: ITM12NEO52RSW241015020219.json successfully integrated to Customer: Bara, Store: 03.
2024-10-17 02:49:46: ITM12NEO52RSW241015134029.json successfully integrated to Customer: Bara, Store: 03.
2024-10-17 02:49:46: ITM12NEO52RSW241015203208.json successfully integrated to Customer: Bara, Store: 03.
2024-10-17 02:49:46: ITM12NEO52RSW241016015856.json successfully integrated to Customer: Bara, Store: 03.
2024-10-17 02:49:46: ITM12NEO52RSW241016134143.json successfully integrated to Customer: Bara, Store: 03.
2024-10-17 02:49:47: PRM12NEO52RSW241016135015.json successfully integrated to Customer: Bara, Store: 03.
2024-10-17 02:49:47: ITM12NEO52RSW241016203322.json successfully integrated to Customer: Bara, Store: 03.
2024-10-17 19:07:20: ITM12NEO52IGZ240917133712.json successfully integrated to Customer: Bara, Store: 02.
2024-10-17 19:07:21: ITM12NEO52IGZ240917203430.json successfully integrated to Customer: Bara, Store: 02.
2024-10-17 19:07:21: ITM12NEO52IGZ240918021252.json successfully integrated to Customer: Bara, Store: 02.
2024-10-17 19:07:21: ITM12NEO52IGZ240918133648.json successfully integrated to Customer: Bara, Store: 02.
2024-10-17 19:07:21: ITM12NEO52IGZ240918205444.json successfully integrated to Customer: Bara, Store: 02.
2024-10-17 19:07:21: ITM12NEO52IGZ240919021554.json successfully integrated to Customer: Bara, Store: 02.
2024-10-17 19:07:21: ITM12NEO52IGZ240919133310.json successfully integrated to Customer: Bara, Store: 02.
2024-10-17 19:07:22: ITM12NEO52IGZ240919205115.json successfully integrated to Customer: Bara, Store: 02.
2024-10-17 19:07:22: ITM12NEO52IGZ240920021419.json successfully integrated to Customer: Bara, Store: 02.
2024-10-17 19:07:22: ITM12NEO52IGZ240920133458.json successfully integrated to Customer: Bara, Store: 02.
2024-10-17 19:07:22: ITM12NEO52IGZ240920203417.json successfully integrated to Customer: Bara, Store: 02.
2024-10-17 19:07:22: ITM12NEO52IGZ240921133840.json successfully integrated to Customer: Bara, Store: 02.
2024-10-17 19:07:22: ITM12NEO52IGZ240922133303.json successfully integrated to Customer: Bara, Store: 02.
2024-10-17 19:07:23: ITM12NEO52IGZ240923133817.json successfully integrated to Customer: Bara, Store: 02.
2024-10-17 19:07:23: ITM12NEO52IGZ240923203523.json successfully integrated to Customer: Bara, Store: 02.
2024-10-17 19:07:23: ITM12NEO52IGZ240924133741.json successfully integrated to Customer: Bara, Store: 02.
2024-10-17 19:07:23: ITM12NEO52IGZ240924203543.json successfully integrated to Customer: Bara, Store: 02.
2024-10-17 19:07:23: ITM12NEO52IGZ240925133325.json successfully integrated to Customer: Bara, Store: 02.
2024-10-17 19:07:25: ITM12NEO52IGZ240925204740.json successfully integrated to Customer: Bara, Store: 02.
2024-10-17 19:07:25: ITM12NEO52IGZ240927021908.json successfully integrated to Customer: Bara, Store: 02.
2024-10-17 19:07:26: ITM12NEO52IGZ240927133609.json successfully integrated to Customer: Bara, Store: 02.
2024-10-17 19:07:26: ITM12NEO52IGZ240927203333.json successfully integrated to Customer: Bara, Store: 02.
2024-10-17 19:07:26: ITM12NEO52IGZ240928022257.json successfully integrated to Customer: Bara, Store: 02.
2024-10-17 19:07:26: ITM12NEO52IGZ240929133258.json successfully integrated to Customer: Bara, Store: 02.
2024-10-17 19:07:26: ITM12NEO52IGZ240930022833.json successfully integrated to Customer: Bara, Store: 02.
2024-10-17 19:07:26: ITM12NEO52IGZ240930131507.json successfully integrated to Customer: Bara, Store: 02.
2024-10-17 19:07:27: ITM12NEO52IGZ240930142414.json successfully integrated to Customer: Bara, Store: 02.
2024-10-17 19:07:27: ITM12NEO52IGZ240930200530.json successfully integrated to Customer: Bara, Store: 02.
2024-10-17 19:07:27: ITM12NEO52IGZ241001021546.json successfully integrated to Customer: Bara, Store: 02.
2024-10-17 19:07:27: PRM12NEO52IGZ241001145818.json successfully integrated to Customer: Bara, Store: 02.
2024-10-17 19:07:27: ITM12NEO52IGZ241001203220.json successfully integrated to Customer: Bara, Store: 02.
2024-10-17 19:07:27: ITM12NEO52IGZ241002020000.json successfully integrated to Customer: Bara, Store: 02.
2024-10-17 19:07:28: ITM12NEO52IGZ241002133202.json successfully integrated to Customer: Bara, Store: 02.
2024-10-17 19:07:28: PRM12NEO52IGZ241002142244.json successfully integrated to Customer: Bara, Store: 02.
2024-10-17 19:07:28: ITM12NEO52IGZ241002190247.json successfully integrated to Customer: Bara, Store: 02.
2024-10-17 19:07:28: ITM12NEO52IGZ241003015922.json successfully integrated to Customer: Bara, Store: 02.
2024-10-17 19:07:29: ITM12NEO52IGZ241003133208.json successfully integrated to Customer: Bara, Store: 02.
2024-10-17 19:07:29: ITM12NEO52IGZ241003203238.json successfully integrated to Customer: Bara, Store: 02.
2024-10-17 19:07:29: ITM12NEO52IGZ241004015432.json successfully integrated to Customer: Bara, Store: 02.
2024-10-17 19:07:29: ITM12NEO52IGZ241004203219.json successfully integrated to Customer: Bara, Store: 02.
2024-10-17 19:07:29: ITM12NEO52IGZ241005203150.json successfully integrated to Customer: Bara, Store: 02.
2024-10-17 19:07:29: ITM12NEO52IGZ241006015449.json successfully integrated to Customer: Bara, Store: 02.
2024-10-17 19:07:30: ITM12NEO52IGZ241006133429.json successfully integrated to Customer: Bara, Store: 02.
2024-10-17 19:07:30: ITM12NEO52IGZ241007203704.json successfully integrated to Customer: Bara, Store: 02.
2024-10-17 19:07:30: ITM12NEO52IGZ241008021000.json successfully integrated to Customer: Bara, Store: 02.
2024-10-17 19:07:30: ITM12NEO52IGZ241008133652.json successfully integrated to Customer: Bara, Store: 02.
2024-10-17 19:07:30: ITM12NEO52IGZ241008203338.json successfully integrated to Customer: Bara, Store: 02.
2024-10-17 19:07:30: ITM12NEO52IGZ241009015830.json successfully integrated to Customer: Bara, Store: 02.
2024-10-17 19:07:31: ITM12NEO52IGZ241009133559.json successfully integrated to Customer: Bara, Store: 02.
2024-10-17 19:07:31: ITM12NEO52IGZ241009203241.json successfully integrated to Customer: Bara, Store: 02.
2024-10-17 19:07:31: ITM12NEO52IGZ241010021031.json successfully integrated to Customer: Bara, Store: 02.
2024-10-17 19:07:31: ITM12NEO52IGZ241010133321.json successfully integrated to Customer: Bara, Store: 02.
2024-10-17 19:07:31: ITM12NEO52IGZ241010203329.json successfully integrated to Customer: Bara, Store: 02.
2024-10-17 19:07:31: ITM12NEO52IGZ241011133403.json successfully integrated to Customer: Bara, Store: 02.
2024-10-17 19:07:32: PRM12NEO52IGZ241011135110.json successfully integrated to Customer: Bara, Store: 02.
2024-10-17 19:07:32: ITM12NEO52IGZ241011203212.json successfully integrated to Customer: Bara, Store: 02.
2024-10-17 19:07:32: ITM12NEO52IGZ241012015630.json successfully integrated to Customer: Bara, Store: 02.
2024-10-17 19:07:32: ITM12NEO52IGZ241012133545.json successfully integrated to Customer: Bara, Store: 02.
2024-10-17 19:07:32: ITM12NEO52IGZ241012203210.json successfully integrated to Customer: Bara, Store: 02.
2024-10-17 19:07:32: ITM12NEO52IGZ241014203241.json successfully integrated to Customer: Bara, Store: 02.
2024-10-17 19:07:33: ITM12NEO52IGZ241015020224.json successfully integrated to Customer: Bara, Store: 02.
2024-10-17 19:07:33: ITM12NEO52IGZ241015134032.json successfully integrated to Customer: Bara, Store: 02.
2024-10-17 19:07:33: ITM12NEO52IGZ241015203210.json successfully integrated to Customer: Bara, Store: 02.
2024-10-17 19:07:33: ITM12NEO52IGZ241016015901.json successfully integrated to Customer: Bara, Store: 02.
2024-10-17 19:07:33: ITM12NEO52IGZ241016134145.json successfully integrated to Customer: Bara, Store: 02.
2024-10-17 19:07:33: PRM12NEO52IGZ241016135017.json successfully integrated to Customer: Bara, Store: 02.
2024-10-17 19:07:34: ITM12NEO52IGZ241016203323.json successfully integrated to Customer: Bara, Store: 02.
2024-10-17 19:07:34: ITM12NEO52IGZ241017020053.json successfully integrated to Customer: Bara, Store: 02.
2024-10-17 19:07:34: ITM12NEO52IGZ241017133411.json successfully integrated to Customer: Bara, Store: 02.
2024-10-17 19:08:27: ITM12NEO52RSW240917133652.json successfully integrated to Customer: Bara, Store: 03.
2024-10-17 19:08:27: ITM12NEO52RSW240917203419.json successfully integrated to Customer: Bara, Store: 03.
2024-10-17 19:08:27: ITM12NEO52RSW240918021243.json successfully integrated to Customer: Bara, Store: 03.
2024-10-17 19:08:27: ITM12NEO52RSW240918133637.json successfully integrated to Customer: Bara, Store: 03.
2024-10-17 19:08:27: ITM12NEO52RSW240918205418.json successfully integrated to Customer: Bara, Store: 03.
2024-10-17 19:08:28: ITM12NEO52RSW240919021540.json successfully integrated to Customer: Bara, Store: 03.
2024-10-17 19:08:28: ITM12NEO52RSW240919133255.json successfully integrated to Customer: Bara, Store: 03.
2024-10-17 19:08:28: ITM12NEO52RSW240919205058.json successfully integrated to Customer: Bara, Store: 03.
2024-10-17 19:08:28: ITM12NEO52RSW240920021407.json successfully integrated to Customer: Bara, Store: 03.
2024-10-17 19:08:28: ITM12NEO52RSW240920133446.json successfully integrated to Customer: Bara, Store: 03.
2024-10-17 19:08:28: ITM12NEO52RSW240920203407.json successfully integrated to Customer: Bara, Store: 03.
2024-10-17 19:08:29: ITM12NEO52RSW240921133823.json successfully integrated to Customer: Bara, Store: 03.
2024-10-17 19:08:29: ITM12NEO52RSW240922133244.json successfully integrated to Customer: Bara, Store: 03.
2024-10-17 19:08:29: ITM12NEO52RSW240923133759.json successfully integrated to Customer: Bara, Store: 03.
2024-10-17 19:08:29: ITM12NEO52RSW240923203508.json successfully integrated to Customer: Bara, Store: 03.
2024-10-17 19:08:29: ITM12NEO52RSW240924133719.json successfully integrated to Customer: Bara, Store: 03.
2024-10-17 19:08:30: ITM12NEO52RSW240924203525.json successfully integrated to Customer: Bara, Store: 03.
2024-10-17 19:08:30: ITM12NEO52RSW240925133315.json successfully integrated to Customer: Bara, Store: 03.
2024-10-17 19:08:30: ITM12NEO52RSW240925204724.json successfully integrated to Customer: Bara, Store: 03.
2024-10-17 19:08:30: ITM12NEO52RSW240927021854.json successfully integrated to Customer: Bara, Store: 03.
2024-10-17 19:08:30: ITM12NEO52RSW240927133557.json successfully integrated to Customer: Bara, Store: 03.
2024-10-17 19:08:30: ITM12NEO52RSW240927203321.json successfully integrated to Customer: Bara, Store: 03.
2024-10-17 19:08:31: ITM12NEO52RSW240928022201.json successfully integrated to Customer: Bara, Store: 03.
2024-10-17 19:08:31: ITM12NEO52RSW240929133248.json successfully integrated to Customer: Bara, Store: 03.
2024-10-17 19:08:31: ITM12NEO52RSW240930022822.json successfully integrated to Customer: Bara, Store: 03.
2024-10-17 19:08:31: ITM12NEO52RSW240930131447.json successfully integrated to Customer: Bara, Store: 03.
2024-10-17 19:08:31: ITM12NEO52RSW240930142402.json successfully integrated to Customer: Bara, Store: 03.
2024-10-17 19:08:31: ITM12NEO52RSW240930200512.json successfully integrated to Customer: Bara, Store: 03.
2024-10-17 19:08:32: ITM12NEO52RSW241001021532.json successfully integrated to Customer: Bara, Store: 03.
2024-10-17 19:08:32: ITM12NEO52RSW241001135925.json successfully integrated to Customer: Bara, Store: 03.
2024-10-17 19:08:32: PRM12NEO52RSW241001145703.json successfully integrated to Customer: Bara, Store: 03.
2024-10-17 19:08:32: ITM12NEO52RSW241001203212.json successfully integrated to Customer: Bara, Store: 03.
2024-10-17 19:08:32: ITM12NEO52RSW241002015954.json successfully integrated to Customer: Bara, Store: 03.
2024-10-17 19:08:33: ITM12NEO52RSW241002133157.json successfully integrated to Customer: Bara, Store: 03.
2024-10-17 19:08:33: PRM12NEO52RSW241002142240.json successfully integrated to Customer: Bara, Store: 03.
2024-10-17 19:08:33: ITM12NEO52RSW241002190243.json successfully integrated to Customer: Bara, Store: 03.
2024-10-17 19:08:33: ITM12NEO52RSW241003015912.json successfully integrated to Customer: Bara, Store: 03.
2024-10-17 19:08:34: ITM12NEO52RSW241003133202.json successfully integrated to Customer: Bara, Store: 03.
2024-10-17 19:08:34: ITM12NEO52RSW241003203227.json successfully integrated to Customer: Bara, Store: 03.
2024-10-17 19:08:34: ITM12NEO52RSW241004015427.json successfully integrated to Customer: Bara, Store: 03.
2024-10-17 19:08:34: ITM12NEO52RSW241004203213.json successfully integrated to Customer: Bara, Store: 03.
2024-10-17 19:08:34: ITM12NEO52RSW241006015444.json successfully integrated to Customer: Bara, Store: 03.
2024-10-17 19:08:34: ITM12NEO52RSW241006133426.json successfully integrated to Customer: Bara, Store: 03.
2024-10-17 19:08:35: ITM12NEO52RSW241007203701.json successfully integrated to Customer: Bara, Store: 03.
2024-10-17 19:08:35: ITM12NEO52RSW241008133650.json successfully integrated to Customer: Bara, Store: 03.
2024-10-17 19:08:35: ITM12NEO52RSW241008203335.json successfully integrated to Customer: Bara, Store: 03.
2024-10-17 19:08:35: ITM12NEO52RSW241009015829.json successfully integrated to Customer: Bara, Store: 03.
2024-10-17 19:08:35: ITM12NEO52RSW241009133559.json successfully integrated to Customer: Bara, Store: 03.
2024-10-17 19:08:36: ITM12NEO52RSW241009203240.json successfully integrated to Customer: Bara, Store: 03.
2024-10-17 19:08:36: ITM12NEO52RSW241010021028.json successfully integrated to Customer: Bara, Store: 03.
2024-10-17 19:08:36: ITM12NEO52RSW241010133319.json successfully integrated to Customer: Bara, Store: 03.
2024-10-17 19:08:36: ITM12NEO52RSW241010203326.json successfully integrated to Customer: Bara, Store: 03.
2024-10-17 19:08:36: ITM12NEO52RSW241011133403.json successfully integrated to Customer: Bara, Store: 03.
2024-10-17 19:08:36: PRM12NEO52RSW241011135109.json successfully integrated to Customer: Bara, Store: 03.
2024-10-17 19:08:37: ITM12NEO52RSW241011203211.json successfully integrated to Customer: Bara, Store: 03.
2024-10-17 19:08:37: ITM12NEO52RSW241012015630.json successfully integrated to Customer: Bara, Store: 03.
2024-10-17 19:08:37: ITM12NEO52RSW241012133544.json successfully integrated to Customer: Bara, Store: 03.
2024-10-17 19:08:37: ITM12NEO52RSW241012203208.json successfully integrated to Customer: Bara, Store: 03.
2024-10-17 19:08:37: ITM12NEO52RSW241014203237.json successfully integrated to Customer: Bara, Store: 03.
2024-10-17 19:08:37: ITM12NEO52RSW241015020219.json successfully integrated to Customer: Bara, Store: 03.
2024-10-17 19:08:38: ITM12NEO52RSW241015134029.json successfully integrated to Customer: Bara, Store: 03.
2024-10-17 19:08:38: ITM12NEO52RSW241015203208.json successfully integrated to Customer: Bara, Store: 03.
2024-10-17 19:08:38: ITM12NEO52RSW241016015856.json successfully integrated to Customer: Bara, Store: 03.
2024-10-17 19:08:38: ITM12NEO52RSW241016134143.json successfully integrated to Customer: Bara, Store: 03.
2024-10-17 19:08:38: PRM12NEO52RSW241016135015.json successfully integrated to Customer: Bara, Store: 03.
2024-10-17 19:08:38: ITM12NEO52RSW241016203322.json successfully integrated to Customer: Bara, Store: 03.
2024-10-17 19:08:39: ITM12NEO52RSW241017020052.json successfully integrated to Customer: Bara, Store: 03.
2024-10-17 19:08:39: ITM12NEO52RSW241017133410.json successfully integrated to Customer: Bara, Store: 03.
