2024-11-27 03:20:28: ERROR API request failed to integrate to Customer: , Store: . {
    "code": "X500113",
    "message": "Internal server error has occurred, please try again later."
}
2024-11-27 03:20:35: ERROR API request failed to integrate to Customer: , Store: . {
    "code": "X500113",
    "message": "Internal server error has occurred, please try again later."
}
2024-11-27 03:20:42: ERROR API request failed to integrate to Customer: , Store: . {
    "code": "X500113",
    "message": "Internal server error has occurred, please try again later."
}
2024-11-27 03:20:49: ERROR API request failed to integrate to Customer: , Store: . {
    "code": "X500113",
    "message": "Internal server error has occurred, please try again later."
}
2024-11-27 03:20:55: ERROR API request failed to integrate to Customer: , Store: . {
    "code": "X500113",
    "message": "Internal server error has occurred, please try again later."
}
2024-11-27 03:21:01: ERROR API request failed to integrate to Customer: , Store: . {
    "code": "X500113",
    "message": "Internal server error has occurred, please try again later."
}
2024-11-27 03:21:07: ERROR API request failed to integrate to Customer: , Store: . {
    "code": "X500113",
    "message": "Internal server error has occurred, please try again later."
}
2024-11-27 03:21:13: ERROR API request failed to integrate to Customer: , Store: . {
    "code": "X500113",
    "message": "Internal server error has occurred, please try again later."
}
2024-11-27 14:52:26: ITM12NEO52RSW241127133403.json successfully integrated to Customer: Bara, Store: 03.
2024-11-27 21:09:54: ITM12NEO52DUG241127205842.json successfully integrated to Customer: Bara, Store: 02.
2024-11-27 21:09:58: ITM12NEO52RSW241127205841.json successfully integrated to Customer: Bara, Store: 03.
