2024-12-04 04:20:54: ERROR API request failed to integrate to Customer: , Store: . {
    "code": "X500113",
    "message": "Internal server error has occurred, please try again later."
}
2024-12-04 04:21:00: ERROR API request failed to integrate to Customer: , Store: . {
    "code": "X500113",
    "message": "Internal server error has occurred, please try again later."
}
2024-12-04 04:21:07: ERROR API request failed to integrate to Customer: , Store: . {
    "code": "X500113",
    "message": "Internal server error has occurred, please try again later."
}
2024-12-04 04:21:26: ERROR API request failed to integrate to Customer: , Store: . {
    "code": "X500113",
    "message": "Internal server error has occurred, please try again later."
}
2024-12-04 04:21:32: ERROR API request failed to integrate to Customer: , Store: . {
    "code": "X500113",
    "message": "Internal server error has occurred, please try again later."
}
2024-12-04 04:21:39: ERROR API request failed to integrate to Customer: , Store: . {
    "code": "X500113",
    "message": "Internal server error has occurred, please try again later."
}
2024-12-04 04:21:47: ITM12NEO52DUG241204015418.json successfully integrated to Customer: Bara, Store: 02.
2024-12-04 04:21:50: ITM12NEO52RSW241204015419.json successfully integrated to Customer: Bara, Store: 03.
2024-12-04 04:23:23: PRM12NEO52DUG241203022249.json successfully integrated to Customer: Bara, Store: 02.
2024-12-04 04:23:23: PRM12NEO52DUG241203204940.json successfully integrated to Customer: Bara, Store: 02.
2024-12-04 04:23:28: PRM12NEO52RSW241203022307.json successfully integrated to Customer: Bara, Store: 03.
2024-12-04 04:23:29: PRM12NEO52RSW241203204941.json successfully integrated to Customer: Bara, Store: 03.
2024-12-04 14:33:02: PRM12NEO52DUG241204135245.json successfully integrated to Customer: Bara, Store: 02.
2024-12-04 14:33:06: PRM12NEO52RSW241204135246.json successfully integrated to Customer: Bara, Store: 03.
2024-12-04 15:44:17: ERROR API request failed to integrate to Customer: , Store: . {
    "code": "X500199",
    "message": "Internal server error has occurred, please try again later."
}
2024-12-04 15:45:42: ERROR API request failed to integrate to Customer: , Store: . {
    "code": "X500199",
    "message": "Internal server error has occurred, please try again later."
}
2024-12-04 15:46:48: ERROR API request failed to integrate to Customer: , Store: . {
    "code": "X500199",
    "message": "Internal server error has occurred, please try again later."
}
2024-12-04 15:47:53: ERROR API request failed to integrate to Customer: , Store: . {
    "code": "X500199",
    "message": "Internal server error has occurred, please try again later."
}
2024-12-04 15:48:59: ERROR API request failed to integrate to Customer: , Store: . {
    "code": "X500199",
    "message": "Internal server error has occurred, please try again later."
}
2024-12-04 15:50:05: ERROR API request failed to integrate to Customer: , Store: . {
    "code": "X500199",
    "message": "Internal server error has occurred, please try again later."
}
2024-12-04 15:51:10: ERROR API request failed to integrate to Customer: , Store: . {
    "code": "X500199",
    "message": "Internal server error has occurred, please try again later."
}
2024-12-04 15:55:53: ERROR API request failed to integrate to Customer: , Store: . {
    "code": "X500199",
    "message": "Internal server error has occurred, please try again later."
}
2024-12-04 15:56:58: ERROR API request failed to integrate to Customer: , Store: . {
    "code": "X500199",
    "message": "Internal server error has occurred, please try again later."
}
2024-12-04 20:21:22: ERROR API request failed to integrate to Customer: , Store: . {
    "code": "X500115",
    "message": "Internal server error has occurred, please try again later."
}
2024-12-04 20:21:46: ERROR API request failed to integrate to Customer: , Store: . {
    "code": "X500115",
    "message": "Internal server error has occurred, please try again later."
}
2024-12-04 21:22:09: ERROR API request failed to integrate to Customer: , Store: . {
    "code": "X500113",
    "message": "Internal server error has occurred, please try again later."
}
2024-12-04 21:22:14: ERROR API request failed to integrate to Customer: , Store: . {
    "code": "X500113",
    "message": "Internal server error has occurred, please try again later."
}
2024-12-04 21:22:20: ERROR API request failed to integrate to Customer: , Store: . {
    "code": "X500113",
    "message": "Internal server error has occurred, please try again later."
}
2024-12-04 21:22:26: ERROR API request failed to integrate to Customer: , Store: . {
    "code": "X500113",
    "message": "Internal server error has occurred, please try again later."
}
