2024-11-25 01:17:06: ITM12NEO52DUG241125010421.json successfully integrated to Customer: Bara, Store: 02.
2024-11-25 01:17:10: ITM12NEO52RSW241125010421.json successfully integrated to Customer: Bara, Store: 03.
2024-11-25 02:17:21: ITM12NEO52DUG241125020114.json successfully integrated to Customer: Bara, Store: 02.
2024-11-25 20:49:54: ITM12NEO52DUG241125203536.json successfully integrated to Customer: Bara, Store: 02.
2024-11-25 20:49:58: ITM12NEO52RSW241125203536.json successfully integrated to Customer: Bara, Store: 03.
2024-11-25 23:20:27: ERROR API request failed to integrate to Customer: , Store: . {
    "code": "X500113",
    "message": "Internal server error has occurred, please try again later."
}
2024-11-25 23:20:33: ERROR API request failed to integrate to Customer: , Store: . {
    "code": "X500113",
    "message": "Internal server error has occurred, please try again later."
}
2024-11-25 23:20:39: ERROR API request failed to integrate to Customer: , Store: . {
    "code": "X500113",
    "message": "Internal server error has occurred, please try again later."
}
2024-11-25 23:20:46: ERROR API request failed to integrate to Customer: , Store: . {
    "code": "X500113",
    "message": "Internal server error has occurred, please try again later."
}
2024-11-25 23:20:52: ERROR API request failed to integrate to Customer: , Store: . {
    "code": "X500113",
    "message": "Internal server error has occurred, please try again later."
}
2024-11-25 23:20:59: ERROR API request failed to integrate to Customer: , Store: . {
    "code": "X500113",
    "message": "Internal server error has occurred, please try again later."
}
2024-11-25 23:21:05: ERROR API request failed to integrate to Customer: , Store: . {
    "code": "X500113",
    "message": "Internal server error has occurred, please try again later."
}
2024-11-25 23:21:11: ERROR API request failed to integrate to Customer: , Store: . {
    "code": "X500113",
    "message": "Internal server error has occurred, please try again later."
}
2024-11-25 23:21:18: ERROR API request failed to integrate to Customer: , Store: . {
    "code": "X500113",
    "message": "Internal server error has occurred, please try again later."
}
2024-11-25 23:21:24: ERROR API request failed to integrate to Customer: , Store: . {
    "code": "X500113",
    "message": "Internal server error has occurred, please try again later."
}
