2024-12-01 01:56:33: ITM12NEO52DUG241201015455.json successfully integrated to Customer: Bara, Store: 02.
2024-12-01 01:56:38: ITM12NEO52RSW241201015453.json successfully integrated to Customer: Bara, Store: 03.
2024-12-01 01:56:39: ITM12NEO52RSW241201015455.json successfully integrated to Customer: Bara, Store: 03.
2024-12-01 04:42:38: ERROR API request failed to integrate to Customer: , Store: . {
    "code": "X500113",
    "message": "Internal server error has occurred, please try again later."
}
2024-12-01 04:42:46: ERROR API request failed to integrate to Customer: , Store: . {
    "code": "X500113",
    "message": "Internal server error has occurred, please try again later."
}
2024-12-01 04:42:52: ERROR API request failed to integrate to Customer: , Store: . {
    "code": "X500113",
    "message": "Internal server error has occurred, please try again later."
}
2024-12-01 04:43:00: ERROR API request failed to integrate to Customer: , Store: . {
    "code": "X500113",
    "message": "Internal server error has occurred, please try again later."
}
2024-12-01 04:43:06: ERROR API request failed to integrate to Customer: , Store: . {
    "code": "X500113",
    "message": "Internal server error has occurred, please try again later."
}
2024-12-01 04:43:13: ERROR API request failed to integrate to Customer: , Store: . {
    "code": "X500113",
    "message": "Internal server error has occurred, please try again later."
}
2024-12-01 04:43:19: ERROR API request failed to integrate to Customer: , Store: . {
    "code": "X500113",
    "message": "Internal server error has occurred, please try again later."
}
2024-12-01 04:43:26: ERROR API request failed to integrate to Customer: , Store: . {
    "code": "X500113",
    "message": "Internal server error has occurred, please try again later."
}
2024-12-01 04:43:32: ERROR API request failed to integrate to Customer: , Store: . {
    "code": "X500113",
    "message": "Internal server error has occurred, please try again later."
}
2024-12-01 09:30:34: ERROR API request failed to integrate to Customer: , Store: . {
    "code": "X500113",
    "message": "Internal server error has occurred, please try again later."
}
2024-12-01 09:30:41: ERROR API request failed to integrate to Customer: , Store: . {
    "code": "X500113",
    "message": "Internal server error has occurred, please try again later."
}
2024-12-01 09:30:49: ERROR API request failed to integrate to Customer: , Store: . {
    "code": "X500113",
    "message": "Internal server error has occurred, please try again later."
}
2024-12-01 09:30:57: ERROR API request failed to integrate to Customer: , Store: . {
    "code": "X500113",
    "message": "Internal server error has occurred, please try again later."
}
2024-12-01 09:31:05: ERROR API request failed to integrate to Customer: , Store: . {
    "code": "X500113",
    "message": "Internal server error has occurred, please try again later."
}
2024-12-01 09:31:13: ERROR API request failed to integrate to Customer: , Store: . {
    "code": "X500113",
    "message": "Internal server error has occurred, please try again later."
}
2024-12-01 09:31:20: ERROR API request failed to integrate to Customer: , Store: . {
    "code": "X500113",
    "message": "Internal server error has occurred, please try again later."
}
2024-12-01 09:31:28: ERROR API request failed to integrate to Customer: , Store: . {
    "code": "X500113",
    "message": "Internal server error has occurred, please try again later."
}
2024-12-01 09:31:37: ERROR API request failed to integrate to Customer: , Store: . {
    "code": "X500113",
    "message": "Internal server error has occurred, please try again later."
}
2024-12-01 09:31:44: ERROR API request failed to integrate to Customer: , Store: . {
    "code": "X500113",
    "message": "Internal server error has occurred, please try again later."
}
2024-12-01 09:31:44: ERROR Store 02 Integration failed to integrate to Customer: , Store: . Request failed.
2024-12-01 09:31:46: ERROR API request failed to integrate to Customer: , Store: . {
    "code": "X500113",
    "message": "Internal server error has occurred, please try again later."
}
2024-12-01 09:31:54: ERROR API request failed to integrate to Customer: , Store: . {
    "code": "X500113",
    "message": "Internal server error has occurred, please try again later."
}
2024-12-01 09:32:03: ERROR API request failed to integrate to Customer: , Store: . {
    "code": "X500113",
    "message": "Internal server error has occurred, please try again later."
}
2024-12-01 09:32:10: ERROR API request failed to integrate to Customer: , Store: . {
    "code": "X500113",
    "message": "Internal server error has occurred, please try again later."
}
2024-12-01 09:32:17: ERROR API request failed to integrate to Customer: , Store: . {
    "code": "X500113",
    "message": "Internal server error has occurred, please try again later."
}
2024-12-01 09:32:24: ERROR API request failed to integrate to Customer: , Store: . {
    "code": "X500113",
    "message": "Internal server error has occurred, please try again later."
}
2024-12-01 09:32:30: ERROR API request failed to integrate to Customer: , Store: . {
    "code": "X500113",
    "message": "Internal server error has occurred, please try again later."
}
2024-12-01 09:32:37: ERROR API request failed to integrate to Customer: , Store: . {
    "code": "X500113",
    "message": "Internal server error has occurred, please try again later."
}
2024-12-01 09:32:43: ERROR API request failed to integrate to Customer: , Store: . {
    "code": "X500113",
    "message": "Internal server error has occurred, please try again later."
}
2024-12-01 09:32:50: ERROR API request failed to integrate to Customer: , Store: . {
    "code": "X500113",
    "message": "Internal server error has occurred, please try again later."
}
2024-12-01 09:32:50: ERROR Store 03 Integration failed to integrate to Customer: , Store: . Request failed.
2024-12-01 10:33:07: ERROR API request failed to integrate to Customer: , Store: . {
    "code": "X500113",
    "message": "Internal server error has occurred, please try again later."
}
2024-12-01 10:33:15: ERROR API request failed to integrate to Customer: , Store: . {
    "code": "X500113",
    "message": "Internal server error has occurred, please try again later."
}
2024-12-01 10:35:19: ERROR API request failed to integrate to Customer: , Store: . {
    "code": "X500199",
    "message": "Internal server error has occurred, please try again later."
}
2024-12-01 10:36:25: ERROR API request failed to integrate to Customer: , Store: . {
    "code": "X500199",
    "message": "Internal server error has occurred, please try again later."
}
2024-12-01 11:21:57: ERROR API request failed to integrate to Customer: , Store: . {
    "code": "X500113",
    "message": "Internal server error has occurred, please try again later."
}
2024-12-01 11:22:04: ERROR API request failed to integrate to Customer: , Store: . {
    "code": "X500113",
    "message": "Internal server error has occurred, please try again later."
}
2024-12-01 11:22:10: ERROR API request failed to integrate to Customer: , Store: . {
    "code": "X500113",
    "message": "Internal server error has occurred, please try again later."
}
2024-12-01 11:22:16: ERROR API request failed to integrate to Customer: , Store: . {
    "code": "X500113",
    "message": "Internal server error has occurred, please try again later."
}
2024-12-01 11:22:22: ERROR API request failed to integrate to Customer: , Store: . {
    "code": "X500113",
    "message": "Internal server error has occurred, please try again later."
}
2024-12-01 11:22:29: ERROR API request failed to integrate to Customer: , Store: . {
    "code": "X500113",
    "message": "Internal server error has occurred, please try again later."
}
2024-12-01 11:22:35: ERROR API request failed to integrate to Customer: , Store: . {
    "code": "X500113",
    "message": "Internal server error has occurred, please try again later."
}
2024-12-01 11:22:41: ERROR API request failed to integrate to Customer: , Store: . {
    "code": "X500113",
    "message": "Internal server error has occurred, please try again later."
}
2024-12-01 11:22:47: ERROR API request failed to integrate to Customer: , Store: . {
    "code": "X500113",
    "message": "Internal server error has occurred, please try again later."
}
2024-12-01 11:22:53: ERROR API request failed to integrate to Customer: , Store: . {
    "code": "X500113",
    "message": "Internal server error has occurred, please try again later."
}
2024-12-01 11:22:53: ERROR Store 02 Integration failed to integrate to Customer: , Store: . Request failed.
2024-12-01 12:23:37: ERROR API request failed to integrate to Customer: , Store: . {
    "code": "X500113",
    "message": "Internal server error has occurred, please try again later."
}
2024-12-01 12:23:43: ERROR API request failed to integrate to Customer: , Store: . {
    "code": "X500113",
    "message": "Internal server error has occurred, please try again later."
}
2024-12-01 12:23:49: ERROR API request failed to integrate to Customer: , Store: . {
    "code": "X500113",
    "message": "Internal server error has occurred, please try again later."
}
2024-12-01 12:23:56: ERROR API request failed to integrate to Customer: , Store: . {
    "code": "X500113",
    "message": "Internal server error has occurred, please try again later."
}
2024-12-01 12:24:02: ERROR API request failed to integrate to Customer: , Store: . {
    "code": "X500113",
    "message": "Internal server error has occurred, please try again later."
}
2024-12-01 12:24:08: ERROR API request failed to integrate to Customer: , Store: . {
    "code": "X500113",
    "message": "Internal server error has occurred, please try again later."
}
2024-12-01 12:24:14: ERROR API request failed to integrate to Customer: , Store: . {
    "code": "X500113",
    "message": "Internal server error has occurred, please try again later."
}
2024-12-01 12:24:21: ERROR API request failed to integrate to Customer: , Store: . {
    "code": "X500113",
    "message": "Internal server error has occurred, please try again later."
}
2024-12-01 13:51:31: PRM12NEO52DUG241130022323.json successfully integrated to Customer: Bara, Store: 02.
2024-12-01 13:51:38: PRM12NEO52RSW241130022324.json successfully integrated to Customer: Bara, Store: 03.
2024-12-01 14:22:08: ERROR API request failed to integrate to Customer: , Store: . {
    "code": "X500113",
    "message": "Internal server error has occurred, please try again later."
}
2024-12-01 14:22:14: ERROR API request failed to integrate to Customer: , Store: . {
    "code": "X500113",
    "message": "Internal server error has occurred, please try again later."
}
2024-12-01 14:22:22: ERROR API request failed to integrate to Customer: , Store: . {
    "code": "X500113",
    "message": "Internal server error has occurred, please try again later."
}
2024-12-01 14:22:28: ERROR API request failed to integrate to Customer: , Store: . {
    "code": "X500113",
    "message": "Internal server error has occurred, please try again later."
}
2024-12-01 14:22:35: ERROR API request failed to integrate to Customer: , Store: . {
    "code": "X500113",
    "message": "Internal server error has occurred, please try again later."
}
2024-12-01 14:22:41: ERROR API request failed to integrate to Customer: , Store: . {
    "code": "X500113",
    "message": "Internal server error has occurred, please try again later."
}
2024-12-01 14:22:48: ERROR API request failed to integrate to Customer: , Store: . {
    "code": "X500113",
    "message": "Internal server error has occurred, please try again later."
}
2024-12-01 14:22:54: ERROR API request failed to integrate to Customer: , Store: . {
    "code": "X500113",
    "message": "Internal server error has occurred, please try again later."
}
2024-12-01 14:23:16: ERROR API request failed to integrate to Customer: , Store: . {
    "code": "X500115",
    "message": "Internal server error has occurred, please try again later."
}
2024-12-01 14:23:24: ERROR API request failed to integrate to Customer: , Store: . {
    "code": "X500115",
    "message": "Internal server error has occurred, please try again later."
}
2024-12-01 14:23:24: ERROR Store 02 Integration failed to integrate to Customer: , Store: . Request failed.
2024-12-01 15:23:47: ERROR API request failed to integrate to Customer: , Store: . {
    "code": "X500113",
    "message": "Internal server error has occurred, please try again later."
}
2024-12-01 20:12:42: ERROR API request failed to integrate to Customer: , Store: . {
    "code": "X500199",
    "message": "Internal server error has occurred, please try again later."
}
2024-12-01 20:13:48: ERROR API request failed to integrate to Customer: , Store: . {
    "code": "X500199",
    "message": "Internal server error has occurred, please try again later."
}
2024-12-01 22:15:10: ERROR API request failed to integrate to Customer: , Store: . {
    "code": "X500113",
    "message": "Internal server error has occurred, please try again later."
}
2024-12-01 22:15:22: ERROR API request failed to integrate to Customer: , Store: . {
    "code": "X500113",
    "message": "Internal server error has occurred, please try again later."
}
2024-12-01 22:15:30: ERROR API request failed to integrate to Customer: , Store: . {
    "code": "X500113",
    "message": "Internal server error has occurred, please try again later."
}
2024-12-01 22:15:41: ERROR API request failed to integrate to Customer: , Store: . {
    "code": "X500113",
    "message": "Internal server error has occurred, please try again later."
}
2024-12-01 22:15:52: ERROR API request failed to integrate to Customer: , Store: . {
    "code": "X500113",
    "message": "Internal server error has occurred, please try again later."
}
2024-12-01 22:16:00: ERROR API request failed to integrate to Customer: , Store: . {
    "code": "X500113",
    "message": "Internal server error has occurred, please try again later."
}
2024-12-01 22:16:12: ERROR API request failed to integrate to Customer: , Store: . {
    "code": "X500113",
    "message": "Internal server error has occurred, please try again later."
}
2024-12-01 22:16:24: ERROR API request failed to integrate to Customer: , Store: . {
    "code": "X500113",
    "message": "Internal server error has occurred, please try again later."
}
2024-12-01 22:33:03: ERROR API request failed to integrate to Customer: , Store: . {
    "code": "X500115",
    "message": "Internal server error has occurred, please try again later."
}
