2024-11-01 02:07:11: ITM12NEO52IGZ241101015337.json successfully integrated to Customer: Bara, Store: 02.
2024-11-01 02:07:14: ITM12NEO52RSW241101015334.json successfully integrated to Customer: Bara, Store: 03.
2024-11-01 02:20:28: PRM12NEO52IGZ241031021810.json successfully integrated to Customer: Bara, Store: 02.
2024-11-01 02:20:28: PRM12NEO52IGZ241031205026.json successfully integrated to Customer: Bara, Store: 02.
2024-11-01 02:20:32: PRM12NEO52RSW241031021808.json successfully integrated to Customer: Bara, Store: 03.
2024-11-01 02:20:32: PRM12NEO52RSW241031205023.json successfully integrated to Customer: Bara, Store: 03.

2024-11-01 14:39:28: ITM12NEO52IGZ241101143208.json successfully integrated to Customer: Bara, Store: 02.
2024-11-01 14:39:30: ITM12NEO52RSW241101143202.json successfully integrated to Customer: Bara, Store: 03.
2024-11-01 16:05:39: ITM12NEO52DUG241016134143.json successfully integrated to Customer: Bara, Store: 02.
2024-11-01 16:05:39: PRM12NEO52DUG241016135015.json successfully integrated to Customer: Bara, Store: 02.
2024-11-01 16:05:40: ITM12NEO52DUG241016203322.json successfully integrated to Customer: Bara, Store: 02.
2024-11-01 16:05:40: ITM12NEO52DUG241017020052.json successfully integrated to Customer: Bara, Store: 02.
2024-11-01 16:05:40: ITM12NEO52DUG241017133410.json successfully integrated to Customer: Bara, Store: 02.
2024-11-01 16:05:40: ITM12NEO52DUG241017203214.json successfully integrated to Customer: Bara, Store: 02.
2024-11-01 16:05:40: ITM12NEO52DUG241018020226.json successfully integrated to Customer: Bara, Store: 02.
2024-11-01 16:05:41: ITM12NEO52DUG241018133212.json successfully integrated to Customer: Bara, Store: 02.
2024-11-01 16:05:41: ITM12NEO52DUG241018203328.json successfully integrated to Customer: Bara, Store: 02.
2024-11-01 16:05:41: ITM12NEO52DUG241019133341.json successfully integrated to Customer: Bara, Store: 02.
2024-11-01 16:05:41: ITM12NEO52DUG241020213304.json successfully integrated to Customer: Bara, Store: 02.
2024-11-01 16:05:41: ITM12NEO52DUG241021143609.json successfully integrated to Customer: Bara, Store: 02.
2024-11-01 16:05:42: ITM12NEO52DUG241021203347.json successfully integrated to Customer: Bara, Store: 02.
2024-11-01 16:05:42: ITM12NEO52DUG241022133757.json successfully integrated to Customer: Bara, Store: 02.
2024-11-01 16:05:42: ITM12NEO52DUG241022175425.json successfully integrated to Customer: Bara, Store: 02.
2024-11-01 16:05:42: ITM12NEO52DUG241022203232.json successfully integrated to Customer: Bara, Store: 02.
2024-11-01 16:05:42: ITM12NEO52DUG241023015750.json successfully integrated to Customer: Bara, Store: 02.
2024-11-01 16:05:42: ITM12NEO52DUG241023133541.json successfully integrated to Customer: Bara, Store: 02.
2024-11-01 16:05:43: ITM12NEO52DUG241023203301.json successfully integrated to Customer: Bara, Store: 02.
2024-11-01 16:05:43: PRM12NEO52DUG241023205029.json successfully integrated to Customer: Bara, Store: 02.
2024-11-01 16:05:43: ITM12NEO52DUG241024015402.json successfully integrated to Customer: Bara, Store: 02.
2024-11-01 16:05:43: ITM12NEO52DUG241024133401.json successfully integrated to Customer: Bara, Store: 02.
2024-11-01 16:05:43: ITM12NEO52DUG241024203259.json successfully integrated to Customer: Bara, Store: 02.
2024-11-01 16:05:44: ITM12NEO52DUG241025015213.json successfully integrated to Customer: Bara, Store: 02.
2024-11-01 16:05:44: ITM12NEO52DUG241025133316.json successfully integrated to Customer: Bara, Store: 02.
2024-11-01 16:05:44: ITM12NEO52DUG241025203224.json successfully integrated to Customer: Bara, Store: 02.
2024-11-01 16:05:44: ITM12NEO52DUG241027133648.json successfully integrated to Customer: Bara, Store: 02.
2024-11-01 16:05:44: ITM12NEO52DUG241028203254.json successfully integrated to Customer: Bara, Store: 02.
2024-11-01 16:05:45: PRM12NEO52DUG241029022523.json successfully integrated to Customer: Bara, Store: 02.
2024-11-01 16:05:45: ITM12NEO52DUG241029133826.json successfully integrated to Customer: Bara, Store: 02.
2024-11-01 16:05:45: PRM12NEO52DUG241029135150.json successfully integrated to Customer: Bara, Store: 02.
2024-11-01 16:05:45: ITM12NEO52DUG241029203339.json successfully integrated to Customer: Bara, Store: 02.
2024-11-01 16:05:45: PRM12NEO52DUG241029204934.json successfully integrated to Customer: Bara, Store: 02.
2024-11-01 16:05:46: ITM12NEO52DUG241030015256.json successfully integrated to Customer: Bara, Store: 02.
2024-11-01 16:05:46: PRM12NEO52DUG241030135258.json successfully integrated to Customer: Bara, Store: 02.
2024-11-01 16:05:46: ITM12NEO52DUG241030203200.json successfully integrated to Customer: Bara, Store: 02.
2024-11-01 16:05:46: ITM12NEO52DUG241031015748.json successfully integrated to Customer: Bara, Store: 02.
2024-11-01 16:05:46: PRM12NEO52DUG241031021807.json successfully integrated to Customer: Bara, Store: 02.
2024-11-01 16:05:47: ITM12NEO52DUG241031133327.json successfully integrated to Customer: Bara, Store: 02.
2024-11-01 16:05:47: ITM12NEO52DUG241031203435.json successfully integrated to Customer: Bara, Store: 02.
2024-11-01 16:05:47: PRM12NEO52DUG241031205022.json successfully integrated to Customer: Bara, Store: 02.
2024-11-01 16:05:47: ITM12NEO52DUG241101015332.json successfully integrated to Customer: Bara, Store: 02.
2024-11-01 16:05:47: ITM12NEO52DUG241101143205.json successfully integrated to Customer: Bara, Store: 02.
2024-11-01 16:05:47: PRM12NEO52DUG241101145022.json successfully integrated to Customer: Bara, Store: 02.
2024-11-01 16:05:50: PRM12NEO52RSW241101145022.json successfully integrated to Customer: Bara, Store: 03.
2024-11-01 23:21:23: ERROR API request failed to integrate to Customer: , Store: . {
    "code": "X500199",
    "message": "Internal server error has occurred, please try again later."
}
