2024-12-02 05:21:06: ERROR API request failed to integrate to Customer: , Store: . {
    "code": "X500113",
    "message": "Internal server error has occurred, please try again later."
}
2024-12-02 05:21:13: ERROR API request failed to integrate to Customer: , Store: . {
    "code": "X500113",
    "message": "Internal server error has occurred, please try again later."
}
2024-12-02 05:21:19: ERROR API request failed to integrate to Customer: , Store: . {
    "code": "X500113",
    "message": "Internal server error has occurred, please try again later."
}
2024-12-02 05:21:25: ERROR API request failed to integrate to Customer: , Store: . {
    "code": "X500113",
    "message": "Internal server error has occurred, please try again later."
}
2024-12-02 05:21:31: ERROR API request failed to integrate to Customer: , Store: . {
    "code": "X500113",
    "message": "Internal server error has occurred, please try again later."
}
2024-12-02 05:21:37: ERROR API request failed to integrate to Customer: , Store: . {
    "code": "X500113",
    "message": "Internal server error has occurred, please try again later."
}
2024-12-02 05:21:43: ERROR API request failed to integrate to Customer: , Store: . {
    "code": "X500113",
    "message": "Internal server error has occurred, please try again later."
}
2024-12-02 05:21:49: ERROR API request failed to integrate to Customer: , Store: . {
    "code": "X500113",
    "message": "Internal server error has occurred, please try again later."
}
2024-12-02 05:21:55: ERROR API request failed to integrate to Customer: , Store: . {
    "code": "X500113",
    "message": "Internal server error has occurred, please try again later."
}
2024-12-02 10:21:02: ERROR API request failed to integrate to Customer: , Store: . {
    "code": "X500113",
    "message": "Internal server error has occurred, please try again later."
}
2024-12-02 10:21:09: ERROR API request failed to integrate to Customer: , Store: . {
    "code": "X500113",
    "message": "Internal server error has occurred, please try again later."
}
2024-12-02 10:21:17: ERROR API request failed to integrate to Customer: , Store: . {
    "code": "X500113",
    "message": "Internal server error has occurred, please try again later."
}
2024-12-02 10:21:24: ERROR API request failed to integrate to Customer: , Store: . {
    "code": "X500113",
    "message": "Internal server error has occurred, please try again later."
}
2024-12-02 10:21:32: ERROR API request failed to integrate to Customer: , Store: . {
    "code": "X500113",
    "message": "Internal server error has occurred, please try again later."
}
2024-12-02 18:31:24: ERROR API request failed to integrate to Customer: , Store: . {
    "code": "X500113",
    "message": "Internal server error has occurred, please try again later."
}
2024-12-02 18:31:40: ERROR API request failed to integrate to Customer: , Store: . {
    "code": "X500113",
    "message": "Internal server error has occurred, please try again later."
}
2024-12-02 18:31:48: ERROR API request failed to integrate to Customer: , Store: . {
    "code": "X500113",
    "message": "Internal server error has occurred, please try again later."
}
2024-12-02 18:31:55: ERROR API request failed to integrate to Customer: , Store: . {
    "code": "X500113",
    "message": "Internal server error has occurred, please try again later."
}
2024-12-02 18:32:03: ERROR API request failed to integrate to Customer: , Store: . {
    "code": "X500113",
    "message": "Internal server error has occurred, please try again later."
}
2024-12-02 18:32:13: ERROR API request failed to integrate to Customer: , Store: . {
    "code": "X500113",
    "message": "Internal server error has occurred, please try again later."
}
2024-12-02 18:32:21: ERROR API request failed to integrate to Customer: , Store: . {
    "code": "X500113",
    "message": "Internal server error has occurred, please try again later."
}
2024-12-02 18:32:36: ERROR API request failed to integrate to Customer: , Store: . {
    "code": "X500113",
    "message": "Internal server error has occurred, please try again later."
}
2024-12-02 18:32:43: ERROR API request failed to integrate to Customer: , Store: . {
    "code": "X500113",
    "message": "Internal server error has occurred, please try again later."
}
2024-12-02 18:32:49: ERROR API request failed to integrate to Customer: , Store: . {
    "code": "X500113",
    "message": "Internal server error has occurred, please try again later."
}
2024-12-02 18:32:49: ERROR Store 02 Integration failed to integrate to Customer: , Store: . Request failed.
2024-12-02 18:32:51: ERROR API request failed to integrate to Customer: , Store: . {
    "code": "X500113",
    "message": "Internal server error has occurred, please try again later."
}
2024-12-02 18:32:58: ERROR API request failed to integrate to Customer: , Store: . {
    "code": "X500113",
    "message": "Internal server error has occurred, please try again later."
}
2024-12-02 18:33:05: ERROR API request failed to integrate to Customer: , Store: . {
    "code": "X500113",
    "message": "Internal server error has occurred, please try again later."
}
2024-12-02 19:31:07: ERROR API request failed to integrate to Customer: , Store: . {
    "code": "X500113",
    "message": "Internal server error has occurred, please try again later."
}
2024-12-02 19:31:26: ERROR API request failed to integrate to Customer: , Store: . {
    "code": "X500113",
    "message": "Internal server error has occurred, please try again later."
}
2024-12-02 19:31:34: ERROR API request failed to integrate to Customer: , Store: . {
    "code": "X500113",
    "message": "Internal server error has occurred, please try again later."
}
2024-12-02 19:31:40: ERROR API request failed to integrate to Customer: , Store: . {
    "code": "X500113",
    "message": "Internal server error has occurred, please try again later."
}
2024-12-02 19:31:47: ERROR API request failed to integrate to Customer: , Store: . {
    "code": "X500113",
    "message": "Internal server error has occurred, please try again later."
}
2024-12-02 19:31:54: ERROR API request failed to integrate to Customer: , Store: . {
    "code": "X500113",
    "message": "Internal server error has occurred, please try again later."
}
2024-12-02 19:32:00: ERROR API request failed to integrate to Customer: , Store: . {
    "code": "X500113",
    "message": "Internal server error has occurred, please try again later."
}
2024-12-02 19:32:20: ERROR API request failed to integrate to Customer: , Store: . {
    "code": "X500113",
    "message": "Internal server error has occurred, please try again later."
}
2024-12-02 19:32:20: ERROR Store 02 Integration failed to integrate to Customer: , Store: . Request failed.
2024-12-02 19:32:23: ERROR API request failed to integrate to Customer: , Store: . {
    "code": "X500113",
    "message": "Internal server error has occurred, please try again later."
}
2024-12-02 19:32:31: ERROR API request failed to integrate to Customer: , Store: . {
    "code": "X500113",
    "message": "Internal server error has occurred, please try again later."
}
2024-12-02 19:32:40: ERROR API request failed to integrate to Customer: , Store: . {
    "code": "X500113",
    "message": "Internal server error has occurred, please try again later."
}
2024-12-02 19:32:46: ERROR API request failed to integrate to Customer: , Store: . {
    "code": "X500113",
    "message": "Internal server error has occurred, please try again later."
}
2024-12-02 19:32:53: ERROR API request failed to integrate to Customer: , Store: . {
    "code": "X500113",
    "message": "Internal server error has occurred, please try again later."
}
2024-12-02 19:33:25: ERROR API request failed to integrate to Customer: , Store: . {
    "code": "X500113",
    "message": "Internal server error has occurred, please try again later."
}
2024-12-02 19:33:31: ERROR API request failed to integrate to Customer: , Store: . {
    "code": "X500113",
    "message": "Internal server error has occurred, please try again later."
}
2024-12-02 19:33:37: ERROR API request failed to integrate to Customer: , Store: . {
    "code": "X500113",
    "message": "Internal server error has occurred, please try again later."
}
2024-12-02 21:35:10: PRM12NEO52DUG241202204932.json successfully integrated to Customer: Bara, Store: 02.
2024-12-02 21:35:13: PRM12NEO52RSW241202204930.json successfully integrated to Customer: Bara, Store: 03.
2024-12-02 22:20:58: ERROR API request failed to integrate to Customer: , Store: . {
    "code": "X500113",
    "message": "Internal server error has occurred, please try again later."
}
2024-12-02 22:21:05: ERROR API request failed to integrate to Customer: , Store: . {
    "code": "X500113",
    "message": "Internal server error has occurred, please try again later."
}
2024-12-02 22:21:13: ERROR API request failed to integrate to Customer: , Store: . {
    "code": "X500113",
    "message": "Internal server error has occurred, please try again later."
}
2024-12-02 22:21:19: ERROR API request failed to integrate to Customer: , Store: . {
    "code": "X500113",
    "message": "Internal server error has occurred, please try again later."
}
2024-12-02 22:21:26: ERROR API request failed to integrate to Customer: , Store: . {
    "code": "X500113",
    "message": "Internal server error has occurred, please try again later."
}
2024-12-02 22:21:33: ERROR API request failed to integrate to Customer: , Store: . {
    "code": "X500113",
    "message": "Internal server error has occurred, please try again later."
}
2024-12-02 22:21:39: ERROR API request failed to integrate to Customer: , Store: . {
    "code": "X500113",
    "message": "Internal server error has occurred, please try again later."
}
2024-12-02 22:21:45: ERROR API request failed to integrate to Customer: , Store: . {
    "code": "X500113",
    "message": "Internal server error has occurred, please try again later."
}
2024-12-02 22:21:52: ERROR API request failed to integrate to Customer: , Store: . {
    "code": "X500113",
    "message": "Internal server error has occurred, please try again later."
}
2024-12-02 22:21:58: ERROR API request failed to integrate to Customer: , Store: . {
    "code": "X500113",
    "message": "Internal server error has occurred, please try again later."
}
2024-12-02 22:21:58: ERROR Store 02 Integration failed to integrate to Customer: , Store: . Request failed.
2024-12-02 22:22:01: ERROR API request failed to integrate to Customer: , Store: . {
    "code": "X500113",
    "message": "Internal server error has occurred, please try again later."
}
2024-12-02 22:22:07: ERROR API request failed to integrate to Customer: , Store: . {
    "code": "X500113",
    "message": "Internal server error has occurred, please try again later."
}
2024-12-02 22:22:17: ERROR API request failed to integrate to Customer: , Store: . {
    "code": "X500113",
    "message": "Internal server error has occurred, please try again later."
}
