2024-10-29 06:32:32: PRM12NEO52IGZ241029022526.json successfully integrated to Customer: Bara, Store: 02.
2024-10-29 06:32:35: PRM12NEO52RSW241029022521.json successfully integrated to Customer: Bara, Store: 03.
2024-10-29 06:34:35: ITM12NEO52IGZ241028203256.json successfully integrated to Customer: Bara, Store: 02.
2024-10-29 06:34:37: ITM12NEO52RSW241028203253.json successfully integrated to Customer: Bara, Store: 03.
2024-10-29 06:36:26: PRM12NEO52IGZ241029022526.json successfully integrated to Customer: Bara, Store: 02.
2024-10-29 06:36:29: PRM12NEO52RSW241029022521.json successfully integrated to Customer: Bara, Store: 03.
2024-10-29 07:06:34: PRM12NEO52IGZ241029022526.json successfully integrated to Customer: Bara, Store: 02.
2024-10-29 07:06:37: PRM12NEO52RSW241029022521.json successfully integrated to Customer: Bara, Store: 03.
2024-10-29 07:36:42: PRM12NEO52IGZ241029022526.json successfully integrated to Customer: Bara, Store: 02.
2024-10-29 07:36:45: PRM12NEO52RSW241029022521.json successfully integrated to Customer: Bara, Store: 03.
2024-10-29 08:06:53: PRM12NEO52IGZ241029022526.json successfully integrated to Customer: Bara, Store: 02.
2024-10-29 08:06:56: PRM12NEO52RSW241029022521.json successfully integrated to Customer: Bara, Store: 03.
2024-10-29 08:37:01: PRM12NEO52IGZ241029022526.json successfully integrated to Customer: Bara, Store: 02.
2024-10-29 08:37:03: PRM12NEO52RSW241029022521.json successfully integrated to Customer: Bara, Store: 03.
2024-10-29 09:07:09: PRM12NEO52IGZ241029022526.json successfully integrated to Customer: Bara, Store: 02.
2024-10-29 09:07:12: PRM12NEO52RSW241029022521.json successfully integrated to Customer: Bara, Store: 03.
2024-10-29 09:37:22: PRM12NEO52IGZ241029022526.json successfully integrated to Customer: Bara, Store: 02.
2024-10-29 09:37:25: PRM12NEO52RSW241029022521.json successfully integrated to Customer: Bara, Store: 03.
2024-10-29 10:07:28: PRM12NEO52IGZ241029022526.json successfully integrated to Customer: Bara, Store: 02.
2024-10-29 10:07:30: PRM12NEO52RSW241029022521.json successfully integrated to Customer: Bara, Store: 03.
2024-10-29 10:37:35: PRM12NEO52IGZ241029022526.json successfully integrated to Customer: Bara, Store: 02.
2024-10-29 10:37:37: PRM12NEO52RSW241029022521.json successfully integrated to Customer: Bara, Store: 03.
2024-10-29 11:07:41: PRM12NEO52IGZ241029022526.json successfully integrated to Customer: Bara, Store: 02.
2024-10-29 11:07:44: PRM12NEO52RSW241029022521.json successfully integrated to Customer: Bara, Store: 03.
2024-10-29 11:37:48: PRM12NEO52IGZ241029022526.json successfully integrated to Customer: Bara, Store: 02.
2024-10-29 11:37:50: PRM12NEO52RSW241029022521.json successfully integrated to Customer: Bara, Store: 03.
2024-10-29 12:07:54: PRM12NEO52IGZ241029022526.json successfully integrated to Customer: Bara, Store: 02.
2024-10-29 12:07:56: PRM12NEO52RSW241029022521.json successfully integrated to Customer: Bara, Store: 03.
2024-10-29 12:38:00: PRM12NEO52IGZ241029022526.json successfully integrated to Customer: Bara, Store: 02.
2024-10-29 12:38:02: PRM12NEO52RSW241029022521.json successfully integrated to Customer: Bara, Store: 03.
2024-10-29 13:08:06: PRM12NEO52IGZ241029022526.json successfully integrated to Customer: Bara, Store: 02.
2024-10-29 13:08:09: PRM12NEO52RSW241029022521.json successfully integrated to Customer: Bara, Store: 03.
2024-10-29 13:38:13: PRM12NEO52IGZ241029022526.json successfully integrated to Customer: Bara, Store: 02.
2024-10-29 13:38:15: PRM12NEO52RSW241029022521.json successfully integrated to Customer: Bara, Store: 03.
2024-10-29 14:31:35: ITM12NEO52IGZ240929133258.json successfully integrated to Customer: Bara, Store: 02.
2024-10-29 14:31:35: ITM12NEO52IGZ240930022833.json successfully integrated to Customer: Bara, Store: 02.
2024-10-29 14:31:35: ITM12NEO52IGZ240930131507.json successfully integrated to Customer: Bara, Store: 02.
2024-10-29 14:31:36: ITM12NEO52IGZ240930142414.json successfully integrated to Customer: Bara, Store: 02.
2024-10-29 14:31:36: ITM12NEO52IGZ240930200530.json successfully integrated to Customer: Bara, Store: 02.
2024-10-29 14:31:36: ITM12NEO52IGZ241001021546.json successfully integrated to Customer: Bara, Store: 02.
2024-10-29 14:31:36: PRM12NEO52IGZ241001145818.json successfully integrated to Customer: Bara, Store: 02.
2024-10-29 14:31:37: ITM12NEO52IGZ241001203220.json successfully integrated to Customer: Bara, Store: 02.
2024-10-29 14:31:37: ITM12NEO52IGZ241002020000.json successfully integrated to Customer: Bara, Store: 02.
2024-10-29 14:31:37: ITM12NEO52IGZ241002133202.json successfully integrated to Customer: Bara, Store: 02.
2024-10-29 14:31:37: PRM12NEO52IGZ241002142244.json successfully integrated to Customer: Bara, Store: 02.
2024-10-29 14:31:37: ITM12NEO52IGZ241002190247.json successfully integrated to Customer: Bara, Store: 02.
2024-10-29 14:31:38: ITM12NEO52IGZ241003015922.json successfully integrated to Customer: Bara, Store: 02.
2024-10-29 14:31:38: ITM12NEO52IGZ241003133208.json successfully integrated to Customer: Bara, Store: 02.
2024-10-29 14:31:38: ITM12NEO52IGZ241003203238.json successfully integrated to Customer: Bara, Store: 02.
2024-10-29 14:31:38: ITM12NEO52IGZ241004015432.json successfully integrated to Customer: Bara, Store: 02.
2024-10-29 14:31:38: ITM12NEO52IGZ241004203219.json successfully integrated to Customer: Bara, Store: 02.
2024-10-29 14:31:38: ITM12NEO52IGZ241005203150.json successfully integrated to Customer: Bara, Store: 02.
2024-10-29 14:31:39: ITM12NEO52IGZ241006015449.json successfully integrated to Customer: Bara, Store: 02.
2024-10-29 14:31:39: ITM12NEO52IGZ241006133429.json successfully integrated to Customer: Bara, Store: 02.
2024-10-29 14:31:39: ITM12NEO52IGZ241007203704.json successfully integrated to Customer: Bara, Store: 02.
2024-10-29 14:31:39: ITM12NEO52IGZ241008021000.json successfully integrated to Customer: Bara, Store: 02.
2024-10-29 14:31:39: ITM12NEO52IGZ241008133652.json successfully integrated to Customer: Bara, Store: 02.
2024-10-29 14:31:40: ITM12NEO52IGZ241008203338.json successfully integrated to Customer: Bara, Store: 02.
2024-10-29 14:31:40: ITM12NEO52IGZ241009015830.json successfully integrated to Customer: Bara, Store: 02.
2024-10-29 14:31:40: ITM12NEO52IGZ241009133559.json successfully integrated to Customer: Bara, Store: 02.
2024-10-29 14:31:40: ITM12NEO52IGZ241009203241.json successfully integrated to Customer: Bara, Store: 02.
2024-10-29 14:31:40: ITM12NEO52IGZ241010021031.json successfully integrated to Customer: Bara, Store: 02.
2024-10-29 14:31:40: ITM12NEO52IGZ241010133321.json successfully integrated to Customer: Bara, Store: 02.
2024-10-29 14:31:41: ITM12NEO52IGZ241010203329.json successfully integrated to Customer: Bara, Store: 02.
2024-10-29 14:31:41: ITM12NEO52IGZ241011133403.json successfully integrated to Customer: Bara, Store: 02.
2024-10-29 14:31:41: PRM12NEO52IGZ241011135110.json successfully integrated to Customer: Bara, Store: 02.
2024-10-29 14:31:41: ITM12NEO52IGZ241011203212.json successfully integrated to Customer: Bara, Store: 02.
2024-10-29 14:31:41: ITM12NEO52IGZ241012015630.json successfully integrated to Customer: Bara, Store: 02.
2024-10-29 14:31:41: ITM12NEO52IGZ241012133545.json successfully integrated to Customer: Bara, Store: 02.
2024-10-29 14:31:42: ITM12NEO52IGZ241012203210.json successfully integrated to Customer: Bara, Store: 02.
2024-10-29 14:31:42: ITM12NEO52IGZ241014203241.json successfully integrated to Customer: Bara, Store: 02.
2024-10-29 14:31:42: ITM12NEO52IGZ241015020224.json successfully integrated to Customer: Bara, Store: 02.
2024-10-29 14:31:42: ITM12NEO52IGZ241015134032.json successfully integrated to Customer: Bara, Store: 02.
2024-10-29 14:31:42: ITM12NEO52IGZ241015203210.json successfully integrated to Customer: Bara, Store: 02.
2024-10-29 14:31:43: ITM12NEO52IGZ241016015901.json successfully integrated to Customer: Bara, Store: 02.
2024-10-29 14:31:43: ITM12NEO52IGZ241016134145.json successfully integrated to Customer: Bara, Store: 02.
2024-10-29 14:31:43: PRM12NEO52IGZ241016135017.json successfully integrated to Customer: Bara, Store: 02.
2024-10-29 14:31:43: ITM12NEO52IGZ241016203323.json successfully integrated to Customer: Bara, Store: 02.
2024-10-29 14:31:44: ITM12NEO52IGZ241017020053.json successfully integrated to Customer: Bara, Store: 02.
2024-10-29 14:31:44: ITM12NEO52IGZ241017133411.json successfully integrated to Customer: Bara, Store: 02.
2024-10-29 14:31:44: ITM12NEO52IGZ241017203214.json successfully integrated to Customer: Bara, Store: 02.
2024-10-29 14:31:45: ITM12NEO52IGZ241018020227.json successfully integrated to Customer: Bara, Store: 02.
2024-10-29 14:31:45: ITM12NEO52IGZ241018133216.json successfully integrated to Customer: Bara, Store: 02.
2024-10-29 14:31:45: ITM12NEO52IGZ241018203330.json successfully integrated to Customer: Bara, Store: 02.
2024-10-29 14:31:45: ITM12NEO52IGZ241019133344.json successfully integrated to Customer: Bara, Store: 02.
2024-10-29 14:31:45: ITM12NEO52IGZ241020213307.json successfully integrated to Customer: Bara, Store: 02.
2024-10-29 14:31:45: ITM12NEO52IGZ241021203349.json successfully integrated to Customer: Bara, Store: 02.
2024-10-29 14:31:46: ITM12NEO52IGZ241022133801.json successfully integrated to Customer: Bara, Store: 02.
2024-10-29 14:31:46: ITM12NEO52IGZ241022175427.json successfully integrated to Customer: Bara, Store: 02.
2024-10-29 14:31:46: ITM12NEO52IGZ241022203233.json successfully integrated to Customer: Bara, Store: 02.
2024-10-29 14:31:46: ITM12NEO52IGZ241023015752.json successfully integrated to Customer: Bara, Store: 02.
2024-10-29 14:31:46: ITM12NEO52IGZ241023133542.json successfully integrated to Customer: Bara, Store: 02.
2024-10-29 14:31:46: ITM12NEO52IGZ241023203304.json successfully integrated to Customer: Bara, Store: 02.
2024-10-29 14:31:47: ITM12NEO52IGZ241024015405.json successfully integrated to Customer: Bara, Store: 02.
2024-10-29 14:31:47: ITM12NEO52IGZ241024133403.json successfully integrated to Customer: Bara, Store: 02.
2024-10-29 14:31:47: ITM12NEO52IGZ241024203300.json successfully integrated to Customer: Bara, Store: 02.
2024-10-29 14:31:47: ITM12NEO52IGZ241025015214.json successfully integrated to Customer: Bara, Store: 02.
2024-10-29 14:31:47: ITM12NEO52IGZ241025133317.json successfully integrated to Customer: Bara, Store: 02.
2024-10-29 14:31:48: ITM12NEO52IGZ241025203224.json successfully integrated to Customer: Bara, Store: 02.
2024-10-29 14:31:48: ITM12NEO52IGZ241028203256.json successfully integrated to Customer: Bara, Store: 02.
2024-10-29 14:32:40: ITM12NEO52RSW240929133248.json successfully integrated to Customer: Bara, Store: 03.
2024-10-29 14:32:40: ITM12NEO52RSW240930022822.json successfully integrated to Customer: Bara, Store: 03.
2024-10-29 14:32:41: ITM12NEO52RSW240930131447.json successfully integrated to Customer: Bara, Store: 03.
2024-10-29 14:32:41: ITM12NEO52RSW240930142402.json successfully integrated to Customer: Bara, Store: 03.
2024-10-29 14:32:41: ITM12NEO52RSW240930200512.json successfully integrated to Customer: Bara, Store: 03.
2024-10-29 14:32:41: ITM12NEO52RSW241001021532.json successfully integrated to Customer: Bara, Store: 03.
2024-10-29 14:32:41: ITM12NEO52RSW241001135925.json successfully integrated to Customer: Bara, Store: 03.
2024-10-29 14:32:42: PRM12NEO52RSW241001145703.json successfully integrated to Customer: Bara, Store: 03.
2024-10-29 14:32:42: ITM12NEO52RSW241001203212.json successfully integrated to Customer: Bara, Store: 03.
2024-10-29 14:32:42: ITM12NEO52RSW241002015954.json successfully integrated to Customer: Bara, Store: 03.
2024-10-29 14:32:42: ITM12NEO52RSW241002133157.json successfully integrated to Customer: Bara, Store: 03.
2024-10-29 14:32:43: PRM12NEO52RSW241002142240.json successfully integrated to Customer: Bara, Store: 03.
2024-10-29 14:32:43: ITM12NEO52RSW241002190243.json successfully integrated to Customer: Bara, Store: 03.
2024-10-29 14:32:43: ITM12NEO52RSW241003015912.json successfully integrated to Customer: Bara, Store: 03.
2024-10-29 14:32:43: ITM12NEO52RSW241003133202.json successfully integrated to Customer: Bara, Store: 03.
2024-10-29 14:32:43: ITM12NEO52RSW241003203227.json successfully integrated to Customer: Bara, Store: 03.
2024-10-29 14:32:44: ITM12NEO52RSW241004015427.json successfully integrated to Customer: Bara, Store: 03.
2024-10-29 14:32:44: ITM12NEO52RSW241004203213.json successfully integrated to Customer: Bara, Store: 03.
2024-10-29 14:32:44: ITM12NEO52RSW241006015444.json successfully integrated to Customer: Bara, Store: 03.
2024-10-29 14:32:44: ITM12NEO52RSW241006133426.json successfully integrated to Customer: Bara, Store: 03.
2024-10-29 14:32:44: ITM12NEO52RSW241007203701.json successfully integrated to Customer: Bara, Store: 03.
2024-10-29 14:32:45: ITM12NEO52RSW241008133650.json successfully integrated to Customer: Bara, Store: 03.
2024-10-29 14:32:45: ITM12NEO52RSW241008203335.json successfully integrated to Customer: Bara, Store: 03.
2024-10-29 14:32:45: ITM12NEO52RSW241009015829.json successfully integrated to Customer: Bara, Store: 03.
2024-10-29 14:32:45: ITM12NEO52RSW241009133559.json successfully integrated to Customer: Bara, Store: 03.
2024-10-29 14:32:45: ITM12NEO52RSW241009203240.json successfully integrated to Customer: Bara, Store: 03.
2024-10-29 14:32:45: ITM12NEO52RSW241010021028.json successfully integrated to Customer: Bara, Store: 03.
2024-10-29 14:32:46: ITM12NEO52RSW241010133319.json successfully integrated to Customer: Bara, Store: 03.
2024-10-29 14:32:46: ITM12NEO52RSW241010203326.json successfully integrated to Customer: Bara, Store: 03.
2024-10-29 14:32:46: ITM12NEO52RSW241011133403.json successfully integrated to Customer: Bara, Store: 03.
2024-10-29 14:32:46: PRM12NEO52RSW241011135109.json successfully integrated to Customer: Bara, Store: 03.
2024-10-29 14:32:46: ITM12NEO52RSW241011203211.json successfully integrated to Customer: Bara, Store: 03.
2024-10-29 14:32:46: ITM12NEO52RSW241012015630.json successfully integrated to Customer: Bara, Store: 03.
2024-10-29 14:32:47: ITM12NEO52RSW241012133544.json successfully integrated to Customer: Bara, Store: 03.
2024-10-29 14:32:47: ITM12NEO52RSW241012203208.json successfully integrated to Customer: Bara, Store: 03.
2024-10-29 14:32:47: ITM12NEO52RSW241014203237.json successfully integrated to Customer: Bara, Store: 03.
2024-10-29 14:32:47: ITM12NEO52RSW241015020219.json successfully integrated to Customer: Bara, Store: 03.
2024-10-29 14:32:47: ITM12NEO52RSW241015134029.json successfully integrated to Customer: Bara, Store: 03.
2024-10-29 14:32:47: ITM12NEO52RSW241015203208.json successfully integrated to Customer: Bara, Store: 03.
2024-10-29 14:32:48: ITM12NEO52RSW241016015856.json successfully integrated to Customer: Bara, Store: 03.
2024-10-29 14:32:48: ITM12NEO52RSW241016134143.json successfully integrated to Customer: Bara, Store: 03.
2024-10-29 14:32:48: PRM12NEO52RSW241016135015.json successfully integrated to Customer: Bara, Store: 03.
2024-10-29 14:32:48: ITM12NEO52RSW241016203322.json successfully integrated to Customer: Bara, Store: 03.
2024-10-29 14:32:48: ITM12NEO52RSW241017020052.json successfully integrated to Customer: Bara, Store: 03.
2024-10-29 14:32:48: ITM12NEO52RSW241017133410.json successfully integrated to Customer: Bara, Store: 03.
2024-10-29 14:32:49: ITM12NEO52RSW241017203212.json successfully integrated to Customer: Bara, Store: 03.
2024-10-29 14:32:49: ITM12NEO52RSW241018020225.json successfully integrated to Customer: Bara, Store: 03.
2024-10-29 14:32:49: ITM12NEO52RSW241018133215.json successfully integrated to Customer: Bara, Store: 03.
2024-10-29 14:32:49: ITM12NEO52RSW241018203328.json successfully integrated to Customer: Bara, Store: 03.
2024-10-29 14:32:49: ITM12NEO52RSW241019133342.json successfully integrated to Customer: Bara, Store: 03.
2024-10-29 14:32:50: ITM12NEO52RSW241020213303.json successfully integrated to Customer: Bara, Store: 03.
2024-10-29 14:32:50: ITM12NEO52RSW241021143608.json successfully integrated to Customer: Bara, Store: 03.
2024-10-29 14:32:50: ITM12NEO52RSW241021203349.json successfully integrated to Customer: Bara, Store: 03.
2024-10-29 14:32:50: ITM12NEO52RSW241022133757.json successfully integrated to Customer: Bara, Store: 03.
2024-10-29 14:32:50: ITM12NEO52RSW241022175425.json successfully integrated to Customer: Bara, Store: 03.
2024-10-29 14:32:50: ITM12NEO52RSW241022203234.json successfully integrated to Customer: Bara, Store: 03.
2024-10-29 14:32:51: ITM12NEO52RSW241023015751.json successfully integrated to Customer: Bara, Store: 03.
2024-10-29 14:32:51: ITM12NEO52RSW241023133541.json successfully integrated to Customer: Bara, Store: 03.
2024-10-29 14:32:51: ITM12NEO52RSW241023203301.json successfully integrated to Customer: Bara, Store: 03.
2024-10-29 14:32:51: PRM12NEO52RSW241023205029.json successfully integrated to Customer: Bara, Store: 03.
2024-10-29 14:32:51: ITM12NEO52RSW241024015403.json successfully integrated to Customer: Bara, Store: 03.
2024-10-29 14:32:51: ITM12NEO52RSW241024133400.json successfully integrated to Customer: Bara, Store: 03.
2024-10-29 14:32:52: ITM12NEO52RSW241024203301.json successfully integrated to Customer: Bara, Store: 03.
2024-10-29 14:32:52: ITM12NEO52RSW241025015213.json successfully integrated to Customer: Bara, Store: 03.
2024-10-29 14:32:52: ITM12NEO52RSW241025133315.json successfully integrated to Customer: Bara, Store: 03.
2024-10-29 14:32:52: ITM12NEO52RSW241025203224.json successfully integrated to Customer: Bara, Store: 03.
2024-10-29 14:32:52: ITM12NEO52RSW241027133650.json successfully integrated to Customer: Bara, Store: 03.
2024-10-29 14:32:52: ITM12NEO52RSW241028203253.json successfully integrated to Customer: Bara, Store: 03.
2024-10-29 14:49:13: ITM12NEO52IGZ240929133258.json successfully integrated to Customer: Bara, Store: 02.
2024-10-29 14:49:13: ITM12NEO52IGZ240930022833.json successfully integrated to Customer: Bara, Store: 02.
2024-10-29 14:49:13: ITM12NEO52IGZ240930131507.json successfully integrated to Customer: Bara, Store: 02.
2024-10-29 14:49:13: ITM12NEO52IGZ240930142414.json successfully integrated to Customer: Bara, Store: 02.
2024-10-29 14:49:13: ITM12NEO52IGZ240930200530.json successfully integrated to Customer: Bara, Store: 02.
2024-10-29 14:49:14: ITM12NEO52IGZ241001021546.json successfully integrated to Customer: Bara, Store: 02.
2024-10-29 14:49:14: PRM12NEO52IGZ241001145818.json successfully integrated to Customer: Bara, Store: 02.
2024-10-29 14:49:14: ITM12NEO52IGZ241001203220.json successfully integrated to Customer: Bara, Store: 02.
2024-10-29 14:49:14: ITM12NEO52IGZ241002020000.json successfully integrated to Customer: Bara, Store: 02.
2024-10-29 14:49:14: ITM12NEO52IGZ241002133202.json successfully integrated to Customer: Bara, Store: 02.
2024-10-29 14:49:15: PRM12NEO52IGZ241002142244.json successfully integrated to Customer: Bara, Store: 02.
2024-10-29 14:49:15: ITM12NEO52IGZ241002190247.json successfully integrated to Customer: Bara, Store: 02.
2024-10-29 14:49:15: ITM12NEO52IGZ241003015922.json successfully integrated to Customer: Bara, Store: 02.
2024-10-29 14:49:15: ITM12NEO52IGZ241003133208.json successfully integrated to Customer: Bara, Store: 02.
2024-10-29 14:49:15: ITM12NEO52IGZ241003203238.json successfully integrated to Customer: Bara, Store: 02.
2024-10-29 14:49:16: ITM12NEO52IGZ241004015432.json successfully integrated to Customer: Bara, Store: 02.
2024-10-29 14:49:16: ITM12NEO52IGZ241004203219.json successfully integrated to Customer: Bara, Store: 02.
2024-10-29 14:49:16: ITM12NEO52IGZ241005203150.json successfully integrated to Customer: Bara, Store: 02.
2024-10-29 14:49:16: ITM12NEO52IGZ241006015449.json successfully integrated to Customer: Bara, Store: 02.
2024-10-29 14:49:16: ITM12NEO52IGZ241006133429.json successfully integrated to Customer: Bara, Store: 02.
2024-10-29 14:49:16: ITM12NEO52IGZ241007203704.json successfully integrated to Customer: Bara, Store: 02.
2024-10-29 14:49:17: ITM12NEO52IGZ241008021000.json successfully integrated to Customer: Bara, Store: 02.
2024-10-29 14:49:17: ITM12NEO52IGZ241008133652.json successfully integrated to Customer: Bara, Store: 02.
2024-10-29 14:49:17: ITM12NEO52IGZ241008203338.json successfully integrated to Customer: Bara, Store: 02.
2024-10-29 14:49:17: ITM12NEO52IGZ241009015830.json successfully integrated to Customer: Bara, Store: 02.
2024-10-29 14:49:17: ITM12NEO52IGZ241009133559.json successfully integrated to Customer: Bara, Store: 02.
2024-10-29 14:49:17: ITM12NEO52IGZ241009203241.json successfully integrated to Customer: Bara, Store: 02.
2024-10-29 14:49:18: ITM12NEO52IGZ241010021031.json successfully integrated to Customer: Bara, Store: 02.
2024-10-29 14:49:18: ITM12NEO52IGZ241010133321.json successfully integrated to Customer: Bara, Store: 02.
2024-10-29 14:49:18: ITM12NEO52IGZ241010203329.json successfully integrated to Customer: Bara, Store: 02.
2024-10-29 14:49:18: ITM12NEO52IGZ241011133403.json successfully integrated to Customer: Bara, Store: 02.
2024-10-29 14:49:18: PRM12NEO52IGZ241011135110.json successfully integrated to Customer: Bara, Store: 02.
2024-10-29 14:49:19: ITM12NEO52IGZ241011203212.json successfully integrated to Customer: Bara, Store: 02.
2024-10-29 14:49:19: ITM12NEO52IGZ241012015630.json successfully integrated to Customer: Bara, Store: 02.
2024-10-29 14:49:19: ITM12NEO52IGZ241012133545.json successfully integrated to Customer: Bara, Store: 02.
2024-10-29 14:49:19: ITM12NEO52IGZ241012203210.json successfully integrated to Customer: Bara, Store: 02.
2024-10-29 14:49:19: ITM12NEO52IGZ241014203241.json successfully integrated to Customer: Bara, Store: 02.
2024-10-29 14:49:19: ITM12NEO52IGZ241015020224.json successfully integrated to Customer: Bara, Store: 02.
2024-10-29 14:49:20: ITM12NEO52IGZ241015134032.json successfully integrated to Customer: Bara, Store: 02.
2024-10-29 14:49:20: ITM12NEO52IGZ241015203210.json successfully integrated to Customer: Bara, Store: 02.
2024-10-29 14:49:20: ITM12NEO52IGZ241016015901.json successfully integrated to Customer: Bara, Store: 02.
2024-10-29 14:49:20: ITM12NEO52IGZ241016134145.json successfully integrated to Customer: Bara, Store: 02.
2024-10-29 14:49:20: PRM12NEO52IGZ241016135017.json successfully integrated to Customer: Bara, Store: 02.
2024-10-29 14:49:20: ITM12NEO52IGZ241016203323.json successfully integrated to Customer: Bara, Store: 02.
2024-10-29 14:49:21: ITM12NEO52IGZ241017020053.json successfully integrated to Customer: Bara, Store: 02.
2024-10-29 14:49:21: ITM12NEO52IGZ241017133411.json successfully integrated to Customer: Bara, Store: 02.
2024-10-29 14:49:21: ITM12NEO52IGZ241017203214.json successfully integrated to Customer: Bara, Store: 02.
2024-10-29 14:49:21: ITM12NEO52IGZ241018020227.json successfully integrated to Customer: Bara, Store: 02.
2024-10-29 14:49:21: ITM12NEO52IGZ241018133216.json successfully integrated to Customer: Bara, Store: 02.
2024-10-29 14:49:21: ITM12NEO52IGZ241018203330.json successfully integrated to Customer: Bara, Store: 02.
2024-10-29 14:49:22: ITM12NEO52IGZ241019133344.json successfully integrated to Customer: Bara, Store: 02.
2024-10-29 14:49:22: ITM12NEO52IGZ241020213307.json successfully integrated to Customer: Bara, Store: 02.
2024-10-29 14:49:22: ITM12NEO52IGZ241021203349.json successfully integrated to Customer: Bara, Store: 02.
2024-10-29 14:49:22: ITM12NEO52IGZ241022133801.json successfully integrated to Customer: Bara, Store: 02.
2024-10-29 14:49:22: ITM12NEO52IGZ241022175427.json successfully integrated to Customer: Bara, Store: 02.
2024-10-29 14:49:22: ITM12NEO52IGZ241022203233.json successfully integrated to Customer: Bara, Store: 02.
2024-10-29 14:49:23: ITM12NEO52IGZ241023015752.json successfully integrated to Customer: Bara, Store: 02.
2024-10-29 14:49:23: ITM12NEO52IGZ241023133542.json successfully integrated to Customer: Bara, Store: 02.
2024-10-29 14:49:23: ITM12NEO52IGZ241023203304.json successfully integrated to Customer: Bara, Store: 02.
2024-10-29 14:49:23: ITM12NEO52IGZ241024015405.json successfully integrated to Customer: Bara, Store: 02.
2024-10-29 14:49:23: ITM12NEO52IGZ241024133403.json successfully integrated to Customer: Bara, Store: 02.
2024-10-29 14:49:23: ITM12NEO52IGZ241024203300.json successfully integrated to Customer: Bara, Store: 02.
2024-10-29 14:49:24: ITM12NEO52IGZ241025015214.json successfully integrated to Customer: Bara, Store: 02.
2024-10-29 14:49:24: ITM12NEO52IGZ241025133317.json successfully integrated to Customer: Bara, Store: 02.
2024-10-29 14:49:24: ITM12NEO52IGZ241025203224.json successfully integrated to Customer: Bara, Store: 02.
2024-10-29 14:49:24: ITM12NEO52IGZ241028203256.json successfully integrated to Customer: Bara, Store: 02.
2024-10-29 14:50:15: ITM12NEO52RSW240929133248.json successfully integrated to Customer: Bara, Store: 03.
2024-10-29 14:50:15: ITM12NEO52RSW240930022822.json successfully integrated to Customer: Bara, Store: 03.
2024-10-29 14:50:15: ITM12NEO52RSW240930131447.json successfully integrated to Customer: Bara, Store: 03.
2024-10-29 14:50:15: ITM12NEO52RSW240930142402.json successfully integrated to Customer: Bara, Store: 03.
2024-10-29 14:50:16: ITM12NEO52RSW240930200512.json successfully integrated to Customer: Bara, Store: 03.
2024-10-29 14:50:16: ITM12NEO52RSW241001021532.json successfully integrated to Customer: Bara, Store: 03.
2024-10-29 14:50:16: ITM12NEO52RSW241001135925.json successfully integrated to Customer: Bara, Store: 03.
2024-10-29 14:50:16: PRM12NEO52RSW241001145703.json successfully integrated to Customer: Bara, Store: 03.
2024-10-29 14:50:16: ITM12NEO52RSW241001203212.json successfully integrated to Customer: Bara, Store: 03.
2024-10-29 14:50:17: ITM12NEO52RSW241002015954.json successfully integrated to Customer: Bara, Store: 03.
2024-10-29 14:50:17: ITM12NEO52RSW241002133157.json successfully integrated to Customer: Bara, Store: 03.
2024-10-29 14:50:17: PRM12NEO52RSW241002142240.json successfully integrated to Customer: Bara, Store: 03.
2024-10-29 14:50:17: ITM12NEO52RSW241002190243.json successfully integrated to Customer: Bara, Store: 03.
2024-10-29 14:50:17: ITM12NEO52RSW241003015912.json successfully integrated to Customer: Bara, Store: 03.
2024-10-29 14:50:18: ITM12NEO52RSW241003133202.json successfully integrated to Customer: Bara, Store: 03.
2024-10-29 14:50:18: ITM12NEO52RSW241003203227.json successfully integrated to Customer: Bara, Store: 03.
2024-10-29 14:50:18: ITM12NEO52RSW241004015427.json successfully integrated to Customer: Bara, Store: 03.
2024-10-29 14:50:18: ITM12NEO52RSW241004203213.json successfully integrated to Customer: Bara, Store: 03.
2024-10-29 14:50:18: ITM12NEO52RSW241006015444.json successfully integrated to Customer: Bara, Store: 03.
2024-10-29 14:50:19: ITM12NEO52RSW241006133426.json successfully integrated to Customer: Bara, Store: 03.
2024-10-29 14:50:19: ITM12NEO52RSW241007203701.json successfully integrated to Customer: Bara, Store: 03.
2024-10-29 14:50:19: ITM12NEO52RSW241008133650.json successfully integrated to Customer: Bara, Store: 03.
2024-10-29 14:50:19: ITM12NEO52RSW241008203335.json successfully integrated to Customer: Bara, Store: 03.
2024-10-29 14:50:19: ITM12NEO52RSW241009015829.json successfully integrated to Customer: Bara, Store: 03.
2024-10-29 14:50:20: ITM12NEO52RSW241009133559.json successfully integrated to Customer: Bara, Store: 03.
2024-10-29 14:50:20: ITM12NEO52RSW241009203240.json successfully integrated to Customer: Bara, Store: 03.
2024-10-29 14:50:20: ITM12NEO52RSW241010021028.json successfully integrated to Customer: Bara, Store: 03.
2024-10-29 14:50:20: ITM12NEO52RSW241010133319.json successfully integrated to Customer: Bara, Store: 03.
2024-10-29 14:50:20: ITM12NEO52RSW241010203326.json successfully integrated to Customer: Bara, Store: 03.
2024-10-29 14:50:20: ITM12NEO52RSW241011133403.json successfully integrated to Customer: Bara, Store: 03.
2024-10-29 14:50:21: PRM12NEO52RSW241011135109.json successfully integrated to Customer: Bara, Store: 03.
2024-10-29 14:50:21: ITM12NEO52RSW241011203211.json successfully integrated to Customer: Bara, Store: 03.
2024-10-29 14:50:21: ITM12NEO52RSW241012015630.json successfully integrated to Customer: Bara, Store: 03.
2024-10-29 14:50:21: ITM12NEO52RSW241012133544.json successfully integrated to Customer: Bara, Store: 03.
2024-10-29 14:50:21: ITM12NEO52RSW241012203208.json successfully integrated to Customer: Bara, Store: 03.
2024-10-29 14:50:22: ITM12NEO52RSW241014203237.json successfully integrated to Customer: Bara, Store: 03.
2024-10-29 14:50:22: ITM12NEO52RSW241015020219.json successfully integrated to Customer: Bara, Store: 03.
2024-10-29 14:50:22: ITM12NEO52RSW241015134029.json successfully integrated to Customer: Bara, Store: 03.
2024-10-29 14:50:22: ITM12NEO52RSW241015203208.json successfully integrated to Customer: Bara, Store: 03.
2024-10-29 14:50:22: ITM12NEO52RSW241016015856.json successfully integrated to Customer: Bara, Store: 03.
2024-10-29 14:50:22: ITM12NEO52RSW241016134143.json successfully integrated to Customer: Bara, Store: 03.
2024-10-29 14:50:23: PRM12NEO52RSW241016135015.json successfully integrated to Customer: Bara, Store: 03.
2024-10-29 14:50:23: ITM12NEO52RSW241016203322.json successfully integrated to Customer: Bara, Store: 03.
2024-10-29 14:50:23: ITM12NEO52RSW241017020052.json successfully integrated to Customer: Bara, Store: 03.
2024-10-29 14:50:23: ITM12NEO52RSW241017133410.json successfully integrated to Customer: Bara, Store: 03.
2024-10-29 14:50:23: ITM12NEO52RSW241017203212.json successfully integrated to Customer: Bara, Store: 03.
2024-10-29 14:50:23: ITM12NEO52RSW241018020225.json successfully integrated to Customer: Bara, Store: 03.
2024-10-29 14:50:24: ITM12NEO52RSW241018133215.json successfully integrated to Customer: Bara, Store: 03.
2024-10-29 14:50:24: ITM12NEO52RSW241018203328.json successfully integrated to Customer: Bara, Store: 03.
2024-10-29 14:50:24: ITM12NEO52RSW241019133342.json successfully integrated to Customer: Bara, Store: 03.
2024-10-29 14:50:24: ITM12NEO52RSW241020213303.json successfully integrated to Customer: Bara, Store: 03.
2024-10-29 14:50:24: ITM12NEO52RSW241021143608.json successfully integrated to Customer: Bara, Store: 03.
2024-10-29 14:50:24: ITM12NEO52RSW241021203349.json successfully integrated to Customer: Bara, Store: 03.
2024-10-29 14:50:25: ITM12NEO52RSW241022133757.json successfully integrated to Customer: Bara, Store: 03.
2024-10-29 14:50:25: ITM12NEO52RSW241022175425.json successfully integrated to Customer: Bara, Store: 03.
2024-10-29 14:50:25: ITM12NEO52RSW241022203234.json successfully integrated to Customer: Bara, Store: 03.
2024-10-29 14:50:25: ITM12NEO52RSW241023015751.json successfully integrated to Customer: Bara, Store: 03.
2024-10-29 14:50:25: ITM12NEO52RSW241023133541.json successfully integrated to Customer: Bara, Store: 03.
2024-10-29 14:50:26: ITM12NEO52RSW241023203301.json successfully integrated to Customer: Bara, Store: 03.
2024-10-29 14:50:26: PRM12NEO52RSW241023205029.json successfully integrated to Customer: Bara, Store: 03.
2024-10-29 14:50:26: ITM12NEO52RSW241024015403.json successfully integrated to Customer: Bara, Store: 03.
2024-10-29 14:50:26: ITM12NEO52RSW241024133400.json successfully integrated to Customer: Bara, Store: 03.
2024-10-29 14:50:26: ITM12NEO52RSW241024203301.json successfully integrated to Customer: Bara, Store: 03.
2024-10-29 14:50:26: ITM12NEO52RSW241025015213.json successfully integrated to Customer: Bara, Store: 03.
2024-10-29 14:50:27: ITM12NEO52RSW241025133315.json successfully integrated to Customer: Bara, Store: 03.
2024-10-29 14:50:27: ITM12NEO52RSW241025203224.json successfully integrated to Customer: Bara, Store: 03.
2024-10-29 14:50:27: ITM12NEO52RSW241027133650.json successfully integrated to Customer: Bara, Store: 03.
2024-10-29 14:50:27: ITM12NEO52RSW241028203253.json successfully integrated to Customer: Bara, Store: 03.
2024-10-29 15:45:45: ERROR API request failed to integrate to Customer: , Store: . {
    "code": "X500117",
    "message": "Internal server error has occurred, please try again later."
}
2024-10-29 16:02:08: ITM12NEO52IGZ241029133829.json successfully integrated to Customer: Bara, Store: 02.
2024-10-29 16:02:10: ITM12NEO52RSW241029133827.json successfully integrated to Customer: Bara, Store: 03.
2024-10-29 20:38:28: ITM12NEO52IGZ241029203341.json successfully integrated to Customer: Bara, Store: 02.
2024-10-29 20:38:31: ITM12NEO52RSW241029203339.json successfully integrated to Customer: Bara, Store: 03.
2024-10-29 23:47:13: PRM12NEO52IGZ241029022526.json successfully integrated to Customer: Bara, Store: 02.
2024-10-29 23:47:13: ITM12NEO52IGZ241029133829.json successfully integrated to Customer: Bara, Store: 02.
2024-10-29 23:47:14: PRM12NEO52IGZ241029135151.json successfully integrated to Customer: Bara, Store: 02.
2024-10-29 23:47:14: ITM12NEO52IGZ241029203341.json successfully integrated to Customer: Bara, Store: 02.
2024-10-29 23:47:20: PRM12NEO52RSW241029022521.json successfully integrated to Customer: Bara, Store: 03.
2024-10-29 23:47:20: ITM12NEO52RSW241029133827.json successfully integrated to Customer: Bara, Store: 03.
2024-10-29 23:47:20: PRM12NEO52RSW241029135150.json successfully integrated to Customer: Bara, Store: 03.
2024-10-29 23:47:20: ITM12NEO52RSW241029203339.json successfully integrated to Customer: Bara, Store: 03.
2024-10-29 23:47:21: PRM12NEO52RSW241029204936.json successfully integrated to Customer: Bara, Store: 03.
