2024-12-06 00:00:55: PRM12NEO52DUG241205135028.json successfully integrated to Customer: Bara, Store: 02.
2024-12-06 00:00:55: PRM12NEO52DUG241205204803.json successfully integrated to Customer: Bara, Store: 02.
2024-12-06 00:01:00: PRM12NEO52RSW241205135027.json successfully integrated to Customer: Bara, Store: 03.
2024-12-06 00:01:00: PRM12NEO52RSW241205204805.json successfully integrated to Customer: Bara, Store: 03.
2024-12-06 04:20:39: ERROR API request failed to integrate to Customer: , Store: . {
    "code": "X500113",
    "message": "Internal server error has occurred, please try again later."
}
2024-12-06 04:20:46: ERROR API request failed to integrate to Customer: , Store: . {
    "code": "X500113",
    "message": "Internal server error has occurred, please try again later."
}
2024-12-06 04:20:53: ERROR API request failed to integrate to Customer: , Store: . {
    "code": "X500113",
    "message": "Internal server error has occurred, please try again later."
}
2024-12-06 04:21:00: ERROR API request failed to integrate to Customer: , Store: . {
    "code": "X500113",
    "message": "Internal server error has occurred, please try again later."
}
2024-12-06 04:21:07: ERROR API request failed to integrate to Customer: , Store: . {
    "code": "X500113",
    "message": "Internal server error has occurred, please try again later."
}
2024-12-06 04:21:14: ERROR API request failed to integrate to Customer: , Store: . {
    "code": "X500113",
    "message": "Internal server error has occurred, please try again later."
}
2024-12-06 04:21:20: ERROR API request failed to integrate to Customer: , Store: . {
    "code": "X500113",
    "message": "Internal server error has occurred, please try again later."
}
2024-12-06 04:21:25: ERROR API request failed to integrate to Customer: , Store: . {
    "code": "X500113",
    "message": "Internal server error has occurred, please try again later."
}
2024-12-06 04:21:31: ERROR API request failed to integrate to Customer: , Store: . {
    "code": "X500113",
    "message": "Internal server error has occurred, please try again later."
}
2024-12-06 04:21:37: ERROR API request failed to integrate to Customer: , Store: . {
    "code": "X500113",
    "message": "Internal server error has occurred, please try again later."
}
2024-12-06 04:21:37: ERROR Store 02 Integration failed to integrate to Customer: , Store: . Request failed.
2024-12-06 04:21:38: ERROR API request failed to integrate to Customer: , Store: . {
    "code": "X500113",
    "message": "Internal server error has occurred, please try again later."
}
2024-12-06 12:21:13: ERROR API request failed to integrate to Customer: , Store: . {
    "code": "X500113",
    "message": "Internal server error has occurred, please try again later."
}
2024-12-06 12:21:20: ERROR API request failed to integrate to Customer: , Store: . {
    "code": "X500113",
    "message": "Internal server error has occurred, please try again later."
}
2024-12-06 12:21:26: ERROR API request failed to integrate to Customer: , Store: . {
    "code": "X500113",
    "message": "Internal server error has occurred, please try again later."
}
2024-12-06 12:21:32: ERROR API request failed to integrate to Customer: , Store: . {
    "code": "X500113",
    "message": "Internal server error has occurred, please try again later."
}
2024-12-06 12:21:38: ERROR API request failed to integrate to Customer: , Store: . {
    "code": "X500113",
    "message": "Internal server error has occurred, please try again later."
}
2024-12-06 13:37:07: ITM12NEO52DUG241206133318.json successfully integrated to Customer: Bara, Store: 02.
2024-12-06 13:37:11: ITM12NEO52RSW241206133316.json successfully integrated to Customer: Bara, Store: 03.
